2015-03-25 01:53:18.475+0000 WARN  [o.n.k.i.JvmChecker]: You are using an unsupported version of the Java runtime. Please use Oracle(R) Java(TM) Runtime Environment 7 or OpenJDK(TM) 7.
2015-03-25 01:53:18.540+0000 INFO  [o.n.s.CommunityNeoServer]: Setting startup timeout to: 120000ms based on 120000
2015-03-25 01:53:18.657+0000 WARN  [o.n.k.EmbeddedGraphDatabase]: You are using an unsupported version of the Java runtime. Please use Oracle(R) Java(TM) Runtime Environment 7 or OpenJDK(TM) 7.
2015-03-25 01:53:18.695+0000 INFO  [o.n.k.InternalAbstractGraphDatabase]: No locking implementation specified, defaulting to 'community'
2015-03-25 01:53:18.773+0000 INFO  [o.n.k.i.DiagnosticsManager]: --- INITIALIZED diagnostics START ---
2015-03-25 01:53:18.775+0000 INFO  [o.n.k.i.DiagnosticsManager]: Neo4j Kernel properties:
2015-03-25 01:53:18.778+0000 INFO  [o.n.k.i.DiagnosticsManager]: remote_shell_enabled=true
2015-03-25 01:53:18.778+0000 INFO  [o.n.k.i.DiagnosticsManager]: store_dir=/Users/jiechen/Google Drive/Eclipse-Luna/neo4j-community-2.2.0-M02/NewVersion
2015-03-25 01:53:18.779+0000 INFO  [o.n.k.i.DiagnosticsManager]: Diagnostics providers:
2015-03-25 01:53:18.779+0000 INFO  [o.n.k.i.DiagnosticsManager]: org.neo4j.kernel.configuration.Config
2015-03-25 01:53:18.779+0000 INFO  [o.n.k.i.DiagnosticsManager]: org.neo4j.kernel.info.DiagnosticsManager
2015-03-25 01:53:18.779+0000 INFO  [o.n.k.i.DiagnosticsManager]: SYSTEM_MEMORY
2015-03-25 01:53:18.779+0000 INFO  [o.n.k.i.DiagnosticsManager]: JAVA_MEMORY
2015-03-25 01:53:18.779+0000 INFO  [o.n.k.i.DiagnosticsManager]: OPERATING_SYSTEM
2015-03-25 01:53:18.779+0000 INFO  [o.n.k.i.DiagnosticsManager]: JAVA_VIRTUAL_MACHINE
2015-03-25 01:53:18.779+0000 INFO  [o.n.k.i.DiagnosticsManager]: CLASSPATH
2015-03-25 01:53:18.779+0000 INFO  [o.n.k.i.DiagnosticsManager]: LIBRARY_PATH
2015-03-25 01:53:18.779+0000 INFO  [o.n.k.i.DiagnosticsManager]: SYSTEM_PROPERTIES
2015-03-25 01:53:18.779+0000 INFO  [o.n.k.i.DiagnosticsManager]: NETWORK
2015-03-25 01:53:18.779+0000 INFO  [o.n.k.i.DiagnosticsManager]: System memory information:
2015-03-25 01:53:18.784+0000 INFO  [o.n.k.i.DiagnosticsManager]: Total Physical memory: 8.00 GB
2015-03-25 01:53:18.784+0000 INFO  [o.n.k.i.DiagnosticsManager]: Free Physical memory: 1.58 GB
2015-03-25 01:53:18.784+0000 INFO  [o.n.k.i.DiagnosticsManager]: Committed virtual memory: 5.73 GB
2015-03-25 01:53:18.785+0000 INFO  [o.n.k.i.DiagnosticsManager]: Total swap space: 2.00 GB
2015-03-25 01:53:18.785+0000 INFO  [o.n.k.i.DiagnosticsManager]: Free swap space: 877.75 MB
2015-03-25 01:53:18.786+0000 INFO  [o.n.k.i.DiagnosticsManager]: JVM memory information:
2015-03-25 01:53:18.786+0000 INFO  [o.n.k.i.DiagnosticsManager]: Free  memory: 87.47 MB
2015-03-25 01:53:18.786+0000 INFO  [o.n.k.i.DiagnosticsManager]: Total memory: 123.75 MB
2015-03-25 01:53:18.786+0000 INFO  [o.n.k.i.DiagnosticsManager]: Max   memory: 1.97 GB
2015-03-25 01:53:18.791+0000 INFO  [o.n.k.i.DiagnosticsManager]: Garbage Collector: ParNew: [Par Eden Space, Par Survivor Space]
2015-03-25 01:53:18.791+0000 INFO  [o.n.k.i.DiagnosticsManager]: Garbage Collector: ConcurrentMarkSweep: [Par Eden Space, Par Survivor Space, CMS Old Gen]
2015-03-25 01:53:18.792+0000 INFO  [o.n.k.i.DiagnosticsManager]: Memory Pool: Code Cache (Non-heap memory): committed=3.63 MB, used=3.58 MB, max=240.00 MB, threshold=0.00 B
2015-03-25 01:53:18.793+0000 INFO  [o.n.k.i.DiagnosticsManager]: Memory Pool: Metaspace (Non-heap memory): committed=13.00 MB, used=12.63 MB, max=-1.00 B, threshold=0.00 B
2015-03-25 01:53:18.793+0000 INFO  [o.n.k.i.DiagnosticsManager]: Memory Pool: Compressed Class Space (Non-heap memory): committed=1.75 MB, used=1.67 MB, max=1.00 GB, threshold=0.00 B
2015-03-25 01:53:18.794+0000 INFO  [o.n.k.i.DiagnosticsManager]: Memory Pool: Par Eden Space (Heap memory): committed=34.13 MB, used=31.47 MB, max=266.25 MB, threshold=?
2015-03-25 01:53:18.794+0000 INFO  [o.n.k.i.DiagnosticsManager]: Memory Pool: Par Survivor Space (Heap memory): committed=4.25 MB, used=4.25 MB, max=33.25 MB, threshold=?
2015-03-25 01:53:18.795+0000 INFO  [o.n.k.i.DiagnosticsManager]: Memory Pool: CMS Old Gen (Heap memory): committed=85.38 MB, used=578.41 kB, max=1.68 GB, threshold=0.00 B
2015-03-25 01:53:18.795+0000 INFO  [o.n.k.i.DiagnosticsManager]: Operating system information:
2015-03-25 01:53:18.796+0000 INFO  [o.n.k.i.DiagnosticsManager]: Operating System: Mac OS X; version: 10.9.4; arch: x86_64; cpus: 4
2015-03-25 01:53:18.796+0000 INFO  [o.n.k.i.DiagnosticsManager]: Max number of file descriptors: 10240
2015-03-25 01:53:18.797+0000 INFO  [o.n.k.i.DiagnosticsManager]: Number of open file descriptors: 90
2015-03-25 01:53:18.797+0000 INFO  [o.n.k.i.DiagnosticsManager]: Process id: 73152@JIEs-MacBook-Pro.local
2015-03-25 01:53:18.797+0000 INFO  [o.n.k.i.DiagnosticsManager]: Byte order: LITTLE_ENDIAN
2015-03-25 01:53:18.797+0000 INFO  [o.n.k.i.DiagnosticsManager]: Local timezone: America/New_York
2015-03-25 01:53:18.797+0000 INFO  [o.n.k.i.DiagnosticsManager]: JVM information:
2015-03-25 01:53:18.797+0000 INFO  [o.n.k.i.DiagnosticsManager]: VM Name: Java HotSpot(TM) 64-Bit Server VM
2015-03-25 01:53:18.797+0000 INFO  [o.n.k.i.DiagnosticsManager]: VM Vendor: Oracle Corporation
2015-03-25 01:53:18.797+0000 INFO  [o.n.k.i.DiagnosticsManager]: VM Version: 25.20-b23
2015-03-25 01:53:18.798+0000 INFO  [o.n.k.i.DiagnosticsManager]: JIT compiler: HotSpot 64-Bit Tiered Compilers
2015-03-25 01:53:18.799+0000 INFO  [o.n.k.i.DiagnosticsManager]: VM Arguments: [-XX:+DisableExplicitGC, -Dorg.neo4j.server.properties=conf/neo4j-server.properties, -Djava.util.logging.config.file=conf/logging.properties, -Dlog4j.configuration=file:conf/log4j.properties, -XX:+UseConcMarkSweepGC, -XX:+CMSClassUnloadingEnabled, -XX:-OmitStackTraceInFastThrow, -Dneo4j.home=/Users/jiechen/Google Drive/Eclipse-Luna/neo4j-community-2.2.0-M02, -Dneo4j.instance=/Users/jiechen/Google Drive/Eclipse-Luna/neo4j-community-2.2.0-M02, -Dfile.encoding=UTF-8]
2015-03-25 01:53:18.799+0000 INFO  [o.n.k.i.DiagnosticsManager]: Java classpath:
2015-03-25 01:53:18.808+0000 INFO  [o.n.k.i.DiagnosticsManager]:  [classpath] /Users/jiechen/Google Drive/Eclipse-Luna/neo4j-community-2.2.0-M02/system/lib/jetty-io-9.2.1.v20140609.jar
2015-03-25 01:53:18.808+0000 INFO  [o.n.k.i.DiagnosticsManager]:  [loader.1] file:/System/Library/Java/Extensions/QTJava.zip
2015-03-25 01:53:18.808+0000 INFO  [o.n.k.i.DiagnosticsManager]:  [classpath] /Users/jiechen/Google Drive/Eclipse-Luna/neo4j-community-2.2.0-M02/lib/neo4j-shell-2.2.0-M02.jar
2015-03-25 01:53:18.808+0000 INFO  [o.n.k.i.DiagnosticsManager]:  [classpath] /Users/jiechen/Google Drive/Eclipse-Luna/neo4j-community-2.2.0-M02/system/lib/jersey-core-1.18.1.jar
2015-03-25 01:53:18.808+0000 INFO  [o.n.k.i.DiagnosticsManager]:  [loader.0] file:/Users/jiechen/Google%20Drive/Eclipse-Luna/neo4j-community-2.2.0-M02/lib/neo4j-graph-algo-2.2.0-M02.jar
2015-03-25 01:53:18.808+0000 INFO  [o.n.k.i.DiagnosticsManager]:  [classpath] /Users/jiechen/Google Drive/Eclipse-Luna/neo4j-community-2.2.0-M02/system/lib/neo4j-server-2.2.0-M02-static-web.jar
2015-03-25 01:53:18.808+0000 INFO  [o.n.k.i.DiagnosticsManager]:  [bootstrap] /Library/Java/JavaVirtualMachines/jdk1.8.0_20.jdk/Contents/Home/jre/lib/rt.jar
2015-03-25 01:53:18.808+0000 INFO  [o.n.k.i.DiagnosticsManager]:  [classpath] /Users/jiechen/Google Drive/Eclipse-Luna/neo4j-community-2.2.0-M02/system/lib/logback-core-1.1.2.jar
2015-03-25 01:53:18.808+0000 INFO  [o.n.k.i.DiagnosticsManager]:  [classpath] /Users/jiechen/Google Drive/Eclipse-Luna/neo4j-community-2.2.0-M02/system/lib/commons-digester-2.1.jar
2015-03-25 01:53:18.808+0000 INFO  [o.n.k.i.DiagnosticsManager]:  [bootstrap] /Library/Java/JavaVirtualMachines/jdk1.8.0_20.jdk/Contents/Home/jre/lib/jce.jar
2015-03-25 01:53:18.808+0000 INFO  [o.n.k.i.DiagnosticsManager]:  [loader.0] file:/Users/jiechen/Google%20Drive/Eclipse-Luna/neo4j-community-2.2.0-M02/lib/neo4j-shell-2.2.0-M02.jar
2015-03-25 01:53:18.808+0000 INFO  [o.n.k.i.DiagnosticsManager]:  [loader.1] file:/Library/Java/JavaVirtualMachines/jdk1.8.0_20.jdk/Contents/Home/jre/lib/ext/localedata.jar
2015-03-25 01:53:18.808+0000 INFO  [o.n.k.i.DiagnosticsManager]:  [loader.0] file:/Users/jiechen/Google%20Drive/Eclipse-Luna/neo4j-community-2.2.0-M02/system/lib/logback-access-1.1.2.jar
2015-03-25 01:53:18.808+0000 INFO  [o.n.k.i.DiagnosticsManager]:  [classpath] /Users/jiechen/Google Drive/Eclipse-Luna/neo4j-community-2.2.0-M02/system/lib/commons-logging-1.1.1.jar
2015-03-25 01:53:18.809+0000 INFO  [o.n.k.i.DiagnosticsManager]:  [classpath] /Users/jiechen/Google Drive/Eclipse-Luna/neo4j-community-2.2.0-M02/lib/neo4j-jmx-2.2.0-M02.jar
2015-03-25 01:53:18.809+0000 INFO  [o.n.k.i.DiagnosticsManager]:  [loader.1] file:/Library/Java/JavaVirtualMachines/jdk1.8.0_20.jdk/Contents/Home/jre/lib/ext/cldrdata.jar
2015-03-25 01:53:18.809+0000 INFO  [o.n.k.i.DiagnosticsManager]:  [classpath] /Users/jiechen/Google Drive/Eclipse-Luna/neo4j-community-2.2.0-M02/lib/server-api-2.2.0-M02.jar
2015-03-25 01:53:18.809+0000 INFO  [o.n.k.i.DiagnosticsManager]:  [loader.0] file:/Users/jiechen/Google%20Drive/Eclipse-Luna/neo4j-community-2.2.0-M02/lib/org.apache.servicemix.bundles.jline-0.9.94_1.jar
2015-03-25 01:53:18.809+0000 INFO  [o.n.k.i.DiagnosticsManager]:  [loader.0] file:/Users/jiechen/Google%20Drive/Eclipse-Luna/neo4j-community-2.2.0-M02/system/lib/jetty-server-9.2.1.v20140609.jar
2015-03-25 01:53:18.809+0000 INFO  [o.n.k.i.DiagnosticsManager]:  [classpath] /Users/jiechen/Google Drive/Eclipse-Luna/neo4j-community-2.2.0-M02/lib/neo4j-cypher-compiler-2.1-2.1.6.jar
2015-03-25 01:53:18.809+0000 INFO  [o.n.k.i.DiagnosticsManager]:  [loader.1] file:/Library/Java/JavaVirtualMachines/jdk1.8.0_20.jdk/Contents/Home/jre/lib/ext/sunpkcs11.jar
2015-03-25 01:53:18.809+0000 INFO  [o.n.k.i.DiagnosticsManager]:  [classpath] /Users/jiechen/Google Drive/Eclipse-Luna/neo4j-community-2.2.0-M02/system/lib/rrd4j-2.2.jar
2015-03-25 01:53:18.809+0000 INFO  [o.n.k.i.DiagnosticsManager]:  [loader.0] file:/Users/jiechen/Google%20Drive/Eclipse-Luna/neo4j-community-2.2.0-M02/lib/neo4j-consistency-check-2.2.0-M02.jar
2015-03-25 01:53:18.809+0000 INFO  [o.n.k.i.DiagnosticsManager]:  [loader.0] file:/Users/jiechen/Google%20Drive/Eclipse-Luna/neo4j-community-2.2.0-M02/system/lib/jetty-util-9.2.1.v20140609.jar
2015-03-25 01:53:18.809+0000 INFO  [o.n.k.i.DiagnosticsManager]:  [loader.0] file:/Users/jiechen/Google%20Drive/Eclipse-Luna/neo4j-community-2.2.0-M02/system/lib/commons-compiler-2.6.1.jar
2015-03-25 01:53:18.809+0000 INFO  [o.n.k.i.DiagnosticsManager]:  [classpath] /Users/jiechen/Google Drive/Eclipse-Luna/neo4j-community-2.2.0-M02/lib/lucene-core-3.6.2.jar
2015-03-25 01:53:18.812+0000 INFO  [o.n.k.i.DiagnosticsManager]:  [classpath] /Users/jiechen/Google Drive/Eclipse-Luna/neo4j-community-2.2.0-M02/system/lib/neo4j-server-2.2.0-M02.jar
2015-03-25 01:53:18.812+0000 INFO  [o.n.k.i.DiagnosticsManager]:  [loader.0] file:/Users/jiechen/Google%20Drive/Eclipse-Luna/neo4j-community-2.2.0-M02/lib/neo4j-cypher-2.2.0-M02.jar
2015-03-25 01:53:18.812+0000 INFO  [o.n.k.i.DiagnosticsManager]:  [loader.0] file:/Users/jiechen/Google%20Drive/Eclipse-Luna/neo4j-community-2.2.0-M02/system/lib/jackson-core-asl-1.9.13.jar
2015-03-25 01:53:18.812+0000 INFO  [o.n.k.i.DiagnosticsManager]:  [classpath] /Users/jiechen/Google Drive/Eclipse-Luna/neo4j-community-2.2.0-M02/system/lib/jetty-webapp-9.2.1.v20140609.jar
2015-03-25 01:53:18.812+0000 INFO  [o.n.k.i.DiagnosticsManager]:  [loader.0] file:/Users/jiechen/Google%20Drive/Eclipse-Luna/neo4j-community-2.2.0-M02/system/lib/jackson-mapper-asl-1.9.13.jar
2015-03-25 01:53:18.812+0000 INFO  [o.n.k.i.DiagnosticsManager]:  [classpath] /Users/jiechen/Google Drive/Eclipse-Luna/neo4j-community-2.2.0-M02/lib/concurrentlinkedhashmap-lru-1.4.jar
2015-03-25 01:53:18.812+0000 INFO  [o.n.k.i.DiagnosticsManager]:  [loader.0] file:/Users/jiechen/Google%20Drive/Eclipse-Luna/neo4j-community-2.2.0-M02/system/lib/commons-beanutils-1.8.3.jar
2015-03-25 01:53:18.812+0000 INFO  [o.n.k.i.DiagnosticsManager]:  [classpath] /Users/jiechen/Google Drive/Eclipse-Luna/neo4j-community-2.2.0-M02/system/lib/jsr311-api-1.1.2.r612.jar
2015-03-25 01:53:18.812+0000 INFO  [o.n.k.i.DiagnosticsManager]:  [classpath] /Users/jiechen/Google Drive/Eclipse-Luna/neo4j-community-2.2.0-M02/lib/parboiled-scala_2.10-1.1.6.jar
2015-03-25 01:53:18.812+0000 INFO  [o.n.k.i.DiagnosticsManager]:  [classpath] /Users/jiechen/Google Drive/Eclipse-Luna/neo4j-community-2.2.0-M02/system/lib/jetty-security-9.2.1.v20140609.jar
2015-03-25 01:53:18.812+0000 INFO  [o.n.k.i.DiagnosticsManager]:  [classpath] /Users/jiechen/Google Drive/Eclipse-Luna/neo4j-community-2.2.0-M02/system/lib/logback-access-1.1.2.jar
2015-03-25 01:53:18.812+0000 INFO  [o.n.k.i.DiagnosticsManager]:  [loader.0] file:/Users/jiechen/Google%20Drive/Eclipse-Luna/neo4j-community-2.2.0-M02/system/lib/logback-classic-1.1.2.jar
2015-03-25 01:53:18.812+0000 INFO  [o.n.k.i.DiagnosticsManager]:  [classpath] /Users/jiechen/Google Drive/Eclipse-Luna/neo4j-community-2.2.0-M02/system/lib/jetty-xml-9.2.1.v20140609.jar
2015-03-25 01:53:18.812+0000 INFO  [o.n.k.i.DiagnosticsManager]:  [loader.0] file:/Users/jiechen/Google%20Drive/Eclipse-Luna/neo4j-community-2.2.0-M02/lib/neo4j-kernel-2.2.0-M02.jar
2015-03-25 01:53:18.812+0000 INFO  [o.n.k.i.DiagnosticsManager]:  [loader.0] file:/Users/jiechen/Google%20Drive/Eclipse-Luna/neo4j-community-2.2.0-M02/system/lib/jetty-security-9.2.1.v20140609.jar
2015-03-25 01:53:18.812+0000 INFO  [o.n.k.i.DiagnosticsManager]:  [classpath] /Users/jiechen/Google Drive/Eclipse-Luna/neo4j-community-2.2.0-M02/lib/neo4j-import-tool-2.2.0-M02.jar
2015-03-25 01:53:18.812+0000 INFO  [o.n.k.i.DiagnosticsManager]:  [classpath] /Users/jiechen/Google Drive/Eclipse-Luna/neo4j-community-2.2.0-M02/lib/neo4j-udc-2.2.0-M02.jar
2015-03-25 01:53:18.812+0000 INFO  [o.n.k.i.DiagnosticsManager]:  [loader.0] file:/Users/jiechen/Google%20Drive/Eclipse-Luna/neo4j-community-2.2.0-M02/system/lib/jetty-webapp-9.2.1.v20140609.jar
2015-03-25 01:53:18.813+0000 INFO  [o.n.k.i.DiagnosticsManager]:  [classpath] /Users/jiechen/Google Drive/Eclipse-Luna/neo4j-community-2.2.0-M02/system/lib/scala-reflect-2.10.4.jar
2015-03-25 01:53:18.813+0000 INFO  [o.n.k.i.DiagnosticsManager]:  [loader.0] file:/Users/jiechen/Google%20Drive/Eclipse-Luna/neo4j-community-2.2.0-M02/lib/neo4j-udc-2.2.0-M02.jar
2015-03-25 01:53:18.813+0000 INFO  [o.n.k.i.DiagnosticsManager]:  [loader.1] file:/System/Library/Java/Extensions/j3daudio.jar
2015-03-25 01:53:18.813+0000 INFO  [o.n.k.i.DiagnosticsManager]:  [classpath] /Users/jiechen/Google Drive/Eclipse-Luna/neo4j-community-2.2.0-M02/system/lib/jetty-server-9.2.1.v20140609.jar
2015-03-25 01:53:18.813+0000 INFO  [o.n.k.i.DiagnosticsManager]:  [loader.1] file:/System/Library/Java/Extensions/j3dutils.jar
2015-03-25 01:53:18.813+0000 INFO  [o.n.k.i.DiagnosticsManager]:  [loader.1] file:/System/Library/Java/Extensions/jai_codec.jar
2015-03-25 01:53:18.813+0000 INFO  [o.n.k.i.DiagnosticsManager]:  [classpath] /Users/jiechen/Google Drive/Eclipse-Luna/neo4j-community-2.2.0-M02/system/lib/jersey-multipart-1.18.1.jar
2015-03-25 01:53:18.813+0000 INFO  [o.n.k.i.DiagnosticsManager]:  [loader.1] file:/Library/Java/JavaVirtualMachines/jdk1.8.0_20.jdk/Contents/Home/jre/lib/ext/sunjce_provider.jar
2015-03-25 01:53:18.813+0000 INFO  [o.n.k.i.DiagnosticsManager]:  [loader.0] file:/Users/jiechen/Google%20Drive/Eclipse-Luna/neo4j-community-2.2.0-M02/lib/neo4j-cypher-compiler-2.2-2.2.0-M02.jar
2015-03-25 01:53:18.813+0000 INFO  [o.n.k.i.DiagnosticsManager]:  [loader.0] file:/Users/jiechen/Google%20Drive/Eclipse-Luna/neo4j-community-2.2.0-M02/lib/opencsv-2.3.jar
2015-03-25 01:53:18.813+0000 INFO  [o.n.k.i.DiagnosticsManager]:  [loader.0] file:/Users/jiechen/Google%20Drive/Eclipse-Luna/neo4j-community-2.2.0-M02/system/lib/commons-io-2.4.jar
2015-03-25 01:53:18.813+0000 INFO  [o.n.k.i.DiagnosticsManager]:  [loader.0] file:/Users/jiechen/Google%20Drive/Eclipse-Luna/neo4j-community-2.2.0-M02/lib/parboiled-core-1.1.6.jar
2015-03-25 01:53:18.813+0000 INFO  [o.n.k.i.DiagnosticsManager]:  [classpath] /Users/jiechen/Google Drive/Eclipse-Luna/neo4j-community-2.2.0-M02/system/lib/commons-lang-2.6.jar
2015-03-25 01:53:18.813+0000 INFO  [o.n.k.i.DiagnosticsManager]:  [classpath] /Users/jiechen/Google Drive/Eclipse-Luna/neo4j-community-2.2.0-M02/lib/neo4j-csv-2.2.0-M02.jar
2015-03-25 01:53:18.813+0000 INFO  [o.n.k.i.DiagnosticsManager]:  [classpath] /Users/jiechen/Google Drive/Eclipse-Luna/neo4j-community-2.2.0-M02/system/lib/commons-io-2.4.jar
2015-03-25 01:53:18.813+0000 INFO  [o.n.k.i.DiagnosticsManager]:  [loader.0] file:/Users/jiechen/Google%20Drive/Eclipse-Luna/neo4j-community-2.2.0-M02/lib/neo4j-csv-2.2.0-M02.jar
2015-03-25 01:53:18.813+0000 INFO  [o.n.k.i.DiagnosticsManager]:  [classpath] /Users/jiechen/Google Drive/Eclipse-Luna/neo4j-community-2.2.0-M02/lib/scala-library-2.10.4.jar
2015-03-25 01:53:18.813+0000 INFO  [o.n.k.i.DiagnosticsManager]:  [classpath] /Users/jiechen/Google Drive/Eclipse-Luna/neo4j-community-2.2.0-M02/lib/opencsv-2.3.jar
2015-03-25 01:53:18.813+0000 INFO  [o.n.k.i.DiagnosticsManager]:  [loader.0] file:/Users/jiechen/Google%20Drive/Eclipse-Luna/neo4j-community-2.2.0-M02/system/lib/neo4j-server-2.2.0-M02-static-web.jar
2015-03-25 01:53:18.813+0000 INFO  [o.n.k.i.DiagnosticsManager]:  [loader.0] file:/Users/jiechen/Google%20Drive/Eclipse-Luna/neo4j-community-2.2.0-M02/system/lib/jackson-jaxrs-1.9.13.jar
2015-03-25 01:53:18.813+0000 INFO  [o.n.k.i.DiagnosticsManager]:  [loader.1] file:/System/Library/Java/Extensions/libmlib_jai.jnilib
2015-03-25 01:53:18.813+0000 INFO  [o.n.k.i.DiagnosticsManager]:  [classpath] /Users/jiechen/Google Drive/Eclipse-Luna/neo4j-community-2.2.0-M02/lib/neo4j-kernel-2.2.0-M02.jar
2015-03-25 01:53:18.813+0000 INFO  [o.n.k.i.DiagnosticsManager]:  [loader.0] file:/Users/jiechen/Google%20Drive/Eclipse-Luna/neo4j-community-2.2.0-M02/lib/parboiled-scala_2.10-1.1.6.jar
2015-03-25 01:53:18.813+0000 INFO  [o.n.k.i.DiagnosticsManager]:  [bootstrap] /Library/Java/JavaVirtualMachines/jdk1.8.0_20.jdk/Contents/Home/jre/classes
2015-03-25 01:53:18.814+0000 INFO  [o.n.k.i.DiagnosticsManager]:  [classpath] /Users/jiechen/Google Drive/Eclipse-Luna/neo4j-community-2.2.0-M02/system/lib/janino-2.6.1.jar
2015-03-25 01:53:18.814+0000 INFO  [o.n.k.i.DiagnosticsManager]:  [classpath] /Users/jiechen/Google Drive/Eclipse-Luna/neo4j-community-2.2.0-M02/system/lib/neo4j-browser-2.2.0-M02.jar
2015-03-25 01:53:18.814+0000 INFO  [o.n.k.i.DiagnosticsManager]:  [loader.0] file:/Users/jiechen/Google%20Drive/Eclipse-Luna/neo4j-community-2.2.0-M02/conf/
2015-03-25 01:53:18.814+0000 INFO  [o.n.k.i.DiagnosticsManager]:  [loader.0] file:/Users/jiechen/Google%20Drive/Eclipse-Luna/neo4j-community-2.2.0-M02/system/lib/janino-2.6.1.jar
2015-03-25 01:53:18.814+0000 INFO  [o.n.k.i.DiagnosticsManager]:  [classpath] /Users/jiechen/Google Drive/Eclipse-Luna/neo4j-community-2.2.0-M02/system/lib/mimepull-1.9.3.jar
2015-03-25 01:53:18.814+0000 INFO  [o.n.k.i.DiagnosticsManager]:  [loader.1] file:/Library/Java/JavaVirtualMachines/jdk1.8.0_20.jdk/Contents/Home/jre/lib/ext/sunec.jar
2015-03-25 01:53:18.814+0000 INFO  [o.n.k.i.DiagnosticsManager]:  [bootstrap] /Library/Java/JavaVirtualMachines/jdk1.8.0_20.jdk/Contents/Home/jre/lib/resources.jar
2015-03-25 01:53:18.814+0000 INFO  [o.n.k.i.DiagnosticsManager]:  [loader.0] file:/Users/jiechen/Google%20Drive/Eclipse-Luna/neo4j-community-2.2.0-M02/system/lib/javax.servlet-api-3.1.0.jar
2015-03-25 01:53:18.814+0000 INFO  [o.n.k.i.DiagnosticsManager]:  [loader.1] file:/System/Library/Java/Extensions/libJ3DAudio.jnilib
2015-03-25 01:53:18.814+0000 INFO  [o.n.k.i.DiagnosticsManager]:  [loader.0] file:/Users/jiechen/Google%20Drive/Eclipse-Luna/neo4j-community-2.2.0-M02/lib/neo4j-import-tool-2.2.0-M02.jar
2015-03-25 01:53:18.814+0000 INFO  [o.n.k.i.DiagnosticsManager]:  [loader.0] file:/Users/jiechen/Google%20Drive/Eclipse-Luna/neo4j-community-2.2.0-M02/system/lib/mimepull-1.9.3.jar
2015-03-25 01:53:18.814+0000 INFO  [o.n.k.i.DiagnosticsManager]:  [loader.0] file:/Users/jiechen/Google%20Drive/Eclipse-Luna/neo4j-community-2.2.0-M02/lib/scala-library-2.10.4.jar
2015-03-25 01:53:18.814+0000 INFO  [o.n.k.i.DiagnosticsManager]:  [classpath] /Users/jiechen/Google Drive/Eclipse-Luna/neo4j-community-2.2.0-M02/lib/neo4j-primitive-collections-2.2.0-M02.jar
2015-03-25 01:53:18.814+0000 INFO  [o.n.k.i.DiagnosticsManager]:  [loader.1] file:/System/Library/Java/Extensions/jai_core.jar
2015-03-25 01:53:18.814+0000 INFO  [o.n.k.i.DiagnosticsManager]:  [classpath] /Users/jiechen/Google Drive/Eclipse-Luna/neo4j-community-2.2.0-M02/system/lib/jetty-http-9.2.1.v20140609.jar
2015-03-25 01:53:18.814+0000 INFO  [o.n.k.i.DiagnosticsManager]:  [loader.1] file:/System/Library/Java/Extensions/libQTJNative.jnilib
2015-03-25 01:53:18.814+0000 INFO  [o.n.k.i.DiagnosticsManager]:  [classpath] /Users/jiechen/Google Drive/Eclipse-Luna/neo4j-community-2.2.0-M02/lib/neo4j-cypher-compiler-1.9-2.0.4.jar
2015-03-25 01:53:18.814+0000 INFO  [o.n.k.i.DiagnosticsManager]:  [loader.0] file:/Users/jiechen/Google%20Drive/Eclipse-Luna/neo4j-community-2.2.0-M02/lib/neo4j-graph-matching-2.2.0-M02.jar
2015-03-25 01:53:18.814+0000 INFO  [o.n.k.i.DiagnosticsManager]:  [loader.0] file:/Users/jiechen/Google%20Drive/Eclipse-Luna/neo4j-community-2.2.0-M02/lib/neo4j-cypher-compiler-2.1-2.1.6.jar
2015-03-25 01:53:18.814+0000 INFO  [o.n.k.i.DiagnosticsManager]:  [bootstrap] /Library/Java/JavaVirtualMachines/jdk1.8.0_20.jdk/Contents/Home/jre/lib/jfr.jar
2015-03-25 01:53:18.814+0000 INFO  [o.n.k.i.DiagnosticsManager]:  [classpath] /Users/jiechen/Google Drive/Eclipse-Luna/neo4j-community-2.2.0-M02/system/lib/rhino-1.7R4.jar
2015-03-25 01:53:18.814+0000 INFO  [o.n.k.i.DiagnosticsManager]:  [classpath] /Users/jiechen/Google Drive/Eclipse-Luna/neo4j-community-2.2.0-M02/conf
2015-03-25 01:53:18.815+0000 INFO  [o.n.k.i.DiagnosticsManager]:  [classpath] /Users/jiechen/Google Drive/Eclipse-Luna/neo4j-community-2.2.0-M02/lib/parboiled-core-1.1.6.jar
2015-03-25 01:53:18.815+0000 INFO  [o.n.k.i.DiagnosticsManager]:  [loader.0] file:/Users/jiechen/Google%20Drive/Eclipse-Luna/neo4j-community-2.2.0-M02/system/lib/commons-lang-2.6.jar
2015-03-25 01:53:18.815+0000 INFO  [o.n.k.i.DiagnosticsManager]:  [bootstrap] /Library/Java/JavaVirtualMachines/jdk1.8.0_20.jdk/Contents/Home/jre/lib/jsse.jar
2015-03-25 01:53:18.815+0000 INFO  [o.n.k.i.DiagnosticsManager]:  [classpath] /Users/jiechen/Google Drive/Eclipse-Luna/neo4j-community-2.2.0-M02/lib/neo4j-cypher-compiler-2.2-2.2.0-M02.jar
2015-03-25 01:53:18.815+0000 INFO  [o.n.k.i.DiagnosticsManager]:  [loader.1] file:/System/Library/Java/Extensions/vecmath.jar
2015-03-25 01:53:18.815+0000 INFO  [o.n.k.i.DiagnosticsManager]:  [loader.0] file:/Users/jiechen/Google%20Drive/Eclipse-Luna/neo4j-community-2.2.0-M02/lib/neo4j-jmx-2.2.0-M02.jar
2015-03-25 01:53:18.815+0000 INFO  [o.n.k.i.DiagnosticsManager]:  [loader.0] file:/Users/jiechen/Google%20Drive/Eclipse-Luna/neo4j-community-2.2.0-M02/system/lib/jersey-servlet-1.18.1.jar
2015-03-25 01:53:18.815+0000 INFO  [o.n.k.i.DiagnosticsManager]:  [loader.0] file:/Users/jiechen/Google%20Drive/Eclipse-Luna/neo4j-community-2.2.0-M02/system/lib/slf4j-api-1.7.7.jar
2015-03-25 01:53:18.815+0000 INFO  [o.n.k.i.DiagnosticsManager]:  [loader.0] file:/Users/jiechen/Google%20Drive/Eclipse-Luna/neo4j-community-2.2.0-M02/system/lib/rrd4j-2.2.jar
2015-03-25 01:53:18.815+0000 INFO  [o.n.k.i.DiagnosticsManager]:  [classpath] /Users/jiechen/Google Drive/Eclipse-Luna/neo4j-community-2.2.0-M02/system/lib/commons-configuration-1.10.jar
2015-03-25 01:53:18.815+0000 INFO  [o.n.k.i.DiagnosticsManager]:  [loader.1] file:/System/Library/Java/Extensions/libJ3D.jnilib
2015-03-25 01:53:18.815+0000 INFO  [o.n.k.i.DiagnosticsManager]:  [loader.0] file:/Users/jiechen/Google%20Drive/Eclipse-Luna/neo4j-community-2.2.0-M02/system/lib/bcprov-jdk16-140.jar
2015-03-25 01:53:18.815+0000 INFO  [o.n.k.i.DiagnosticsManager]:  [loader.0] file:/Users/jiechen/Google%20Drive/Eclipse-Luna/neo4j-community-2.2.0-M02/system/lib/jetty-http-9.2.1.v20140609.jar
2015-03-25 01:53:18.815+0000 INFO  [o.n.k.i.DiagnosticsManager]:  [loader.0] file:/Users/jiechen/Google%20Drive/Eclipse-Luna/neo4j-community-2.2.0-M02/lib/neo4j-io-2.2.0-M02.jar
2015-03-25 01:53:18.815+0000 INFO  [o.n.k.i.DiagnosticsManager]:  [loader.0] file:/Users/jiechen/Google%20Drive/Eclipse-Luna/neo4j-community-2.2.0-M02/lib/neo4j-cypher-compiler-2.0-2.0.4.jar
2015-03-25 01:53:18.815+0000 INFO  [o.n.k.i.DiagnosticsManager]:  [loader.0] file:/Users/jiechen/Google%20Drive/Eclipse-Luna/neo4j-community-2.2.0-M02/lib/concurrentlinkedhashmap-lru-1.4.jar
2015-03-25 01:53:18.815+0000 INFO  [o.n.k.i.DiagnosticsManager]:  [classpath] /Users/jiechen/Google Drive/Eclipse-Luna/neo4j-community-2.2.0-M02/lib/neo4j-graph-matching-2.2.0-M02.jar
2015-03-25 01:53:18.815+0000 INFO  [o.n.k.i.DiagnosticsManager]:  [classpath] /Users/jiechen/Google Drive/Eclipse-Luna/neo4j-community-2.2.0-M02/system/lib/commons-beanutils-1.8.3.jar
2015-03-25 01:53:18.815+0000 INFO  [o.n.k.i.DiagnosticsManager]:  [classpath] /Users/jiechen/Google Drive/Eclipse-Luna/neo4j-community-2.2.0-M02/lib/neo4j-lucene-index-2.2.0-M02.jar
2015-03-25 01:53:18.815+0000 INFO  [o.n.k.i.DiagnosticsManager]:  [classpath] /Users/jiechen/Google Drive/Eclipse-Luna/neo4j-community-2.2.0-M02/system/lib/logback-classic-1.1.2.jar
2015-03-25 01:53:18.815+0000 INFO  [o.n.k.i.DiagnosticsManager]:  [loader.0] file:/Users/jiechen/Google%20Drive/Eclipse-Luna/neo4j-community-2.2.0-M02/lib/lucene-core-3.6.2.jar
2015-03-25 01:53:18.815+0000 INFO  [o.n.k.i.DiagnosticsManager]:  [loader.0] file:/Users/jiechen/Google%20Drive/Eclipse-Luna/neo4j-community-2.2.0-M02/system/lib/jetty-xml-9.2.1.v20140609.jar
2015-03-25 01:53:18.815+0000 INFO  [o.n.k.i.DiagnosticsManager]:  [loader.1] file:/Library/Java/JavaVirtualMachines/jdk1.8.0_20.jdk/Contents/Home/jre/lib/ext/dnsns.jar
2015-03-25 01:53:18.815+0000 INFO  [o.n.k.i.DiagnosticsManager]:  [loader.0] file:/Users/jiechen/Google%20Drive/Eclipse-Luna/neo4j-community-2.2.0-M02/system/lib/logback-core-1.1.2.jar
2015-03-25 01:53:18.815+0000 INFO  [o.n.k.i.DiagnosticsManager]:  [classpath] /Users/jiechen/Google Drive/Eclipse-Luna/neo4j-community-2.2.0-M02/system/lib/jackson-jaxrs-1.9.13.jar
2015-03-25 01:53:18.815+0000 INFO  [o.n.k.i.DiagnosticsManager]:  [loader.0] file:/Users/jiechen/Google%20Drive/Eclipse-Luna/neo4j-community-2.2.0-M02/system/lib/jetty-servlet-9.2.1.v20140609.jar
2015-03-25 01:53:18.815+0000 INFO  [o.n.k.i.DiagnosticsManager]:  [loader.0] file:/Users/jiechen/Google%20Drive/Eclipse-Luna/neo4j-community-2.2.0-M02/system/lib/scala-reflect-2.10.4.jar
2015-03-25 01:53:18.815+0000 INFO  [o.n.k.i.DiagnosticsManager]:  [loader.0] file:/Users/jiechen/Google%20Drive/Eclipse-Luna/neo4j-community-2.2.0-M02/system/lib/neo4j-server-2.2.0-M02.jar
2015-03-25 01:53:18.815+0000 INFO  [o.n.k.i.DiagnosticsManager]:  [loader.1] file:/System/Library/Java/Extensions/libAppleScriptEngine.jnilib
2015-03-25 01:53:18.815+0000 INFO  [o.n.k.i.DiagnosticsManager]:  [loader.0] file:/Users/jiechen/Google%20Drive/Eclipse-Luna/neo4j-community-2.2.0-M02/system/lib/jetty-io-9.2.1.v20140609.jar
2015-03-25 01:53:18.815+0000 INFO  [o.n.k.i.DiagnosticsManager]:  [classpath] /Users/jiechen/Google Drive/Eclipse-Luna/neo4j-community-2.2.0-M02/system/lib/commons-compiler-2.6.1.jar
2015-03-25 01:53:18.815+0000 INFO  [o.n.k.i.DiagnosticsManager]:  [classpath] /Users/jiechen/Google Drive/Eclipse-Luna/neo4j-community-2.2.0-M02/system/lib/jersey-servlet-1.18.1.jar
2015-03-25 01:53:18.815+0000 INFO  [o.n.k.i.DiagnosticsManager]:  [loader.1] file:/System/Library/Java/Extensions/dns_sd.jar
2015-03-25 01:53:18.815+0000 INFO  [o.n.k.i.DiagnosticsManager]:  [loader.1] file:/System/Library/Java/Extensions/MRJToolkit.jar
2015-03-25 01:53:18.815+0000 INFO  [o.n.k.i.DiagnosticsManager]:  [loader.0] file:/Users/jiechen/Google%20Drive/Eclipse-Luna/neo4j-community-2.2.0-M02/system/lib/jersey-multipart-1.18.1.jar
2015-03-25 01:53:18.815+0000 INFO  [o.n.k.i.DiagnosticsManager]:  [bootstrap] /Library/Java/JavaVirtualMachines/jdk1.8.0_20.jdk/Contents/Home/jre/lib/charsets.jar
2015-03-25 01:53:18.815+0000 INFO  [o.n.k.i.DiagnosticsManager]:  [loader.1] file:/Library/Java/JavaVirtualMachines/jdk1.8.0_20.jdk/Contents/Home/jre/lib/ext/jfxrt.jar
2015-03-25 01:53:18.815+0000 INFO  [o.n.k.i.DiagnosticsManager]:  [loader.1] file:/Library/Java/JavaVirtualMachines/jdk1.8.0_20.jdk/Contents/Home/jre/lib/ext/zipfs.jar
2015-03-25 01:53:18.815+0000 INFO  [o.n.k.i.DiagnosticsManager]:  [classpath] /Users/jiechen/Google Drive/Eclipse-Luna/neo4j-community-2.2.0-M02/lib/neo4j-cypher-2.2.0-M02.jar
2015-03-25 01:53:18.816+0000 INFO  [o.n.k.i.DiagnosticsManager]:  [classpath] /Users/jiechen/Google Drive/Eclipse-Luna/neo4j-community-2.2.0-M02/lib/neo4j-cypher-compiler-2.0-2.0.4.jar
2015-03-25 01:53:18.816+0000 INFO  [o.n.k.i.DiagnosticsManager]:  [loader.0] file:/Users/jiechen/Google%20Drive/Eclipse-Luna/neo4j-community-2.2.0-M02/lib/server-api-2.2.0-M02.jar
2015-03-25 01:53:18.816+0000 INFO  [o.n.k.i.DiagnosticsManager]:  [loader.0] file:/Users/jiechen/Google%20Drive/Eclipse-Luna/neo4j-community-2.2.0-M02/system/lib/jcl-over-slf4j-1.7.7.jar
2015-03-25 01:53:18.816+0000 INFO  [o.n.k.i.DiagnosticsManager]:  [loader.1] file:/System/Library/Java/Extensions/mlibwrapper_jai.jar
2015-03-25 01:53:18.816+0000 INFO  [o.n.k.i.DiagnosticsManager]:  [classpath] /Users/jiechen/Google Drive/Eclipse-Luna/neo4j-community-2.2.0-M02/lib/org.apache.servicemix.bundles.jline-0.9.94_1.jar
2015-03-25 01:53:18.816+0000 INFO  [o.n.k.i.DiagnosticsManager]:  [loader.0] file:/Users/jiechen/Google%20Drive/Eclipse-Luna/neo4j-community-2.2.0-M02/system/lib/commons-digester-2.1.jar
2015-03-25 01:53:18.816+0000 INFO  [o.n.k.i.DiagnosticsManager]:  [loader.0] file:/Users/jiechen/Google%20Drive/Eclipse-Luna/neo4j-community-2.2.0-M02/lib/neo4j-lucene-index-2.2.0-M02.jar
2015-03-25 01:53:18.816+0000 INFO  [o.n.k.i.DiagnosticsManager]:  [loader.1] file:/System/Library/Java/Extensions/libJ3DUtils.jnilib
2015-03-25 01:53:18.816+0000 INFO  [o.n.k.i.DiagnosticsManager]:  [classpath] /Users/jiechen/Google Drive/Eclipse-Luna/neo4j-community-2.2.0-M02/system/lib/jackson-core-asl-1.9.13.jar
2015-03-25 01:53:18.816+0000 INFO  [o.n.k.i.DiagnosticsManager]:  [classpath] /Users/jiechen/Google Drive/Eclipse-Luna/neo4j-community-2.2.0-M02/system/lib/jersey-server-1.18.1.jar
2015-03-25 01:53:18.816+0000 INFO  [o.n.k.i.DiagnosticsManager]:  [loader.1] file:/System/Library/Java/Extensions/AppleScriptEngine.jar
2015-03-25 01:53:18.816+0000 INFO  [o.n.k.i.DiagnosticsManager]:  [loader.0] file:/Users/jiechen/Google%20Drive/Eclipse-Luna/neo4j-community-2.2.0-M02/lib/neo4j-primitive-collections-2.2.0-M02.jar
2015-03-25 01:53:18.816+0000 INFO  [o.n.k.i.DiagnosticsManager]:  [loader.0] file:/Users/jiechen/Google%20Drive/Eclipse-Luna/neo4j-community-2.2.0-M02/system/lib/neo4j-browser-2.2.0-M02.jar
2015-03-25 01:53:18.816+0000 INFO  [o.n.k.i.DiagnosticsManager]:  [classpath] /Users/jiechen/Google Drive/Eclipse-Luna/neo4j-community-2.2.0-M02/system/lib/jetty-servlet-9.2.1.v20140609.jar
2015-03-25 01:53:18.816+0000 INFO  [o.n.k.i.DiagnosticsManager]:  [loader.0] file:/Users/jiechen/Google%20Drive/Eclipse-Luna/neo4j-community-2.2.0-M02/system/lib/jsr311-api-1.1.2.r612.jar
2015-03-25 01:53:18.816+0000 INFO  [o.n.k.i.DiagnosticsManager]:  [loader.0] file:/Users/jiechen/Google%20Drive/Eclipse-Luna/neo4j-community-2.2.0-M02/system/lib/jersey-core-1.18.1.jar
2015-03-25 01:53:18.816+0000 INFO  [o.n.k.i.DiagnosticsManager]:  [bootstrap] /Library/Java/JavaVirtualMachines/jdk1.8.0_20.jdk/Contents/Home/jre/lib/sunrsasign.jar
2015-03-25 01:53:18.816+0000 INFO  [o.n.k.i.DiagnosticsManager]:  [loader.0] file:/Users/jiechen/Google%20Drive/Eclipse-Luna/neo4j-community-2.2.0-M02/system/lib/commons-configuration-1.10.jar
2015-03-25 01:53:18.816+0000 INFO  [o.n.k.i.DiagnosticsManager]:  [loader.1] file:/usr/lib/java/libjdns_sd.jnilib
2015-03-25 01:53:18.816+0000 INFO  [o.n.k.i.DiagnosticsManager]:  [loader.0] file:/Users/jiechen/Google%20Drive/Eclipse-Luna/neo4j-community-2.2.0-M02/lib/neo4j-cypher-compiler-1.9-2.0.4.jar
2015-03-25 01:53:18.816+0000 INFO  [o.n.k.i.DiagnosticsManager]:  [classpath] /Users/jiechen/Google Drive/Eclipse-Luna/neo4j-community-2.2.0-M02/system/lib/javax.servlet-api-3.1.0.jar
2015-03-25 01:53:18.816+0000 INFO  [o.n.k.i.DiagnosticsManager]:  [classpath] /Users/jiechen/Google Drive/Eclipse-Luna/neo4j-community-2.2.0-M02/lib/neo4j-consistency-check-2.2.0-M02.jar
2015-03-25 01:53:18.816+0000 INFO  [o.n.k.i.DiagnosticsManager]:  [classpath] /Users/jiechen/Google Drive/Eclipse-Luna/neo4j-community-2.2.0-M02/system/lib/jcl-over-slf4j-1.7.7.jar
2015-03-25 01:53:18.816+0000 INFO  [o.n.k.i.DiagnosticsManager]:  [loader.0] file:/Users/jiechen/Google%20Drive/Eclipse-Luna/neo4j-community-2.2.0-M02/system/lib/rhino-1.7R4.jar
2015-03-25 01:53:18.816+0000 INFO  [o.n.k.i.DiagnosticsManager]:  [loader.1] file:/Library/Java/JavaVirtualMachines/jdk1.8.0_20.jdk/Contents/Home/jre/lib/ext/nashorn.jar
2015-03-25 01:53:18.816+0000 INFO  [o.n.k.i.DiagnosticsManager]:  [classpath] /Users/jiechen/Google Drive/Eclipse-Luna/neo4j-community-2.2.0-M02/system/lib/jetty-util-9.2.1.v20140609.jar
2015-03-25 01:53:18.816+0000 INFO  [o.n.k.i.DiagnosticsManager]:  [classpath] /Users/jiechen/Google Drive/Eclipse-Luna/neo4j-community-2.2.0-M02/lib/neo4j-graph-algo-2.2.0-M02.jar
2015-03-25 01:53:18.817+0000 INFO  [o.n.k.i.DiagnosticsManager]:  [classpath] /Users/jiechen/Google Drive/Eclipse-Luna/neo4j-community-2.2.0-M02/system/lib/slf4j-api-1.7.7.jar
2015-03-25 01:53:18.817+0000 INFO  [o.n.k.i.DiagnosticsManager]:  [classpath] /Users/jiechen/Google Drive/Eclipse-Luna/neo4j-community-2.2.0-M02/system/lib/jackson-mapper-asl-1.9.13.jar
2015-03-25 01:53:18.817+0000 INFO  [o.n.k.i.DiagnosticsManager]:  [classpath] /Users/jiechen/Google Drive/Eclipse-Luna/neo4j-community-2.2.0-M02/lib/neo4j-io-2.2.0-M02.jar
2015-03-25 01:53:18.817+0000 INFO  [o.n.k.i.DiagnosticsManager]:  [classpath] /Users/jiechen/Google Drive/Eclipse-Luna/neo4j-community-2.2.0-M02/system/lib/bcprov-jdk16-140.jar
2015-03-25 01:53:18.817+0000 INFO  [o.n.k.i.DiagnosticsManager]:  [loader.0] file:/Users/jiechen/Google%20Drive/Eclipse-Luna/neo4j-community-2.2.0-M02/system/lib/commons-logging-1.1.1.jar
2015-03-25 01:53:18.817+0000 INFO  [o.n.k.i.DiagnosticsManager]:  [loader.1] file:/System/Library/Java/Extensions/j3dcore.jar
2015-03-25 01:53:18.817+0000 INFO  [o.n.k.i.DiagnosticsManager]:  [loader.0] file:/Users/jiechen/Google%20Drive/Eclipse-Luna/neo4j-community-2.2.0-M02/system/lib/jersey-server-1.18.1.jar
2015-03-25 01:53:18.817+0000 INFO  [o.n.k.i.DiagnosticsManager]: Library path:
2015-03-25 01:53:18.817+0000 INFO  [o.n.k.i.DiagnosticsManager]: /Users/jiechen/Library/Java/Extensions
2015-03-25 01:53:18.817+0000 INFO  [o.n.k.i.DiagnosticsManager]: /Library/Java/Extensions
2015-03-25 01:53:18.817+0000 INFO  [o.n.k.i.DiagnosticsManager]: /Network/Library/Java/Extensions
2015-03-25 01:53:18.817+0000 INFO  [o.n.k.i.DiagnosticsManager]: /System/Library/Java/Extensions
2015-03-25 01:53:18.817+0000 INFO  [o.n.k.i.DiagnosticsManager]: /usr/lib/java
2015-03-25 01:53:18.817+0000 INFO  [o.n.k.i.DiagnosticsManager]: /Users/jiechen/Google Drive/Eclipse-Luna/neo4j-community-2.2.0-M02
2015-03-25 01:53:18.818+0000 INFO  [o.n.k.i.DiagnosticsManager]: System.properties:
2015-03-25 01:53:18.818+0000 INFO  [o.n.k.i.DiagnosticsManager]: sun.boot.library.path = /Library/Java/JavaVirtualMachines/jdk1.8.0_20.jdk/Contents/Home/jre/lib
2015-03-25 01:53:18.818+0000 INFO  [o.n.k.i.DiagnosticsManager]: org.neo4j.server.properties = conf/neo4j-server.properties
2015-03-25 01:53:18.818+0000 INFO  [o.n.k.i.DiagnosticsManager]: gopherProxySet = false
2015-03-25 01:53:18.818+0000 INFO  [o.n.k.i.DiagnosticsManager]: path.separator = :
2015-03-25 01:53:18.818+0000 INFO  [o.n.k.i.DiagnosticsManager]: file.encoding.pkg = sun.io
2015-03-25 01:53:18.818+0000 INFO  [o.n.k.i.DiagnosticsManager]: user.country = US
2015-03-25 01:53:18.818+0000 INFO  [o.n.k.i.DiagnosticsManager]: sun.java.launcher = SUN_STANDARD
2015-03-25 01:53:18.818+0000 INFO  [o.n.k.i.DiagnosticsManager]: sun.os.patch.level = unknown
2015-03-25 01:53:18.819+0000 INFO  [o.n.k.i.DiagnosticsManager]: user.dir = /Users/jiechen/Google Drive/Eclipse-Luna/neo4j-community-2.2.0-M02
2015-03-25 01:53:18.819+0000 INFO  [o.n.k.i.DiagnosticsManager]: log4j.configuration = file:conf/log4j.properties
2015-03-25 01:53:18.819+0000 INFO  [o.n.k.i.DiagnosticsManager]: sun.jnu.encoding = UTF-8
2015-03-25 01:53:18.819+0000 INFO  [o.n.k.i.DiagnosticsManager]: sun.management.compiler = HotSpot 64-Bit Tiered Compilers
2015-03-25 01:53:18.819+0000 INFO  [o.n.k.i.DiagnosticsManager]: http.nonProxyHosts = local|*.local|169.254/16|*.169.254/16
2015-03-25 01:53:18.819+0000 INFO  [o.n.k.i.DiagnosticsManager]: user.home = /Users/jiechen
2015-03-25 01:53:18.819+0000 INFO  [o.n.k.i.DiagnosticsManager]: user.timezone = America/New_York
2015-03-25 01:53:18.819+0000 INFO  [o.n.k.i.DiagnosticsManager]: file.encoding = UTF-8
2015-03-25 01:53:18.819+0000 INFO  [o.n.k.i.DiagnosticsManager]: user.name = jiechen
2015-03-25 01:53:18.819+0000 INFO  [o.n.k.i.DiagnosticsManager]: sun.java.command = org.neo4j.server.Bootstrapper
2015-03-25 01:53:18.819+0000 INFO  [o.n.k.i.DiagnosticsManager]: sun.arch.data.model = 64
2015-03-25 01:53:18.819+0000 INFO  [o.n.k.i.DiagnosticsManager]: user.language = en
2015-03-25 01:53:18.819+0000 INFO  [o.n.k.i.DiagnosticsManager]: awt.toolkit = sun.lwawt.macosx.LWCToolkit
2015-03-25 01:53:18.819+0000 INFO  [o.n.k.i.DiagnosticsManager]: file.separator = /
2015-03-25 01:53:18.819+0000 INFO  [o.n.k.i.DiagnosticsManager]: sun.io.unicode.encoding = UnicodeBig
2015-03-25 01:53:18.819+0000 INFO  [o.n.k.i.DiagnosticsManager]: sun.cpu.endian = little
2015-03-25 01:53:18.819+0000 INFO  [o.n.k.i.DiagnosticsManager]: socksNonProxyHosts = local|*.local|169.254/16|*.169.254/16
2015-03-25 01:53:18.819+0000 INFO  [o.n.k.i.DiagnosticsManager]: neo4j.instance = /Users/jiechen/Google Drive/Eclipse-Luna/neo4j-community-2.2.0-M02
2015-03-25 01:53:18.819+0000 INFO  [o.n.k.i.DiagnosticsManager]: ftp.nonProxyHosts = local|*.local|169.254/16|*.169.254/16
2015-03-25 01:53:18.819+0000 INFO  [o.n.k.i.DiagnosticsManager]: neo4j.home = /Users/jiechen/Google Drive/Eclipse-Luna/neo4j-community-2.2.0-M02
2015-03-25 01:53:18.819+0000 INFO  [o.n.k.i.DiagnosticsManager]: sun.cpu.isalist = 
2015-03-25 01:53:18.819+0000 INFO  [o.n.k.i.DiagnosticsManager]: Network information:
2015-03-25 01:53:18.823+0000 INFO  [o.n.k.i.DiagnosticsManager]: Interface en0:
2015-03-25 01:53:18.824+0000 INFO  [o.n.k.i.DiagnosticsManager]:     address: fe80:0:0:0:82e6:50ff:fe07:2046%en0
2015-03-25 01:53:18.824+0000 INFO  [o.n.k.i.DiagnosticsManager]:     address: 150.212.63.118
2015-03-25 01:53:18.824+0000 INFO  [o.n.k.i.DiagnosticsManager]: Interface lo0:
2015-03-25 01:53:18.824+0000 INFO  [o.n.k.i.DiagnosticsManager]:     address: fe80:0:0:0:0:0:0:1%lo0
2015-03-25 01:53:18.824+0000 INFO  [o.n.k.i.DiagnosticsManager]:     address: 0:0:0:0:0:0:0:1
2015-03-25 01:53:18.824+0000 INFO  [o.n.k.i.DiagnosticsManager]:     address: 127.0.0.1
2015-03-25 01:53:18.825+0000 INFO  [o.n.k.i.DiagnosticsManager]: --- INITIALIZED diagnostics END ---
2015-03-25 01:53:19.452+0000 INFO  [o.n.k.NeoStoreDataSource]: Opened logical log [/Users/jiechen/Google Drive/Eclipse-Luna/neo4j-community-2.2.0-M02/NewVersion/neostore.transaction.db.79] version=79, lastTxId=15 (clean)
2015-03-25 01:53:20.317+0000 INFO  [o.n.k.i.DiagnosticsManager]: --- STARTED diagnostics for KernelDiagnostics:Versions START ---
2015-03-25 01:53:20.318+0000 INFO  [o.n.k.i.DiagnosticsManager]: Graph Database: org.neo4j.kernel.EmbeddedGraphDatabase StoreId{creationTime=1426352960861, randomId=2540847244788629385, storeVersion=14687556271633926, upgradeTime=1426352960861, upgradeId=1}
2015-03-25 01:53:20.318+0000 INFO  [o.n.k.i.DiagnosticsManager]: Kernel version: Neo4j - Graph Database Kernel (neo4j-kernel), version: 2.2.0-M02
2015-03-25 01:53:20.318+0000 INFO  [o.n.k.i.DiagnosticsManager]: Neo4j component versions:
2015-03-25 01:53:20.332+0000 INFO  [o.n.k.i.DiagnosticsManager]:   Neo4j - Cypher Compiler 1.9 (neo4j-cypher-compiler-1.9), version: 2.0.4; revision: 2.0.4:2.0-maint:130/4a7d10bc274a5d26a180bbe9df25100e8a694748
2015-03-25 01:53:20.332+0000 INFO  [o.n.k.i.DiagnosticsManager]:   Neo4j - Consistency Checker (neo4j-consistency-check), version: 2.2.0-M02; revision: 2.2.0-M02:master:549/b70e1e11e4af9d5c5ffe171bbb3013625ee3bc4b
2015-03-25 01:53:20.332+0000 INFO  [o.n.k.i.DiagnosticsManager]:   Neo4j - Cypher Compiler 2.2 (neo4j-cypher-compiler-2.2), version: 2.2.0-M02; revision: 2.2.0-M02:master:549/b70e1e11e4af9d5c5ffe171bbb3013625ee3bc4b
2015-03-25 01:53:20.332+0000 INFO  [o.n.k.i.DiagnosticsManager]:   Neo4j - Import Command Line Tool (neo4j-import-tool), version: 2.2.0-M02; revision: 2.2.0-M02:master:549/b70e1e11e4af9d5c5ffe171bbb3013625ee3bc4b
2015-03-25 01:53:20.332+0000 INFO  [o.n.k.i.DiagnosticsManager]:   Neo4j - Server API (server-api), version: 2.2.0-M02; revision: 2.2.0-M02:master:549/b70e1e11e4af9d5c5ffe171bbb3013625ee3bc4b
2015-03-25 01:53:20.332+0000 INFO  [o.n.k.i.DiagnosticsManager]:   Neo4j - Graph Database Kernel (neo4j-kernel), version: 2.2.0-M02; revision: 2.2.0-M02:master:549/b70e1e11e4af9d5c5ffe171bbb3013625ee3bc4b
2015-03-25 01:53:20.332+0000 INFO  [o.n.k.i.DiagnosticsManager]:   Neo4j - Cypher Compiler 2.1 (neo4j-cypher-compiler-2.1), version: 2.1.6; revision: 2.1.6:2.1-maint:605/0d7f25fc608f15c54ec1a01f4ba4564ebfb1071a
2015-03-25 01:53:20.332+0000 INFO  [o.n.k.i.DiagnosticsManager]:   Neo4j - Generic shell (neo4j-shell), version: 2.2.0-M02; revision: 2.2.0-M02:master:549/b70e1e11e4af9d5c5ffe171bbb3013625ee3bc4b
2015-03-25 01:53:20.332+0000 INFO  [o.n.k.i.DiagnosticsManager]:   neo4j-udc, version: 2.2.0-M02; revision: 2.2.0-M02:master:549/b70e1e11e4af9d5c5ffe171bbb3013625ee3bc4b
2015-03-25 01:53:20.332+0000 INFO  [o.n.k.i.DiagnosticsManager]:   Neo4j - Lucene Index (neo4j-lucene-index), version: 2.2.0-M02; revision: 2.2.0-M02:master:549/b70e1e11e4af9d5c5ffe171bbb3013625ee3bc4b
2015-03-25 01:53:20.332+0000 INFO  [o.n.k.i.DiagnosticsManager]:   Neo4j - Server (neo4j-server), version: 2.2.0-M02; revision: 2.2.0-M02:master:549/b70e1e11e4af9d5c5ffe171bbb3013625ee3bc4b
2015-03-25 01:53:20.332+0000 INFO  [o.n.k.i.DiagnosticsManager]:   Neo4j - Cypher Compiler 2.0 (neo4j-cypher-compiler-2.0), version: 2.0.4; revision: 2.0.4:2.0-maint:130/4a7d10bc274a5d26a180bbe9df25100e8a694748
2015-03-25 01:53:20.333+0000 INFO  [o.n.k.i.DiagnosticsManager]:   Neo4j - Graph Matching (neo4j-graph-matching), version: 2.2.0-M02; revision: 2.2.0-M02:master:549/b70e1e11e4af9d5c5ffe171bbb3013625ee3bc4b
2015-03-25 01:53:20.333+0000 INFO  [o.n.k.i.DiagnosticsManager]:   Neo4j - JMX support (neo4j-jmx), version: 2.2.0-M02; revision: 2.2.0-M02:master:549/b70e1e11e4af9d5c5ffe171bbb3013625ee3bc4b
2015-03-25 01:53:20.333+0000 INFO  [o.n.k.i.DiagnosticsManager]:   Neo4j - Cypher (neo4j-cypher), version: 2.2.0-M02; revision: 2.2.0-M02:master:549/b70e1e11e4af9d5c5ffe171bbb3013625ee3bc4b
2015-03-25 01:53:20.333+0000 INFO  [o.n.k.i.DiagnosticsManager]:   Neo4j - Graph Algorithms (neo4j-graph-algo), version: 2.2.0-M02; revision: 2.2.0-M02:master:549/b70e1e11e4af9d5c5ffe171bbb3013625ee3bc4b
2015-03-25 01:53:20.333+0000 INFO  [o.n.k.i.DiagnosticsManager]: --- STARTED diagnostics for KernelDiagnostics:Versions END ---
2015-03-25 01:53:20.335+0000 INFO  [o.n.k.i.DiagnosticsManager]: --- STARTED diagnostics for NEO_STORE_VERSIONS START ---
2015-03-25 01:53:20.335+0000 INFO  [o.n.k.i.DiagnosticsManager]: Store versions:
2015-03-25 01:53:20.335+0000 INFO  [o.n.k.i.DiagnosticsManager]: Store versions:
2015-03-25 01:53:20.335+0000 INFO  [o.n.k.i.DiagnosticsManager]:   NeoStore v0.A.4
2015-03-25 01:53:20.336+0000 INFO  [o.n.k.i.DiagnosticsManager]:   SchemaStore v0.A.4
2015-03-25 01:53:20.336+0000 INFO  [o.n.k.i.DiagnosticsManager]:   NodeStore v0.A.4
2015-03-25 01:53:20.336+0000 INFO  [o.n.k.i.DiagnosticsManager]:   RelationshipStore v0.A.4
2015-03-25 01:53:20.336+0000 INFO  [o.n.k.i.DiagnosticsManager]:   RelationshipTypeStore v0.A.4
2015-03-25 01:53:20.336+0000 INFO  [o.n.k.i.DiagnosticsManager]:   LabelTokenStore v0.A.4
2015-03-25 01:53:20.336+0000 INFO  [o.n.k.i.DiagnosticsManager]:   PropertyStore v0.A.4
2015-03-25 01:53:20.336+0000 INFO  [o.n.k.i.DiagnosticsManager]:   PropertyIndexStore v0.A.4
2015-03-25 01:53:20.336+0000 INFO  [o.n.k.i.DiagnosticsManager]:   StringPropertyStore v0.A.4
2015-03-25 01:53:20.336+0000 INFO  [o.n.k.i.DiagnosticsManager]:   ArrayPropertyStore v0.A.4
2015-03-25 01:53:20.336+0000 INFO  [o.n.k.i.DiagnosticsManager]:   RelationshipGroupStore v0.A.4
2015-03-25 01:53:20.336+0000 INFO  [o.n.k.i.DiagnosticsManager]: --- STARTED diagnostics for NEO_STORE_VERSIONS END ---
2015-03-25 01:53:20.336+0000 INFO  [o.n.k.i.DiagnosticsManager]: --- STARTED diagnostics for NEO_STORE_ID_USAGE START ---
2015-03-25 01:53:20.336+0000 INFO  [o.n.k.i.DiagnosticsManager]: Id usage:
2015-03-25 01:53:20.336+0000 INFO  [o.n.k.i.DiagnosticsManager]: Id usage:
2015-03-25 01:53:20.336+0000 INFO  [o.n.k.i.DiagnosticsManager]:   SchemaStore: used=1 high=0
2015-03-25 01:53:20.336+0000 INFO  [o.n.k.i.DiagnosticsManager]:   NodeStore: used=1906 high=1905
2015-03-25 01:53:20.337+0000 INFO  [o.n.k.i.DiagnosticsManager]:   RelationshipStore: used=3335 high=3334
2015-03-25 01:53:20.337+0000 INFO  [o.n.k.i.DiagnosticsManager]:   RelationshipTypeStore: used=1 high=0
2015-03-25 01:53:20.337+0000 INFO  [o.n.k.i.DiagnosticsManager]:   LabelTokenStore: used=4 high=3
2015-03-25 01:53:20.337+0000 INFO  [o.n.k.i.DiagnosticsManager]:   PropertyStore: used=5573 high=5572
2015-03-25 01:53:20.337+0000 INFO  [o.n.k.i.DiagnosticsManager]:   PropertyIndexStore: used=4 high=3
2015-03-25 01:53:20.337+0000 INFO  [o.n.k.i.DiagnosticsManager]:   StringPropertyStore: used=5 high=4
2015-03-25 01:53:20.337+0000 INFO  [o.n.k.i.DiagnosticsManager]:   ArrayPropertyStore: used=1 high=0
2015-03-25 01:53:20.337+0000 INFO  [o.n.k.i.DiagnosticsManager]:   RelationshipGroupStore: used=23 high=22
2015-03-25 01:53:20.337+0000 INFO  [o.n.k.i.DiagnosticsManager]: --- STARTED diagnostics for NEO_STORE_ID_USAGE END ---
2015-03-25 01:53:20.338+0000 INFO  [o.n.k.i.DiagnosticsManager]: --- STARTED diagnostics for KernelDiagnostics:StoreFiles START ---
2015-03-25 01:53:20.338+0000 INFO  [o.n.k.i.DiagnosticsManager]: Disk space on partition (Total / Free / Free %): 120473067520 / 44500656128 / 36
Storage files: (filename : modification date - size)
2015-03-25 01:53:20.340+0000 INFO  [o.n.k.i.DiagnosticsManager]:   .DS_Store: 2015-03-14T15:01:55-0400 - 6.00 kB
2015-03-25 01:53:20.340+0000 INFO  [o.n.k.i.DiagnosticsManager]:   index:
2015-03-25 01:53:20.340+0000 INFO  [o.n.k.i.DiagnosticsManager]:     lucene:
2015-03-25 01:53:20.340+0000 INFO  [o.n.k.i.DiagnosticsManager]:       node:
2015-03-25 01:53:20.340+0000 INFO  [o.n.k.i.DiagnosticsManager]:         Database:
2015-03-25 01:53:20.341+0000 INFO  [o.n.k.i.DiagnosticsManager]:           _0.fdt: 2015-03-14T13:09:23-0400 - 17.00 B
2015-03-25 01:53:20.341+0000 INFO  [o.n.k.i.DiagnosticsManager]:           _0.fdx: 2015-03-14T13:09:23-0400 - 12.00 B
2015-03-25 01:53:20.341+0000 INFO  [o.n.k.i.DiagnosticsManager]:           _0.fnm: 2015-03-14T13:09:23-0400 - 19.00 B
2015-03-25 01:53:20.342+0000 INFO  [o.n.k.i.DiagnosticsManager]:           _0.frq: 2015-03-14T13:09:23-0400 - 2.00 B
2015-03-25 01:53:20.342+0000 INFO  [o.n.k.i.DiagnosticsManager]:           _0.nrm: 2015-03-14T13:09:23-0400 - 5.00 B
2015-03-25 01:53:20.342+0000 INFO  [o.n.k.i.DiagnosticsManager]:           _0.prx: 2015-03-14T13:09:23-0400 - 2.00 B
2015-03-25 01:53:20.342+0000 INFO  [o.n.k.i.DiagnosticsManager]:           _0.tii: 2015-03-14T13:09:23-0400 - 35.00 B
2015-03-25 01:53:20.343+0000 INFO  [o.n.k.i.DiagnosticsManager]:           _0.tis: 2015-03-14T13:09:23-0400 - 42.00 B
2015-03-25 01:53:20.343+0000 INFO  [o.n.k.i.DiagnosticsManager]:           _1.fdt: 2015-03-14T13:09:37-0400 - 24.00 B
2015-03-25 01:53:20.343+0000 INFO  [o.n.k.i.DiagnosticsManager]:           _1.fdx: 2015-03-14T13:09:37-0400 - 12.00 B
2015-03-25 01:53:20.343+0000 INFO  [o.n.k.i.DiagnosticsManager]:           _1.fnm: 2015-03-14T13:09:37-0400 - 19.00 B
2015-03-25 01:53:20.343+0000 INFO  [o.n.k.i.DiagnosticsManager]:           _1.frq: 2015-03-14T13:09:37-0400 - 2.00 B
2015-03-25 01:53:20.344+0000 INFO  [o.n.k.i.DiagnosticsManager]:           _1.nrm: 2015-03-14T13:09:37-0400 - 5.00 B
2015-03-25 01:53:20.345+0000 INFO  [o.n.k.i.DiagnosticsManager]:           _1.prx: 2015-03-14T13:09:37-0400 - 2.00 B
2015-03-25 01:53:20.345+0000 INFO  [o.n.k.i.DiagnosticsManager]:           _1.tii: 2015-03-14T13:09:37-0400 - 35.00 B
2015-03-25 01:53:20.345+0000 INFO  [o.n.k.i.DiagnosticsManager]:           _1.tis: 2015-03-14T13:09:37-0400 - 49.00 B
2015-03-25 01:53:20.345+0000 INFO  [o.n.k.i.DiagnosticsManager]:           segments.gen: 2015-03-14T13:09:37-0400 - 20.00 B
2015-03-25 01:53:20.346+0000 INFO  [o.n.k.i.DiagnosticsManager]:           segments_2: 2015-03-14T13:09:37-0400 - 454.00 B
2015-03-25 01:53:20.346+0000 INFO  [o.n.k.i.DiagnosticsManager]:         - Total: 2015-03-14T13:09:38-0400 - 756.00 B
2015-03-25 01:53:20.346+0000 INFO  [o.n.k.i.DiagnosticsManager]:         Record:
2015-03-25 01:53:20.346+0000 INFO  [o.n.k.i.DiagnosticsManager]:           _0.fdt: 2015-03-14T13:09:23-0400 - 27.07 kB
2015-03-25 01:53:20.347+0000 INFO  [o.n.k.i.DiagnosticsManager]:           _0.fdx: 2015-03-14T13:09:23-0400 - 11.89 kB
2015-03-25 01:53:20.347+0000 INFO  [o.n.k.i.DiagnosticsManager]:           _0.fnm: 2015-03-14T13:09:23-0400 - 19.00 B
2015-03-25 01:53:20.347+0000 INFO  [o.n.k.i.DiagnosticsManager]:           _0.frq: 2015-03-14T13:09:23-0400 - 5.82 kB
2015-03-25 01:53:20.347+0000 INFO  [o.n.k.i.DiagnosticsManager]:           _0.nrm: 2015-03-14T13:09:23-0400 - 1.49 kB
2015-03-25 01:53:20.348+0000 INFO  [o.n.k.i.DiagnosticsManager]:           _0.prx: 2015-03-14T13:09:23-0400 - 2.97 kB
2015-03-25 01:53:20.349+0000 INFO  [o.n.k.i.DiagnosticsManager]:           _0.tii: 2015-03-14T13:09:23-0400 - 385.00 B
2015-03-25 01:53:20.350+0000 INFO  [o.n.k.i.DiagnosticsManager]:           _0.tis: 2015-03-14T13:09:23-0400 - 26.36 kB
2015-03-25 01:53:20.350+0000 INFO  [o.n.k.i.DiagnosticsManager]:           _1.fdt: 2015-03-14T13:09:37-0400 - 4.01 kB
2015-03-25 01:53:20.350+0000 INFO  [o.n.k.i.DiagnosticsManager]:           _1.fdx: 2015-03-14T13:09:37-0400 - 2.18 kB
2015-03-25 01:53:20.350+0000 INFO  [o.n.k.i.DiagnosticsManager]:           _1.fnm: 2015-03-14T13:09:37-0400 - 19.00 B
2015-03-25 01:53:20.351+0000 INFO  [o.n.k.i.DiagnosticsManager]:           _1.frq: 2015-03-14T13:09:37-0400 - 984.00 B
2015-03-25 01:53:20.351+0000 INFO  [o.n.k.i.DiagnosticsManager]:           _1.nrm: 2015-03-14T13:09:37-0400 - 282.00 B
2015-03-25 01:53:20.351+0000 INFO  [o.n.k.i.DiagnosticsManager]:           _1.prx: 2015-03-14T13:09:37-0400 - 556.00 B
2015-03-25 01:53:20.351+0000 INFO  [o.n.k.i.DiagnosticsManager]:           _1.tii: 2015-03-14T13:09:37-0400 - 87.00 B
2015-03-25 01:53:20.351+0000 INFO  [o.n.k.i.DiagnosticsManager]:           _1.tis: 2015-03-14T13:09:37-0400 - 4.13 kB
2015-03-25 01:53:20.352+0000 INFO  [o.n.k.i.DiagnosticsManager]:           segments.gen: 2015-03-14T13:09:37-0400 - 20.00 B
2015-03-25 01:53:20.352+0000 INFO  [o.n.k.i.DiagnosticsManager]:           segments_2: 2015-03-14T13:09:37-0400 - 454.00 B
2015-03-25 01:53:20.352+0000 INFO  [o.n.k.i.DiagnosticsManager]:         - Total: 2015-03-14T13:09:38-0400 - 88.65 kB
2015-03-25 01:53:20.352+0000 INFO  [o.n.k.i.DiagnosticsManager]:       - Total: 2015-03-14T13:09:22-0400 - 89.39 kB
2015-03-25 01:53:20.352+0000 INFO  [o.n.k.i.DiagnosticsManager]:     - Total: 2015-03-14T13:09:22-0400 - 89.39 kB
2015-03-25 01:53:20.352+0000 INFO  [o.n.k.i.DiagnosticsManager]:   - Total: 2015-03-14T13:09:22-0400 - 89.39 kB
2015-03-25 01:53:20.353+0000 INFO  [o.n.k.i.DiagnosticsManager]:   index.db: 2015-03-14T13:09:22-0400 - 291.00 B
2015-03-25 01:53:20.353+0000 INFO  [o.n.k.i.DiagnosticsManager]:   lock: 2015-03-24T21:53:19-0400 - 0.00 B
2015-03-25 01:53:20.353+0000 INFO  [o.n.k.i.DiagnosticsManager]:   messages.2015-03-22.log: 2015-03-22T18:30:46-0400 - 462.23 kB
2015-03-25 01:53:20.353+0000 INFO  [o.n.k.i.DiagnosticsManager]:   messages.2015-03-23.log: 2015-03-23T21:38:54-0400 - 122.93 kB
2015-03-25 01:53:20.353+0000 INFO  [o.n.k.i.DiagnosticsManager]:   messages.log: 2015-03-24T21:53:20-0400 - 51.34 kB
2015-03-25 01:53:20.354+0000 INFO  [o.n.k.i.DiagnosticsManager]:   neostore: 2015-03-24T21:53:19-0400 - 99.00 B
2015-03-25 01:53:20.354+0000 INFO  [o.n.k.i.DiagnosticsManager]:   neostore.counts.db.a: 2015-03-14T13:09:37-0400 - 8.00 kB
2015-03-25 01:53:20.354+0000 INFO  [o.n.k.i.DiagnosticsManager]:   neostore.counts.db.b: 2015-03-14T13:09:23-0400 - 8.00 kB
2015-03-25 01:53:20.354+0000 INFO  [o.n.k.i.DiagnosticsManager]:   neostore.id: 2015-03-24T21:53:19-0400 - 9.00 B
2015-03-25 01:53:20.354+0000 INFO  [o.n.k.i.DiagnosticsManager]:   neostore.labeltokenstore.db: 2015-03-24T21:53:19-0400 - 20.00 B
2015-03-25 01:53:20.354+0000 INFO  [o.n.k.i.DiagnosticsManager]:   neostore.labeltokenstore.db.id: 2015-03-24T21:53:19-0400 - 9.00 B
2015-03-25 01:53:20.355+0000 INFO  [o.n.k.i.DiagnosticsManager]:   neostore.labeltokenstore.db.names: 2015-03-24T21:53:19-0400 - 190.00 B
2015-03-25 01:53:20.355+0000 INFO  [o.n.k.i.DiagnosticsManager]:   neostore.labeltokenstore.db.names.id: 2015-03-24T21:53:19-0400 - 9.00 B
2015-03-25 01:53:20.355+0000 INFO  [o.n.k.i.DiagnosticsManager]:   neostore.nodestore.db: 2015-03-24T21:53:19-0400 - 27.92 kB
2015-03-25 01:53:20.355+0000 INFO  [o.n.k.i.DiagnosticsManager]:   neostore.nodestore.db.id: 2015-03-24T21:53:19-0400 - 9.00 B
2015-03-25 01:53:20.355+0000 INFO  [o.n.k.i.DiagnosticsManager]:   neostore.nodestore.db.labels: 2015-03-24T21:53:19-0400 - 68.00 B
2015-03-25 01:53:20.356+0000 INFO  [o.n.k.i.DiagnosticsManager]:   neostore.nodestore.db.labels.id: 2015-03-24T21:53:19-0400 - 9.00 B
2015-03-25 01:53:20.356+0000 INFO  [o.n.k.i.DiagnosticsManager]:   neostore.propertystore.db: 2015-03-24T21:53:19-0400 - 223.14 kB
2015-03-25 01:53:20.356+0000 INFO  [o.n.k.i.DiagnosticsManager]:   neostore.propertystore.db.arrays: 2015-03-24T21:53:19-0400 - 128.00 B
2015-03-25 01:53:20.356+0000 INFO  [o.n.k.i.DiagnosticsManager]:   neostore.propertystore.db.arrays.id: 2015-03-24T21:53:19-0400 - 9.00 B
2015-03-25 01:53:20.357+0000 INFO  [o.n.k.i.DiagnosticsManager]:   neostore.propertystore.db.id: 2015-03-24T21:53:19-0400 - 9.00 B
2015-03-25 01:53:20.357+0000 INFO  [o.n.k.i.DiagnosticsManager]:   neostore.propertystore.db.index: 2015-03-24T21:53:19-0400 - 36.00 B
2015-03-25 01:53:20.357+0000 INFO  [o.n.k.i.DiagnosticsManager]:   neostore.propertystore.db.index.id: 2015-03-24T21:53:19-0400 - 9.00 B
2015-03-25 01:53:20.357+0000 INFO  [o.n.k.i.DiagnosticsManager]:   neostore.propertystore.db.index.keys: 2015-03-24T21:53:19-0400 - 190.00 B
2015-03-25 01:53:20.357+0000 INFO  [o.n.k.i.DiagnosticsManager]:   neostore.propertystore.db.index.keys.id: 2015-03-24T21:53:19-0400 - 9.00 B
2015-03-25 01:53:20.357+0000 INFO  [o.n.k.i.DiagnosticsManager]:   neostore.propertystore.db.strings: 2015-03-24T21:53:19-0400 - 640.00 B
2015-03-25 01:53:20.359+0000 INFO  [o.n.k.i.DiagnosticsManager]:   neostore.propertystore.db.strings.id: 2015-03-24T21:53:19-0400 - 9.00 B
2015-03-25 01:53:20.359+0000 INFO  [o.n.k.i.DiagnosticsManager]:   neostore.relationshipgroupstore.db: 2015-03-24T21:53:19-0400 - 575.00 B
2015-03-25 01:53:20.360+0000 INFO  [o.n.k.i.DiagnosticsManager]:   neostore.relationshipgroupstore.db.id: 2015-03-24T21:53:19-0400 - 9.00 B
2015-03-25 01:53:20.360+0000 INFO  [o.n.k.i.DiagnosticsManager]:   neostore.relationshipstore.db: 2015-03-24T21:53:19-0400 - 110.73 kB
2015-03-25 01:53:20.360+0000 INFO  [o.n.k.i.DiagnosticsManager]:   neostore.relationshipstore.db.id: 2015-03-24T21:53:19-0400 - 9.00 B
2015-03-25 01:53:20.360+0000 INFO  [o.n.k.i.DiagnosticsManager]:   neostore.relationshiptypestore.db: 2015-03-24T21:53:19-0400 - 5.00 B
2015-03-25 01:53:20.360+0000 INFO  [o.n.k.i.DiagnosticsManager]:   neostore.relationshiptypestore.db.id: 2015-03-24T21:53:19-0400 - 9.00 B
2015-03-25 01:53:20.361+0000 INFO  [o.n.k.i.DiagnosticsManager]:   neostore.relationshiptypestore.db.names: 2015-03-24T21:53:19-0400 - 76.00 B
2015-03-25 01:53:20.361+0000 INFO  [o.n.k.i.DiagnosticsManager]:   neostore.relationshiptypestore.db.names.id: 2015-03-24T21:53:19-0400 - 9.00 B
2015-03-25 01:53:20.361+0000 INFO  [o.n.k.i.DiagnosticsManager]:   neostore.schemastore.db: 2015-03-24T21:53:19-0400 - 64.00 B
2015-03-25 01:53:20.361+0000 INFO  [o.n.k.i.DiagnosticsManager]:   neostore.schemastore.db.id: 2015-03-24T21:53:19-0400 - 9.00 B
2015-03-25 01:53:20.363+0000 INFO  [o.n.k.i.DiagnosticsManager]:   neostore.transaction.db.0: 2015-03-14T13:09:22-0400 - 754.25 kB
2015-03-25 01:53:20.364+0000 INFO  [o.n.k.i.DiagnosticsManager]:   neostore.transaction.db.1: 2015-03-14T13:09:37-0400 - 163.97 kB
2015-03-25 01:53:20.364+0000 INFO  [o.n.k.i.DiagnosticsManager]:   neostore.transaction.db.10: 2015-03-14T13:31:50-0400 - 16.00 B
2015-03-25 01:53:20.364+0000 INFO  [o.n.k.i.DiagnosticsManager]:   neostore.transaction.db.11: 2015-03-14T13:31:55-0400 - 16.00 B
2015-03-25 01:53:20.364+0000 INFO  [o.n.k.i.DiagnosticsManager]:   neostore.transaction.db.12: 2015-03-14T13:31:59-0400 - 16.00 B
2015-03-25 01:53:20.364+0000 INFO  [o.n.k.i.DiagnosticsManager]:   neostore.transaction.db.13: 2015-03-14T13:32:01-0400 - 16.00 B
2015-03-25 01:53:20.365+0000 INFO  [o.n.k.i.DiagnosticsManager]:   neostore.transaction.db.14: 2015-03-14T13:32:02-0400 - 16.00 B
2015-03-25 01:53:20.365+0000 INFO  [o.n.k.i.DiagnosticsManager]:   neostore.transaction.db.15: 2015-03-14T13:32:09-0400 - 16.00 B
2015-03-25 01:53:20.365+0000 INFO  [o.n.k.i.DiagnosticsManager]:   neostore.transaction.db.16: 2015-03-14T13:32:11-0400 - 16.00 B
2015-03-25 01:53:20.365+0000 INFO  [o.n.k.i.DiagnosticsManager]:   neostore.transaction.db.17: 2015-03-14T13:32:14-0400 - 16.00 B
2015-03-25 01:53:20.365+0000 INFO  [o.n.k.i.DiagnosticsManager]:   neostore.transaction.db.18: 2015-03-14T13:32:15-0400 - 16.00 B
2015-03-25 01:53:20.365+0000 INFO  [o.n.k.i.DiagnosticsManager]:   neostore.transaction.db.19: 2015-03-14T13:32:15-0400 - 16.00 B
2015-03-25 01:53:20.366+0000 INFO  [o.n.k.i.DiagnosticsManager]:   neostore.transaction.db.2: 2015-03-14T13:10:06-0400 - 16.00 B
2015-03-25 01:53:20.366+0000 INFO  [o.n.k.i.DiagnosticsManager]:   neostore.transaction.db.20: 2015-03-14T13:32:17-0400 - 16.00 B
2015-03-25 01:53:20.366+0000 INFO  [o.n.k.i.DiagnosticsManager]:   neostore.transaction.db.21: 2015-03-14T13:32:17-0400 - 16.00 B
2015-03-25 01:53:20.366+0000 INFO  [o.n.k.i.DiagnosticsManager]:   neostore.transaction.db.22: 2015-03-14T13:32:34-0400 - 16.00 B
2015-03-25 01:53:20.366+0000 INFO  [o.n.k.i.DiagnosticsManager]:   neostore.transaction.db.23: 2015-03-14T13:32:45-0400 - 16.00 B
2015-03-25 01:53:20.366+0000 INFO  [o.n.k.i.DiagnosticsManager]:   neostore.transaction.db.24: 2015-03-14T13:33:54-0400 - 16.00 B
2015-03-25 01:53:20.367+0000 INFO  [o.n.k.i.DiagnosticsManager]:   neostore.transaction.db.25: 2015-03-14T13:34:07-0400 - 16.00 B
2015-03-25 01:53:20.367+0000 INFO  [o.n.k.i.DiagnosticsManager]:   neostore.transaction.db.26: 2015-03-14T13:34:29-0400 - 16.00 B
2015-03-25 01:53:20.367+0000 INFO  [o.n.k.i.DiagnosticsManager]:   neostore.transaction.db.27: 2015-03-14T13:34:44-0400 - 16.00 B
2015-03-25 01:53:20.367+0000 INFO  [o.n.k.i.DiagnosticsManager]:   neostore.transaction.db.28: 2015-03-14T13:35:30-0400 - 16.00 B
2015-03-25 01:53:20.367+0000 INFO  [o.n.k.i.DiagnosticsManager]:   neostore.transaction.db.29: 2015-03-14T13:35:35-0400 - 16.00 B
2015-03-25 01:53:20.367+0000 INFO  [o.n.k.i.DiagnosticsManager]:   neostore.transaction.db.3: 2015-03-14T13:12:18-0400 - 16.00 B
2015-03-25 01:53:20.368+0000 INFO  [o.n.k.i.DiagnosticsManager]:   neostore.transaction.db.30: 2015-03-14T13:35:47-0400 - 16.00 B
2015-03-25 01:53:20.368+0000 INFO  [o.n.k.i.DiagnosticsManager]:   neostore.transaction.db.31: 2015-03-14T13:48:22-0400 - 16.00 B
2015-03-25 01:53:20.368+0000 INFO  [o.n.k.i.DiagnosticsManager]:   neostore.transaction.db.32: 2015-03-14T13:48:45-0400 - 16.00 B
2015-03-25 01:53:20.368+0000 INFO  [o.n.k.i.DiagnosticsManager]:   neostore.transaction.db.33: 2015-03-14T13:49:24-0400 - 16.00 B
2015-03-25 01:53:20.368+0000 INFO  [o.n.k.i.DiagnosticsManager]:   neostore.transaction.db.34: 2015-03-14T13:49:30-0400 - 16.00 B
2015-03-25 01:53:20.368+0000 INFO  [o.n.k.i.DiagnosticsManager]:   neostore.transaction.db.35: 2015-03-15T16:30:21-0400 - 16.00 B
2015-03-25 01:53:20.368+0000 INFO  [o.n.k.i.DiagnosticsManager]:   neostore.transaction.db.36: 2015-03-15T16:30:34-0400 - 16.00 B
2015-03-25 01:53:20.369+0000 INFO  [o.n.k.i.DiagnosticsManager]:   neostore.transaction.db.37: 2015-03-15T16:32:31-0400 - 16.00 B
2015-03-25 01:53:20.369+0000 INFO  [o.n.k.i.DiagnosticsManager]:   neostore.transaction.db.38: 2015-03-15T16:36:28-0400 - 16.00 B
2015-03-25 01:53:20.369+0000 INFO  [o.n.k.i.DiagnosticsManager]:   neostore.transaction.db.39: 2015-03-15T16:37:18-0400 - 16.00 B
2015-03-25 01:53:20.369+0000 INFO  [o.n.k.i.DiagnosticsManager]:   neostore.transaction.db.4: 2015-03-14T13:13:53-0400 - 16.00 B
2015-03-25 01:53:20.369+0000 INFO  [o.n.k.i.DiagnosticsManager]:   neostore.transaction.db.40: 2015-03-15T17:00:17-0400 - 16.00 B
2015-03-25 01:53:20.369+0000 INFO  [o.n.k.i.DiagnosticsManager]:   neostore.transaction.db.41: 2015-03-15T17:05:33-0400 - 16.00 B
2015-03-25 01:53:20.370+0000 INFO  [o.n.k.i.DiagnosticsManager]:   neostore.transaction.db.42: 2015-03-15T17:15:19-0400 - 16.00 B
2015-03-25 01:53:20.370+0000 INFO  [o.n.k.i.DiagnosticsManager]:   neostore.transaction.db.43: 2015-03-15T17:28:38-0400 - 16.00 B
2015-03-25 01:53:20.370+0000 INFO  [o.n.k.i.DiagnosticsManager]:   neostore.transaction.db.44: 2015-03-15T18:33:19-0400 - 16.00 B
2015-03-25 01:53:20.370+0000 INFO  [o.n.k.i.DiagnosticsManager]:   neostore.transaction.db.45: 2015-03-15T18:36:04-0400 - 16.00 B
2015-03-25 01:53:20.370+0000 INFO  [o.n.k.i.DiagnosticsManager]:   neostore.transaction.db.46: 2015-03-15T18:39:41-0400 - 16.00 B
2015-03-25 01:53:20.370+0000 INFO  [o.n.k.i.DiagnosticsManager]:   neostore.transaction.db.47: 2015-03-15T18:39:44-0400 - 16.00 B
2015-03-25 01:53:20.370+0000 INFO  [o.n.k.i.DiagnosticsManager]:   neostore.transaction.db.48: 2015-03-15T18:44:25-0400 - 16.00 B
2015-03-25 01:53:20.371+0000 INFO  [o.n.k.i.DiagnosticsManager]:   neostore.transaction.db.49: 2015-03-16T14:06:21-0400 - 16.00 B
2015-03-25 01:53:20.371+0000 INFO  [o.n.k.i.DiagnosticsManager]:   neostore.transaction.db.5: 2015-03-14T13:14:14-0400 - 16.00 B
2015-03-25 01:53:20.371+0000 INFO  [o.n.k.i.DiagnosticsManager]:   neostore.transaction.db.50: 2015-03-16T14:06:26-0400 - 16.00 B
2015-03-25 01:53:20.371+0000 INFO  [o.n.k.i.DiagnosticsManager]:   neostore.transaction.db.51: 2015-03-16T14:06:47-0400 - 16.00 B
2015-03-25 01:53:20.371+0000 INFO  [o.n.k.i.DiagnosticsManager]:   neostore.transaction.db.52: 2015-03-16T14:11:01-0400 - 16.00 B
2015-03-25 01:53:20.371+0000 INFO  [o.n.k.i.DiagnosticsManager]:   neostore.transaction.db.53: 2015-03-16T14:11:20-0400 - 16.00 B
2015-03-25 01:53:20.371+0000 INFO  [o.n.k.i.DiagnosticsManager]:   neostore.transaction.db.54: 2015-03-16T14:11:35-0400 - 16.00 B
2015-03-25 01:53:20.372+0000 INFO  [o.n.k.i.DiagnosticsManager]:   neostore.transaction.db.55: 2015-03-16T14:11:38-0400 - 16.00 B
2015-03-25 01:53:20.372+0000 INFO  [o.n.k.i.DiagnosticsManager]:   neostore.transaction.db.56: 2015-03-16T14:11:39-0400 - 16.00 B
2015-03-25 01:53:20.372+0000 INFO  [o.n.k.i.DiagnosticsManager]:   neostore.transaction.db.57: 2015-03-16T14:51:10-0400 - 16.00 B
2015-03-25 01:53:20.372+0000 INFO  [o.n.k.i.DiagnosticsManager]:   neostore.transaction.db.58: 2015-03-16T14:52:34-0400 - 16.00 B
2015-03-25 01:53:20.372+0000 INFO  [o.n.k.i.DiagnosticsManager]:   neostore.transaction.db.59: 2015-03-16T14:53:04-0400 - 16.00 B
2015-03-25 01:53:20.372+0000 INFO  [o.n.k.i.DiagnosticsManager]:   neostore.transaction.db.6: 2015-03-14T13:16:08-0400 - 16.00 B
2015-03-25 01:53:20.372+0000 INFO  [o.n.k.i.DiagnosticsManager]:   neostore.transaction.db.60: 2015-03-16T14:53:15-0400 - 16.00 B
2015-03-25 01:53:20.373+0000 INFO  [o.n.k.i.DiagnosticsManager]:   neostore.transaction.db.61: 2015-03-16T14:54:27-0400 - 16.00 B
2015-03-25 01:53:20.373+0000 INFO  [o.n.k.i.DiagnosticsManager]:   neostore.transaction.db.62: 2015-03-16T14:54:33-0400 - 16.00 B
2015-03-25 01:53:20.373+0000 INFO  [o.n.k.i.DiagnosticsManager]:   neostore.transaction.db.63: 2015-03-20T13:19:32-0400 - 16.00 B
2015-03-25 01:53:20.373+0000 INFO  [o.n.k.i.DiagnosticsManager]:   neostore.transaction.db.64: 2015-03-20T13:31:06-0400 - 16.00 B
2015-03-25 01:53:20.373+0000 INFO  [o.n.k.i.DiagnosticsManager]:   neostore.transaction.db.65: 2015-03-20T13:31:49-0400 - 16.00 B
2015-03-25 01:53:20.373+0000 INFO  [o.n.k.i.DiagnosticsManager]:   neostore.transaction.db.66: 2015-03-20T13:33:54-0400 - 16.00 B
2015-03-25 01:53:20.373+0000 INFO  [o.n.k.i.DiagnosticsManager]:   neostore.transaction.db.67: 2015-03-20T13:34:12-0400 - 16.00 B
2015-03-25 01:53:20.374+0000 INFO  [o.n.k.i.DiagnosticsManager]:   neostore.transaction.db.68: 2015-03-20T15:08:05-0400 - 16.00 B
2015-03-25 01:53:20.374+0000 INFO  [o.n.k.i.DiagnosticsManager]:   neostore.transaction.db.69: 2015-03-22T16:51:13-0400 - 16.00 B
2015-03-25 01:53:20.374+0000 INFO  [o.n.k.i.DiagnosticsManager]:   neostore.transaction.db.7: 2015-03-14T13:16:19-0400 - 16.00 B
2015-03-25 01:53:20.374+0000 INFO  [o.n.k.i.DiagnosticsManager]:   neostore.transaction.db.70: 2015-03-22T16:51:52-0400 - 16.00 B
2015-03-25 01:53:20.374+0000 INFO  [o.n.k.i.DiagnosticsManager]:   neostore.transaction.db.71: 2015-03-22T17:40:55-0400 - 16.00 B
2015-03-25 01:53:20.374+0000 INFO  [o.n.k.i.DiagnosticsManager]:   neostore.transaction.db.72: 2015-03-22T17:51:47-0400 - 16.00 B
2015-03-25 01:53:20.374+0000 INFO  [o.n.k.i.DiagnosticsManager]:   neostore.transaction.db.73: 2015-03-22T18:03:39-0400 - 16.00 B
2015-03-25 01:53:20.375+0000 INFO  [o.n.k.i.DiagnosticsManager]:   neostore.transaction.db.74: 2015-03-22T18:03:57-0400 - 16.00 B
2015-03-25 01:53:20.375+0000 INFO  [o.n.k.i.DiagnosticsManager]:   neostore.transaction.db.75: 2015-03-22T18:30:43-0400 - 16.00 B
2015-03-25 01:53:20.375+0000 INFO  [o.n.k.i.DiagnosticsManager]:   neostore.transaction.db.76: 2015-03-23T20:21:53-0400 - 16.00 B
2015-03-25 01:53:20.375+0000 INFO  [o.n.k.i.DiagnosticsManager]:   neostore.transaction.db.77: 2015-03-23T20:56:55-0400 - 16.00 B
2015-03-25 01:53:20.375+0000 INFO  [o.n.k.i.DiagnosticsManager]:   neostore.transaction.db.78: 2015-03-23T21:38:54-0400 - 16.00 B
2015-03-25 01:53:20.375+0000 INFO  [o.n.k.i.DiagnosticsManager]:   neostore.transaction.db.79: 2015-03-24T21:53:19-0400 - 16.00 B
2015-03-25 01:53:20.376+0000 INFO  [o.n.k.i.DiagnosticsManager]:   neostore.transaction.db.8: 2015-03-14T13:18:10-0400 - 16.00 B
2015-03-25 01:53:20.376+0000 INFO  [o.n.k.i.DiagnosticsManager]:   neostore.transaction.db.9: 2015-03-14T13:31:39-0400 - 16.00 B
2015-03-25 01:53:20.376+0000 INFO  [o.n.k.i.DiagnosticsManager]:   schema:
2015-03-25 01:53:20.376+0000 INFO  [o.n.k.i.DiagnosticsManager]:     label:
2015-03-25 01:53:20.376+0000 INFO  [o.n.k.i.DiagnosticsManager]:       lucene:
2015-03-25 01:53:20.376+0000 INFO  [o.n.k.i.DiagnosticsManager]:         _2.cfs: 2015-03-14T13:09:37-0400 - 2.28 kB
2015-03-25 01:53:20.376+0000 INFO  [o.n.k.i.DiagnosticsManager]:         segments.gen: 2015-03-14T13:09:37-0400 - 20.00 B
2015-03-25 01:53:20.376+0000 INFO  [o.n.k.i.DiagnosticsManager]:         segments_2: 2015-03-14T13:09:37-0400 - 280.00 B
2015-03-25 01:53:20.377+0000 INFO  [o.n.k.i.DiagnosticsManager]:         write.lock: 2015-03-24T21:53:19-0400 - 0.00 B
2015-03-25 01:53:20.377+0000 INFO  [o.n.k.i.DiagnosticsManager]:       - Total: 2015-03-24T21:53:19-0400 - 2.57 kB
2015-03-25 01:53:20.377+0000 INFO  [o.n.k.i.DiagnosticsManager]:     - Total: 2015-03-14T13:09:21-0400 - 2.57 kB
2015-03-25 01:53:20.377+0000 INFO  [o.n.k.i.DiagnosticsManager]:   - Total: 2015-03-14T13:09:21-0400 - 2.57 kB
2015-03-25 01:53:20.377+0000 INFO  [o.n.k.i.DiagnosticsManager]:   store_lock: 2015-03-14T13:09:20-0400 - 0.00 B
2015-03-25 01:53:20.377+0000 INFO  [o.n.k.i.DiagnosticsManager]: --- STARTED diagnostics for KernelDiagnostics:StoreFiles END ---
2015-03-25 01:53:20.418+0000 INFO  [o.n.k.EmbeddedGraphDatabase]: Database is now ready
2015-03-25 01:53:20.418+0000 INFO  [o.n.s.d.LifecycleManagingDatabase]: Successfully started database
2015-03-25 01:53:20.420+0000 INFO  [o.n.k.i.DiagnosticsManager]: --- SERVER STARTED START ---
2015-03-25 01:53:20.495+0000 INFO  [o.n.s.CommunityNeoServer]: Starting HTTP on port :7474 with 4 threads available
2015-03-25 01:53:20.767+0000 INFO  [o.n.s.CommunityNeoServer]: Enabling HTTPS on port :7473
2015-03-25 01:53:21.051+0000 INFO  [o.n.s.w.Jetty9WebServer]: Mounting static content at [/webadmin] from [webadmin-html]
2015-03-25 01:53:21.115+0000 INFO  [o.n.s.w.Jetty9WebServer]: Mounting static content at [/browser] from [browser]
2015-03-25 01:53:22.426+0000 INFO  [o.n.s.CommunityNeoServer]: Server started on: http://localhost:7474/
2015-03-25 01:53:22.426+0000 INFO  [o.n.s.CommunityNeoServer]: Remote interface ready and available at [http://localhost:7474/]
2015-03-25 01:53:22.426+0000 INFO  [o.n.k.i.DiagnosticsManager]: --- SERVER STARTED END ---
2015-03-25 03:21:09.108+0000 INFO  [o.n.s.CommunityBootstrapper]: Neo4j Server shutdown initiated by request
2015-03-25 03:21:09.126+0000 INFO  [o.n.s.CommunityNeoServer]: Successfully shutdown Neo4j Server.
2015-03-25 03:21:09.126+0000 INFO  [o.n.k.EmbeddedGraphDatabase]: Shutdown started
2015-03-25 03:21:09.126+0000 INFO  [o.n.k.EmbeddedGraphDatabase]: Database is now unavailable
2015-03-25 03:21:09.170+0000 INFO  [o.n.k.NeoStoreDataSource]: NeoStore closed
2015-03-25 03:21:09.170+0000 INFO  [o.n.k.i.DiagnosticsManager]: --- STOPPING diagnostics START ---
2015-03-25 03:21:09.170+0000 INFO  [o.n.k.i.DiagnosticsManager]: --- STOPPING diagnostics END ---
2015-03-25 03:21:09.174+0000 INFO  [o.n.s.d.LifecycleManagingDatabase]: Successfully stopped database
2015-03-25 03:21:09.174+0000 INFO  [o.n.s.CommunityNeoServer]: Successfully shutdown database.
