2015-04-06 18:27:20.316+0000 WARN  [o.n.k.i.JvmChecker]: You are using an unsupported version of the Java runtime. Please use Oracle(R) Java(TM) Runtime Environment 7 or OpenJDK(TM) 7.
2015-04-06 18:27:20.382+0000 INFO  [o.n.s.CommunityNeoServer]: Setting startup timeout to: 120000ms based on 120000
2015-04-06 18:27:20.500+0000 WARN  [o.n.k.EmbeddedGraphDatabase]: You are using an unsupported version of the Java runtime. Please use Oracle(R) Java(TM) Runtime Environment 7 or OpenJDK(TM) 7.
2015-04-06 18:27:20.537+0000 INFO  [o.n.k.InternalAbstractGraphDatabase]: No locking implementation specified, defaulting to 'community'
2015-04-06 18:27:20.613+0000 INFO  [o.n.k.i.DiagnosticsManager]: --- INITIALIZED diagnostics START ---
2015-04-06 18:27:20.615+0000 INFO  [o.n.k.i.DiagnosticsManager]: Neo4j Kernel properties:
2015-04-06 18:27:20.618+0000 INFO  [o.n.k.i.DiagnosticsManager]: remote_shell_enabled=true
2015-04-06 18:27:20.619+0000 INFO  [o.n.k.i.DiagnosticsManager]: store_dir=/Users/jiechen/Google Drive/Eclipse-Luna/neo4j-community-2.2.0-M02/Version3
2015-04-06 18:27:20.620+0000 INFO  [o.n.k.i.DiagnosticsManager]: Diagnostics providers:
2015-04-06 18:27:20.621+0000 INFO  [o.n.k.i.DiagnosticsManager]: org.neo4j.kernel.configuration.Config
2015-04-06 18:27:20.621+0000 INFO  [o.n.k.i.DiagnosticsManager]: org.neo4j.kernel.info.DiagnosticsManager
2015-04-06 18:27:20.621+0000 INFO  [o.n.k.i.DiagnosticsManager]: SYSTEM_MEMORY
2015-04-06 18:27:20.621+0000 INFO  [o.n.k.i.DiagnosticsManager]: JAVA_MEMORY
2015-04-06 18:27:20.621+0000 INFO  [o.n.k.i.DiagnosticsManager]: OPERATING_SYSTEM
2015-04-06 18:27:20.621+0000 INFO  [o.n.k.i.DiagnosticsManager]: JAVA_VIRTUAL_MACHINE
2015-04-06 18:27:20.621+0000 INFO  [o.n.k.i.DiagnosticsManager]: CLASSPATH
2015-04-06 18:27:20.621+0000 INFO  [o.n.k.i.DiagnosticsManager]: LIBRARY_PATH
2015-04-06 18:27:20.621+0000 INFO  [o.n.k.i.DiagnosticsManager]: SYSTEM_PROPERTIES
2015-04-06 18:27:20.621+0000 INFO  [o.n.k.i.DiagnosticsManager]: NETWORK
2015-04-06 18:27:20.621+0000 INFO  [o.n.k.i.DiagnosticsManager]: System memory information:
2015-04-06 18:27:20.627+0000 INFO  [o.n.k.i.DiagnosticsManager]: Total Physical memory: 8.00 GB
2015-04-06 18:27:20.627+0000 INFO  [o.n.k.i.DiagnosticsManager]: Free Physical memory: 1.55 GB
2015-04-06 18:27:20.627+0000 INFO  [o.n.k.i.DiagnosticsManager]: Committed virtual memory: 5.72 GB
2015-04-06 18:27:20.628+0000 INFO  [o.n.k.i.DiagnosticsManager]: Total swap space: 2.00 GB
2015-04-06 18:27:20.628+0000 INFO  [o.n.k.i.DiagnosticsManager]: Free swap space: 971.50 MB
2015-04-06 18:27:20.628+0000 INFO  [o.n.k.i.DiagnosticsManager]: JVM memory information:
2015-04-06 18:27:20.629+0000 INFO  [o.n.k.i.DiagnosticsManager]: Free  memory: 87.91 MB
2015-04-06 18:27:20.629+0000 INFO  [o.n.k.i.DiagnosticsManager]: Total memory: 123.75 MB
2015-04-06 18:27:20.629+0000 INFO  [o.n.k.i.DiagnosticsManager]: Max   memory: 1.97 GB
2015-04-06 18:27:20.633+0000 INFO  [o.n.k.i.DiagnosticsManager]: Garbage Collector: ParNew: [Par Eden Space, Par Survivor Space]
2015-04-06 18:27:20.633+0000 INFO  [o.n.k.i.DiagnosticsManager]: Garbage Collector: ConcurrentMarkSweep: [Par Eden Space, Par Survivor Space, CMS Old Gen]
2015-04-06 18:27:20.635+0000 INFO  [o.n.k.i.DiagnosticsManager]: Memory Pool: Code Cache (Non-heap memory): committed=3.69 MB, used=3.67 MB, max=240.00 MB, threshold=0.00 B
2015-04-06 18:27:20.635+0000 INFO  [o.n.k.i.DiagnosticsManager]: Memory Pool: Metaspace (Non-heap memory): committed=13.00 MB, used=12.65 MB, max=-1.00 B, threshold=0.00 B
2015-04-06 18:27:20.636+0000 INFO  [o.n.k.i.DiagnosticsManager]: Memory Pool: Compressed Class Space (Non-heap memory): committed=1.75 MB, used=1.67 MB, max=1.00 GB, threshold=0.00 B
2015-04-06 18:27:20.637+0000 INFO  [o.n.k.i.DiagnosticsManager]: Memory Pool: Par Eden Space (Heap memory): committed=34.13 MB, used=31.67 MB, max=266.25 MB, threshold=?
2015-04-06 18:27:20.637+0000 INFO  [o.n.k.i.DiagnosticsManager]: Memory Pool: Par Survivor Space (Heap memory): committed=4.25 MB, used=4.25 MB, max=33.25 MB, threshold=?
2015-04-06 18:27:20.638+0000 INFO  [o.n.k.i.DiagnosticsManager]: Memory Pool: CMS Old Gen (Heap memory): committed=85.38 MB, used=595.55 kB, max=1.68 GB, threshold=0.00 B
2015-04-06 18:27:20.638+0000 INFO  [o.n.k.i.DiagnosticsManager]: Operating system information:
2015-04-06 18:27:20.639+0000 INFO  [o.n.k.i.DiagnosticsManager]: Operating System: Mac OS X; version: 10.9.4; arch: x86_64; cpus: 4
2015-04-06 18:27:20.640+0000 INFO  [o.n.k.i.DiagnosticsManager]: Max number of file descriptors: 10240
2015-04-06 18:27:20.640+0000 INFO  [o.n.k.i.DiagnosticsManager]: Number of open file descriptors: 90
2015-04-06 18:27:20.640+0000 INFO  [o.n.k.i.DiagnosticsManager]: Process id: 20552@JIEs-MacBook-Pro.local
2015-04-06 18:27:20.640+0000 INFO  [o.n.k.i.DiagnosticsManager]: Byte order: LITTLE_ENDIAN
2015-04-06 18:27:20.641+0000 INFO  [o.n.k.i.DiagnosticsManager]: Local timezone: America/New_York
2015-04-06 18:27:20.641+0000 INFO  [o.n.k.i.DiagnosticsManager]: JVM information:
2015-04-06 18:27:20.641+0000 INFO  [o.n.k.i.DiagnosticsManager]: VM Name: Java HotSpot(TM) 64-Bit Server VM
2015-04-06 18:27:20.641+0000 INFO  [o.n.k.i.DiagnosticsManager]: VM Vendor: Oracle Corporation
2015-04-06 18:27:20.641+0000 INFO  [o.n.k.i.DiagnosticsManager]: VM Version: 25.20-b23
2015-04-06 18:27:20.641+0000 INFO  [o.n.k.i.DiagnosticsManager]: JIT compiler: HotSpot 64-Bit Tiered Compilers
2015-04-06 18:27:20.642+0000 INFO  [o.n.k.i.DiagnosticsManager]: VM Arguments: [-XX:+DisableExplicitGC, -Dorg.neo4j.server.properties=conf/neo4j-server.properties, -Djava.util.logging.config.file=conf/logging.properties, -Dlog4j.configuration=file:conf/log4j.properties, -XX:+UseConcMarkSweepGC, -XX:+CMSClassUnloadingEnabled, -XX:-OmitStackTraceInFastThrow, -Dneo4j.home=/Users/jiechen/Google Drive/Eclipse-Luna/neo4j-community-2.2.0-M02, -Dneo4j.instance=/Users/jiechen/Google Drive/Eclipse-Luna/neo4j-community-2.2.0-M02, -Dfile.encoding=UTF-8]
2015-04-06 18:27:20.642+0000 INFO  [o.n.k.i.DiagnosticsManager]: Java classpath:
2015-04-06 18:27:20.650+0000 INFO  [o.n.k.i.DiagnosticsManager]:  [classpath] /Users/jiechen/Google Drive/Eclipse-Luna/neo4j-community-2.2.0-M02/system/lib/jetty-io-9.2.1.v20140609.jar
2015-04-06 18:27:20.650+0000 INFO  [o.n.k.i.DiagnosticsManager]:  [loader.1] file:/System/Library/Java/Extensions/QTJava.zip
2015-04-06 18:27:20.650+0000 INFO  [o.n.k.i.DiagnosticsManager]:  [classpath] /Users/jiechen/Google Drive/Eclipse-Luna/neo4j-community-2.2.0-M02/lib/neo4j-shell-2.2.0-M02.jar
2015-04-06 18:27:20.650+0000 INFO  [o.n.k.i.DiagnosticsManager]:  [classpath] /Users/jiechen/Google Drive/Eclipse-Luna/neo4j-community-2.2.0-M02/system/lib/jersey-core-1.18.1.jar
2015-04-06 18:27:20.650+0000 INFO  [o.n.k.i.DiagnosticsManager]:  [loader.0] file:/Users/jiechen/Google%20Drive/Eclipse-Luna/neo4j-community-2.2.0-M02/lib/neo4j-graph-algo-2.2.0-M02.jar
2015-04-06 18:27:20.650+0000 INFO  [o.n.k.i.DiagnosticsManager]:  [classpath] /Users/jiechen/Google Drive/Eclipse-Luna/neo4j-community-2.2.0-M02/system/lib/neo4j-server-2.2.0-M02-static-web.jar
2015-04-06 18:27:20.650+0000 INFO  [o.n.k.i.DiagnosticsManager]:  [bootstrap] /Library/Java/JavaVirtualMachines/jdk1.8.0_20.jdk/Contents/Home/jre/lib/rt.jar
2015-04-06 18:27:20.650+0000 INFO  [o.n.k.i.DiagnosticsManager]:  [classpath] /Users/jiechen/Google Drive/Eclipse-Luna/neo4j-community-2.2.0-M02/system/lib/logback-core-1.1.2.jar
2015-04-06 18:27:20.650+0000 INFO  [o.n.k.i.DiagnosticsManager]:  [classpath] /Users/jiechen/Google Drive/Eclipse-Luna/neo4j-community-2.2.0-M02/system/lib/commons-digester-2.1.jar
2015-04-06 18:27:20.650+0000 INFO  [o.n.k.i.DiagnosticsManager]:  [bootstrap] /Library/Java/JavaVirtualMachines/jdk1.8.0_20.jdk/Contents/Home/jre/lib/jce.jar
2015-04-06 18:27:20.650+0000 INFO  [o.n.k.i.DiagnosticsManager]:  [loader.0] file:/Users/jiechen/Google%20Drive/Eclipse-Luna/neo4j-community-2.2.0-M02/lib/neo4j-shell-2.2.0-M02.jar
2015-04-06 18:27:20.650+0000 INFO  [o.n.k.i.DiagnosticsManager]:  [loader.1] file:/Library/Java/JavaVirtualMachines/jdk1.8.0_20.jdk/Contents/Home/jre/lib/ext/localedata.jar
2015-04-06 18:27:20.651+0000 INFO  [o.n.k.i.DiagnosticsManager]:  [loader.0] file:/Users/jiechen/Google%20Drive/Eclipse-Luna/neo4j-community-2.2.0-M02/system/lib/logback-access-1.1.2.jar
2015-04-06 18:27:20.651+0000 INFO  [o.n.k.i.DiagnosticsManager]:  [classpath] /Users/jiechen/Google Drive/Eclipse-Luna/neo4j-community-2.2.0-M02/system/lib/commons-logging-1.1.1.jar
2015-04-06 18:27:20.651+0000 INFO  [o.n.k.i.DiagnosticsManager]:  [classpath] /Users/jiechen/Google Drive/Eclipse-Luna/neo4j-community-2.2.0-M02/lib/neo4j-jmx-2.2.0-M02.jar
2015-04-06 18:27:20.651+0000 INFO  [o.n.k.i.DiagnosticsManager]:  [loader.1] file:/Library/Java/JavaVirtualMachines/jdk1.8.0_20.jdk/Contents/Home/jre/lib/ext/cldrdata.jar
2015-04-06 18:27:20.651+0000 INFO  [o.n.k.i.DiagnosticsManager]:  [classpath] /Users/jiechen/Google Drive/Eclipse-Luna/neo4j-community-2.2.0-M02/lib/server-api-2.2.0-M02.jar
2015-04-06 18:27:20.651+0000 INFO  [o.n.k.i.DiagnosticsManager]:  [loader.0] file:/Users/jiechen/Google%20Drive/Eclipse-Luna/neo4j-community-2.2.0-M02/lib/org.apache.servicemix.bundles.jline-0.9.94_1.jar
2015-04-06 18:27:20.651+0000 INFO  [o.n.k.i.DiagnosticsManager]:  [loader.0] file:/Users/jiechen/Google%20Drive/Eclipse-Luna/neo4j-community-2.2.0-M02/system/lib/jetty-server-9.2.1.v20140609.jar
2015-04-06 18:27:20.651+0000 INFO  [o.n.k.i.DiagnosticsManager]:  [classpath] /Users/jiechen/Google Drive/Eclipse-Luna/neo4j-community-2.2.0-M02/lib/neo4j-cypher-compiler-2.1-2.1.6.jar
2015-04-06 18:27:20.651+0000 INFO  [o.n.k.i.DiagnosticsManager]:  [loader.1] file:/Library/Java/JavaVirtualMachines/jdk1.8.0_20.jdk/Contents/Home/jre/lib/ext/sunpkcs11.jar
2015-04-06 18:27:20.651+0000 INFO  [o.n.k.i.DiagnosticsManager]:  [classpath] /Users/jiechen/Google Drive/Eclipse-Luna/neo4j-community-2.2.0-M02/system/lib/rrd4j-2.2.jar
2015-04-06 18:27:20.651+0000 INFO  [o.n.k.i.DiagnosticsManager]:  [loader.0] file:/Users/jiechen/Google%20Drive/Eclipse-Luna/neo4j-community-2.2.0-M02/lib/neo4j-consistency-check-2.2.0-M02.jar
2015-04-06 18:27:20.651+0000 INFO  [o.n.k.i.DiagnosticsManager]:  [loader.0] file:/Users/jiechen/Google%20Drive/Eclipse-Luna/neo4j-community-2.2.0-M02/system/lib/jetty-util-9.2.1.v20140609.jar
2015-04-06 18:27:20.651+0000 INFO  [o.n.k.i.DiagnosticsManager]:  [loader.0] file:/Users/jiechen/Google%20Drive/Eclipse-Luna/neo4j-community-2.2.0-M02/system/lib/commons-compiler-2.6.1.jar
2015-04-06 18:27:20.651+0000 INFO  [o.n.k.i.DiagnosticsManager]:  [classpath] /Users/jiechen/Google Drive/Eclipse-Luna/neo4j-community-2.2.0-M02/lib/lucene-core-3.6.2.jar
2015-04-06 18:27:20.651+0000 INFO  [o.n.k.i.DiagnosticsManager]:  [classpath] /Users/jiechen/Google Drive/Eclipse-Luna/neo4j-community-2.2.0-M02/system/lib/neo4j-server-2.2.0-M02.jar
2015-04-06 18:27:20.651+0000 INFO  [o.n.k.i.DiagnosticsManager]:  [loader.0] file:/Users/jiechen/Google%20Drive/Eclipse-Luna/neo4j-community-2.2.0-M02/lib/neo4j-cypher-2.2.0-M02.jar
2015-04-06 18:27:20.651+0000 INFO  [o.n.k.i.DiagnosticsManager]:  [loader.0] file:/Users/jiechen/Google%20Drive/Eclipse-Luna/neo4j-community-2.2.0-M02/system/lib/jackson-core-asl-1.9.13.jar
2015-04-06 18:27:20.651+0000 INFO  [o.n.k.i.DiagnosticsManager]:  [classpath] /Users/jiechen/Google Drive/Eclipse-Luna/neo4j-community-2.2.0-M02/system/lib/jetty-webapp-9.2.1.v20140609.jar
2015-04-06 18:27:20.651+0000 INFO  [o.n.k.i.DiagnosticsManager]:  [loader.0] file:/Users/jiechen/Google%20Drive/Eclipse-Luna/neo4j-community-2.2.0-M02/system/lib/jackson-mapper-asl-1.9.13.jar
2015-04-06 18:27:20.651+0000 INFO  [o.n.k.i.DiagnosticsManager]:  [classpath] /Users/jiechen/Google Drive/Eclipse-Luna/neo4j-community-2.2.0-M02/lib/concurrentlinkedhashmap-lru-1.4.jar
2015-04-06 18:27:20.651+0000 INFO  [o.n.k.i.DiagnosticsManager]:  [loader.0] file:/Users/jiechen/Google%20Drive/Eclipse-Luna/neo4j-community-2.2.0-M02/system/lib/commons-beanutils-1.8.3.jar
2015-04-06 18:27:20.651+0000 INFO  [o.n.k.i.DiagnosticsManager]:  [classpath] /Users/jiechen/Google Drive/Eclipse-Luna/neo4j-community-2.2.0-M02/system/lib/jsr311-api-1.1.2.r612.jar
2015-04-06 18:27:20.651+0000 INFO  [o.n.k.i.DiagnosticsManager]:  [classpath] /Users/jiechen/Google Drive/Eclipse-Luna/neo4j-community-2.2.0-M02/lib/parboiled-scala_2.10-1.1.6.jar
2015-04-06 18:27:20.651+0000 INFO  [o.n.k.i.DiagnosticsManager]:  [classpath] /Users/jiechen/Google Drive/Eclipse-Luna/neo4j-community-2.2.0-M02/system/lib/jetty-security-9.2.1.v20140609.jar
2015-04-06 18:27:20.652+0000 INFO  [o.n.k.i.DiagnosticsManager]:  [classpath] /Users/jiechen/Google Drive/Eclipse-Luna/neo4j-community-2.2.0-M02/system/lib/logback-access-1.1.2.jar
2015-04-06 18:27:20.652+0000 INFO  [o.n.k.i.DiagnosticsManager]:  [loader.0] file:/Users/jiechen/Google%20Drive/Eclipse-Luna/neo4j-community-2.2.0-M02/system/lib/logback-classic-1.1.2.jar
2015-04-06 18:27:20.652+0000 INFO  [o.n.k.i.DiagnosticsManager]:  [classpath] /Users/jiechen/Google Drive/Eclipse-Luna/neo4j-community-2.2.0-M02/system/lib/jetty-xml-9.2.1.v20140609.jar
2015-04-06 18:27:20.652+0000 INFO  [o.n.k.i.DiagnosticsManager]:  [loader.0] file:/Users/jiechen/Google%20Drive/Eclipse-Luna/neo4j-community-2.2.0-M02/lib/neo4j-kernel-2.2.0-M02.jar
2015-04-06 18:27:20.652+0000 INFO  [o.n.k.i.DiagnosticsManager]:  [loader.0] file:/Users/jiechen/Google%20Drive/Eclipse-Luna/neo4j-community-2.2.0-M02/system/lib/jetty-security-9.2.1.v20140609.jar
2015-04-06 18:27:20.652+0000 INFO  [o.n.k.i.DiagnosticsManager]:  [classpath] /Users/jiechen/Google Drive/Eclipse-Luna/neo4j-community-2.2.0-M02/lib/neo4j-import-tool-2.2.0-M02.jar
2015-04-06 18:27:20.652+0000 INFO  [o.n.k.i.DiagnosticsManager]:  [classpath] /Users/jiechen/Google Drive/Eclipse-Luna/neo4j-community-2.2.0-M02/lib/neo4j-udc-2.2.0-M02.jar
2015-04-06 18:27:20.652+0000 INFO  [o.n.k.i.DiagnosticsManager]:  [loader.0] file:/Users/jiechen/Google%20Drive/Eclipse-Luna/neo4j-community-2.2.0-M02/system/lib/jetty-webapp-9.2.1.v20140609.jar
2015-04-06 18:27:20.652+0000 INFO  [o.n.k.i.DiagnosticsManager]:  [classpath] /Users/jiechen/Google Drive/Eclipse-Luna/neo4j-community-2.2.0-M02/system/lib/scala-reflect-2.10.4.jar
2015-04-06 18:27:20.652+0000 INFO  [o.n.k.i.DiagnosticsManager]:  [loader.0] file:/Users/jiechen/Google%20Drive/Eclipse-Luna/neo4j-community-2.2.0-M02/lib/neo4j-udc-2.2.0-M02.jar
2015-04-06 18:27:20.652+0000 INFO  [o.n.k.i.DiagnosticsManager]:  [loader.1] file:/System/Library/Java/Extensions/j3daudio.jar
2015-04-06 18:27:20.652+0000 INFO  [o.n.k.i.DiagnosticsManager]:  [classpath] /Users/jiechen/Google Drive/Eclipse-Luna/neo4j-community-2.2.0-M02/system/lib/jetty-server-9.2.1.v20140609.jar
2015-04-06 18:27:20.652+0000 INFO  [o.n.k.i.DiagnosticsManager]:  [loader.1] file:/System/Library/Java/Extensions/j3dutils.jar
2015-04-06 18:27:20.652+0000 INFO  [o.n.k.i.DiagnosticsManager]:  [loader.1] file:/System/Library/Java/Extensions/jai_codec.jar
2015-04-06 18:27:20.652+0000 INFO  [o.n.k.i.DiagnosticsManager]:  [classpath] /Users/jiechen/Google Drive/Eclipse-Luna/neo4j-community-2.2.0-M02/system/lib/jersey-multipart-1.18.1.jar
2015-04-06 18:27:20.652+0000 INFO  [o.n.k.i.DiagnosticsManager]:  [loader.1] file:/Library/Java/JavaVirtualMachines/jdk1.8.0_20.jdk/Contents/Home/jre/lib/ext/sunjce_provider.jar
2015-04-06 18:27:20.652+0000 INFO  [o.n.k.i.DiagnosticsManager]:  [loader.0] file:/Users/jiechen/Google%20Drive/Eclipse-Luna/neo4j-community-2.2.0-M02/lib/neo4j-cypher-compiler-2.2-2.2.0-M02.jar
2015-04-06 18:27:20.652+0000 INFO  [o.n.k.i.DiagnosticsManager]:  [loader.0] file:/Users/jiechen/Google%20Drive/Eclipse-Luna/neo4j-community-2.2.0-M02/lib/opencsv-2.3.jar
2015-04-06 18:27:20.652+0000 INFO  [o.n.k.i.DiagnosticsManager]:  [loader.0] file:/Users/jiechen/Google%20Drive/Eclipse-Luna/neo4j-community-2.2.0-M02/system/lib/commons-io-2.4.jar
2015-04-06 18:27:20.652+0000 INFO  [o.n.k.i.DiagnosticsManager]:  [loader.0] file:/Users/jiechen/Google%20Drive/Eclipse-Luna/neo4j-community-2.2.0-M02/lib/parboiled-core-1.1.6.jar
2015-04-06 18:27:20.652+0000 INFO  [o.n.k.i.DiagnosticsManager]:  [classpath] /Users/jiechen/Google Drive/Eclipse-Luna/neo4j-community-2.2.0-M02/system/lib/commons-lang-2.6.jar
2015-04-06 18:27:20.652+0000 INFO  [o.n.k.i.DiagnosticsManager]:  [classpath] /Users/jiechen/Google Drive/Eclipse-Luna/neo4j-community-2.2.0-M02/lib/neo4j-csv-2.2.0-M02.jar
2015-04-06 18:27:20.652+0000 INFO  [o.n.k.i.DiagnosticsManager]:  [classpath] /Users/jiechen/Google Drive/Eclipse-Luna/neo4j-community-2.2.0-M02/system/lib/commons-io-2.4.jar
2015-04-06 18:27:20.652+0000 INFO  [o.n.k.i.DiagnosticsManager]:  [loader.0] file:/Users/jiechen/Google%20Drive/Eclipse-Luna/neo4j-community-2.2.0-M02/lib/neo4j-csv-2.2.0-M02.jar
2015-04-06 18:27:20.652+0000 INFO  [o.n.k.i.DiagnosticsManager]:  [classpath] /Users/jiechen/Google Drive/Eclipse-Luna/neo4j-community-2.2.0-M02/lib/scala-library-2.10.4.jar
2015-04-06 18:27:20.653+0000 INFO  [o.n.k.i.DiagnosticsManager]:  [classpath] /Users/jiechen/Google Drive/Eclipse-Luna/neo4j-community-2.2.0-M02/lib/opencsv-2.3.jar
2015-04-06 18:27:20.653+0000 INFO  [o.n.k.i.DiagnosticsManager]:  [loader.0] file:/Users/jiechen/Google%20Drive/Eclipse-Luna/neo4j-community-2.2.0-M02/system/lib/neo4j-server-2.2.0-M02-static-web.jar
2015-04-06 18:27:20.653+0000 INFO  [o.n.k.i.DiagnosticsManager]:  [loader.0] file:/Users/jiechen/Google%20Drive/Eclipse-Luna/neo4j-community-2.2.0-M02/system/lib/jackson-jaxrs-1.9.13.jar
2015-04-06 18:27:20.653+0000 INFO  [o.n.k.i.DiagnosticsManager]:  [loader.1] file:/System/Library/Java/Extensions/libmlib_jai.jnilib
2015-04-06 18:27:20.653+0000 INFO  [o.n.k.i.DiagnosticsManager]:  [classpath] /Users/jiechen/Google Drive/Eclipse-Luna/neo4j-community-2.2.0-M02/lib/neo4j-kernel-2.2.0-M02.jar
2015-04-06 18:27:20.653+0000 INFO  [o.n.k.i.DiagnosticsManager]:  [loader.0] file:/Users/jiechen/Google%20Drive/Eclipse-Luna/neo4j-community-2.2.0-M02/lib/parboiled-scala_2.10-1.1.6.jar
2015-04-06 18:27:20.653+0000 INFO  [o.n.k.i.DiagnosticsManager]:  [bootstrap] /Library/Java/JavaVirtualMachines/jdk1.8.0_20.jdk/Contents/Home/jre/classes
2015-04-06 18:27:20.653+0000 INFO  [o.n.k.i.DiagnosticsManager]:  [classpath] /Users/jiechen/Google Drive/Eclipse-Luna/neo4j-community-2.2.0-M02/system/lib/janino-2.6.1.jar
2015-04-06 18:27:20.653+0000 INFO  [o.n.k.i.DiagnosticsManager]:  [classpath] /Users/jiechen/Google Drive/Eclipse-Luna/neo4j-community-2.2.0-M02/system/lib/neo4j-browser-2.2.0-M02.jar
2015-04-06 18:27:20.653+0000 INFO  [o.n.k.i.DiagnosticsManager]:  [loader.0] file:/Users/jiechen/Google%20Drive/Eclipse-Luna/neo4j-community-2.2.0-M02/conf/
2015-04-06 18:27:20.653+0000 INFO  [o.n.k.i.DiagnosticsManager]:  [loader.0] file:/Users/jiechen/Google%20Drive/Eclipse-Luna/neo4j-community-2.2.0-M02/system/lib/janino-2.6.1.jar
2015-04-06 18:27:20.653+0000 INFO  [o.n.k.i.DiagnosticsManager]:  [classpath] /Users/jiechen/Google Drive/Eclipse-Luna/neo4j-community-2.2.0-M02/system/lib/mimepull-1.9.3.jar
2015-04-06 18:27:20.653+0000 INFO  [o.n.k.i.DiagnosticsManager]:  [loader.1] file:/Library/Java/JavaVirtualMachines/jdk1.8.0_20.jdk/Contents/Home/jre/lib/ext/sunec.jar
2015-04-06 18:27:20.653+0000 INFO  [o.n.k.i.DiagnosticsManager]:  [bootstrap] /Library/Java/JavaVirtualMachines/jdk1.8.0_20.jdk/Contents/Home/jre/lib/resources.jar
2015-04-06 18:27:20.653+0000 INFO  [o.n.k.i.DiagnosticsManager]:  [loader.0] file:/Users/jiechen/Google%20Drive/Eclipse-Luna/neo4j-community-2.2.0-M02/system/lib/javax.servlet-api-3.1.0.jar
2015-04-06 18:27:20.653+0000 INFO  [o.n.k.i.DiagnosticsManager]:  [loader.1] file:/System/Library/Java/Extensions/libJ3DAudio.jnilib
2015-04-06 18:27:20.653+0000 INFO  [o.n.k.i.DiagnosticsManager]:  [loader.0] file:/Users/jiechen/Google%20Drive/Eclipse-Luna/neo4j-community-2.2.0-M02/lib/neo4j-import-tool-2.2.0-M02.jar
2015-04-06 18:27:20.653+0000 INFO  [o.n.k.i.DiagnosticsManager]:  [loader.0] file:/Users/jiechen/Google%20Drive/Eclipse-Luna/neo4j-community-2.2.0-M02/system/lib/mimepull-1.9.3.jar
2015-04-06 18:27:20.653+0000 INFO  [o.n.k.i.DiagnosticsManager]:  [loader.0] file:/Users/jiechen/Google%20Drive/Eclipse-Luna/neo4j-community-2.2.0-M02/lib/scala-library-2.10.4.jar
2015-04-06 18:27:20.653+0000 INFO  [o.n.k.i.DiagnosticsManager]:  [classpath] /Users/jiechen/Google Drive/Eclipse-Luna/neo4j-community-2.2.0-M02/lib/neo4j-primitive-collections-2.2.0-M02.jar
2015-04-06 18:27:20.653+0000 INFO  [o.n.k.i.DiagnosticsManager]:  [loader.1] file:/System/Library/Java/Extensions/jai_core.jar
2015-04-06 18:27:20.653+0000 INFO  [o.n.k.i.DiagnosticsManager]:  [classpath] /Users/jiechen/Google Drive/Eclipse-Luna/neo4j-community-2.2.0-M02/system/lib/jetty-http-9.2.1.v20140609.jar
2015-04-06 18:27:20.653+0000 INFO  [o.n.k.i.DiagnosticsManager]:  [loader.1] file:/System/Library/Java/Extensions/libQTJNative.jnilib
2015-04-06 18:27:20.653+0000 INFO  [o.n.k.i.DiagnosticsManager]:  [classpath] /Users/jiechen/Google Drive/Eclipse-Luna/neo4j-community-2.2.0-M02/lib/neo4j-cypher-compiler-1.9-2.0.4.jar
2015-04-06 18:27:20.654+0000 INFO  [o.n.k.i.DiagnosticsManager]:  [loader.0] file:/Users/jiechen/Google%20Drive/Eclipse-Luna/neo4j-community-2.2.0-M02/lib/neo4j-graph-matching-2.2.0-M02.jar
2015-04-06 18:27:20.654+0000 INFO  [o.n.k.i.DiagnosticsManager]:  [loader.0] file:/Users/jiechen/Google%20Drive/Eclipse-Luna/neo4j-community-2.2.0-M02/lib/neo4j-cypher-compiler-2.1-2.1.6.jar
2015-04-06 18:27:20.654+0000 INFO  [o.n.k.i.DiagnosticsManager]:  [bootstrap] /Library/Java/JavaVirtualMachines/jdk1.8.0_20.jdk/Contents/Home/jre/lib/jfr.jar
2015-04-06 18:27:20.654+0000 INFO  [o.n.k.i.DiagnosticsManager]:  [classpath] /Users/jiechen/Google Drive/Eclipse-Luna/neo4j-community-2.2.0-M02/system/lib/rhino-1.7R4.jar
2015-04-06 18:27:20.654+0000 INFO  [o.n.k.i.DiagnosticsManager]:  [classpath] /Users/jiechen/Google Drive/Eclipse-Luna/neo4j-community-2.2.0-M02/conf
2015-04-06 18:27:20.654+0000 INFO  [o.n.k.i.DiagnosticsManager]:  [classpath] /Users/jiechen/Google Drive/Eclipse-Luna/neo4j-community-2.2.0-M02/lib/parboiled-core-1.1.6.jar
2015-04-06 18:27:20.654+0000 INFO  [o.n.k.i.DiagnosticsManager]:  [loader.0] file:/Users/jiechen/Google%20Drive/Eclipse-Luna/neo4j-community-2.2.0-M02/system/lib/commons-lang-2.6.jar
2015-04-06 18:27:20.654+0000 INFO  [o.n.k.i.DiagnosticsManager]:  [bootstrap] /Library/Java/JavaVirtualMachines/jdk1.8.0_20.jdk/Contents/Home/jre/lib/jsse.jar
2015-04-06 18:27:20.654+0000 INFO  [o.n.k.i.DiagnosticsManager]:  [classpath] /Users/jiechen/Google Drive/Eclipse-Luna/neo4j-community-2.2.0-M02/lib/neo4j-cypher-compiler-2.2-2.2.0-M02.jar
2015-04-06 18:27:20.654+0000 INFO  [o.n.k.i.DiagnosticsManager]:  [loader.1] file:/System/Library/Java/Extensions/vecmath.jar
2015-04-06 18:27:20.654+0000 INFO  [o.n.k.i.DiagnosticsManager]:  [loader.0] file:/Users/jiechen/Google%20Drive/Eclipse-Luna/neo4j-community-2.2.0-M02/lib/neo4j-jmx-2.2.0-M02.jar
2015-04-06 18:27:20.654+0000 INFO  [o.n.k.i.DiagnosticsManager]:  [loader.0] file:/Users/jiechen/Google%20Drive/Eclipse-Luna/neo4j-community-2.2.0-M02/system/lib/jersey-servlet-1.18.1.jar
2015-04-06 18:27:20.654+0000 INFO  [o.n.k.i.DiagnosticsManager]:  [loader.0] file:/Users/jiechen/Google%20Drive/Eclipse-Luna/neo4j-community-2.2.0-M02/system/lib/slf4j-api-1.7.7.jar
2015-04-06 18:27:20.654+0000 INFO  [o.n.k.i.DiagnosticsManager]:  [loader.0] file:/Users/jiechen/Google%20Drive/Eclipse-Luna/neo4j-community-2.2.0-M02/system/lib/rrd4j-2.2.jar
2015-04-06 18:27:20.654+0000 INFO  [o.n.k.i.DiagnosticsManager]:  [classpath] /Users/jiechen/Google Drive/Eclipse-Luna/neo4j-community-2.2.0-M02/system/lib/commons-configuration-1.10.jar
2015-04-06 18:27:20.654+0000 INFO  [o.n.k.i.DiagnosticsManager]:  [loader.1] file:/System/Library/Java/Extensions/libJ3D.jnilib
2015-04-06 18:27:20.654+0000 INFO  [o.n.k.i.DiagnosticsManager]:  [loader.0] file:/Users/jiechen/Google%20Drive/Eclipse-Luna/neo4j-community-2.2.0-M02/system/lib/bcprov-jdk16-140.jar
2015-04-06 18:27:20.654+0000 INFO  [o.n.k.i.DiagnosticsManager]:  [loader.0] file:/Users/jiechen/Google%20Drive/Eclipse-Luna/neo4j-community-2.2.0-M02/system/lib/jetty-http-9.2.1.v20140609.jar
2015-04-06 18:27:20.654+0000 INFO  [o.n.k.i.DiagnosticsManager]:  [loader.0] file:/Users/jiechen/Google%20Drive/Eclipse-Luna/neo4j-community-2.2.0-M02/lib/neo4j-io-2.2.0-M02.jar
2015-04-06 18:27:20.654+0000 INFO  [o.n.k.i.DiagnosticsManager]:  [loader.0] file:/Users/jiechen/Google%20Drive/Eclipse-Luna/neo4j-community-2.2.0-M02/lib/neo4j-cypher-compiler-2.0-2.0.4.jar
2015-04-06 18:27:20.654+0000 INFO  [o.n.k.i.DiagnosticsManager]:  [loader.0] file:/Users/jiechen/Google%20Drive/Eclipse-Luna/neo4j-community-2.2.0-M02/lib/concurrentlinkedhashmap-lru-1.4.jar
2015-04-06 18:27:20.654+0000 INFO  [o.n.k.i.DiagnosticsManager]:  [classpath] /Users/jiechen/Google Drive/Eclipse-Luna/neo4j-community-2.2.0-M02/lib/neo4j-graph-matching-2.2.0-M02.jar
2015-04-06 18:27:20.654+0000 INFO  [o.n.k.i.DiagnosticsManager]:  [classpath] /Users/jiechen/Google Drive/Eclipse-Luna/neo4j-community-2.2.0-M02/system/lib/commons-beanutils-1.8.3.jar
2015-04-06 18:27:20.654+0000 INFO  [o.n.k.i.DiagnosticsManager]:  [classpath] /Users/jiechen/Google Drive/Eclipse-Luna/neo4j-community-2.2.0-M02/lib/neo4j-lucene-index-2.2.0-M02.jar
2015-04-06 18:27:20.654+0000 INFO  [o.n.k.i.DiagnosticsManager]:  [classpath] /Users/jiechen/Google Drive/Eclipse-Luna/neo4j-community-2.2.0-M02/system/lib/logback-classic-1.1.2.jar
2015-04-06 18:27:20.654+0000 INFO  [o.n.k.i.DiagnosticsManager]:  [loader.0] file:/Users/jiechen/Google%20Drive/Eclipse-Luna/neo4j-community-2.2.0-M02/lib/lucene-core-3.6.2.jar
2015-04-06 18:27:20.654+0000 INFO  [o.n.k.i.DiagnosticsManager]:  [loader.0] file:/Users/jiechen/Google%20Drive/Eclipse-Luna/neo4j-community-2.2.0-M02/system/lib/jetty-xml-9.2.1.v20140609.jar
2015-04-06 18:27:20.654+0000 INFO  [o.n.k.i.DiagnosticsManager]:  [loader.1] file:/Library/Java/JavaVirtualMachines/jdk1.8.0_20.jdk/Contents/Home/jre/lib/ext/dnsns.jar
2015-04-06 18:27:20.654+0000 INFO  [o.n.k.i.DiagnosticsManager]:  [loader.0] file:/Users/jiechen/Google%20Drive/Eclipse-Luna/neo4j-community-2.2.0-M02/system/lib/logback-core-1.1.2.jar
2015-04-06 18:27:20.654+0000 INFO  [o.n.k.i.DiagnosticsManager]:  [classpath] /Users/jiechen/Google Drive/Eclipse-Luna/neo4j-community-2.2.0-M02/system/lib/jackson-jaxrs-1.9.13.jar
2015-04-06 18:27:20.654+0000 INFO  [o.n.k.i.DiagnosticsManager]:  [loader.0] file:/Users/jiechen/Google%20Drive/Eclipse-Luna/neo4j-community-2.2.0-M02/system/lib/jetty-servlet-9.2.1.v20140609.jar
2015-04-06 18:27:20.654+0000 INFO  [o.n.k.i.DiagnosticsManager]:  [loader.0] file:/Users/jiechen/Google%20Drive/Eclipse-Luna/neo4j-community-2.2.0-M02/system/lib/scala-reflect-2.10.4.jar
2015-04-06 18:27:20.654+0000 INFO  [o.n.k.i.DiagnosticsManager]:  [loader.0] file:/Users/jiechen/Google%20Drive/Eclipse-Luna/neo4j-community-2.2.0-M02/system/lib/neo4j-server-2.2.0-M02.jar
2015-04-06 18:27:20.654+0000 INFO  [o.n.k.i.DiagnosticsManager]:  [loader.1] file:/System/Library/Java/Extensions/libAppleScriptEngine.jnilib
2015-04-06 18:27:20.654+0000 INFO  [o.n.k.i.DiagnosticsManager]:  [loader.0] file:/Users/jiechen/Google%20Drive/Eclipse-Luna/neo4j-community-2.2.0-M02/system/lib/jetty-io-9.2.1.v20140609.jar
2015-04-06 18:27:20.654+0000 INFO  [o.n.k.i.DiagnosticsManager]:  [classpath] /Users/jiechen/Google Drive/Eclipse-Luna/neo4j-community-2.2.0-M02/system/lib/commons-compiler-2.6.1.jar
2015-04-06 18:27:20.654+0000 INFO  [o.n.k.i.DiagnosticsManager]:  [classpath] /Users/jiechen/Google Drive/Eclipse-Luna/neo4j-community-2.2.0-M02/system/lib/jersey-servlet-1.18.1.jar
2015-04-06 18:27:20.654+0000 INFO  [o.n.k.i.DiagnosticsManager]:  [loader.1] file:/System/Library/Java/Extensions/dns_sd.jar
2015-04-06 18:27:20.654+0000 INFO  [o.n.k.i.DiagnosticsManager]:  [loader.1] file:/System/Library/Java/Extensions/MRJToolkit.jar
2015-04-06 18:27:20.655+0000 INFO  [o.n.k.i.DiagnosticsManager]:  [loader.0] file:/Users/jiechen/Google%20Drive/Eclipse-Luna/neo4j-community-2.2.0-M02/system/lib/jersey-multipart-1.18.1.jar
2015-04-06 18:27:20.655+0000 INFO  [o.n.k.i.DiagnosticsManager]:  [bootstrap] /Library/Java/JavaVirtualMachines/jdk1.8.0_20.jdk/Contents/Home/jre/lib/charsets.jar
2015-04-06 18:27:20.655+0000 INFO  [o.n.k.i.DiagnosticsManager]:  [loader.1] file:/Library/Java/JavaVirtualMachines/jdk1.8.0_20.jdk/Contents/Home/jre/lib/ext/jfxrt.jar
2015-04-06 18:27:20.655+0000 INFO  [o.n.k.i.DiagnosticsManager]:  [loader.1] file:/Library/Java/JavaVirtualMachines/jdk1.8.0_20.jdk/Contents/Home/jre/lib/ext/zipfs.jar
2015-04-06 18:27:20.655+0000 INFO  [o.n.k.i.DiagnosticsManager]:  [classpath] /Users/jiechen/Google Drive/Eclipse-Luna/neo4j-community-2.2.0-M02/lib/neo4j-cypher-2.2.0-M02.jar
2015-04-06 18:27:20.655+0000 INFO  [o.n.k.i.DiagnosticsManager]:  [classpath] /Users/jiechen/Google Drive/Eclipse-Luna/neo4j-community-2.2.0-M02/lib/neo4j-cypher-compiler-2.0-2.0.4.jar
2015-04-06 18:27:20.655+0000 INFO  [o.n.k.i.DiagnosticsManager]:  [loader.0] file:/Users/jiechen/Google%20Drive/Eclipse-Luna/neo4j-community-2.2.0-M02/lib/server-api-2.2.0-M02.jar
2015-04-06 18:27:20.655+0000 INFO  [o.n.k.i.DiagnosticsManager]:  [loader.0] file:/Users/jiechen/Google%20Drive/Eclipse-Luna/neo4j-community-2.2.0-M02/system/lib/jcl-over-slf4j-1.7.7.jar
2015-04-06 18:27:20.655+0000 INFO  [o.n.k.i.DiagnosticsManager]:  [loader.1] file:/System/Library/Java/Extensions/mlibwrapper_jai.jar
2015-04-06 18:27:20.655+0000 INFO  [o.n.k.i.DiagnosticsManager]:  [classpath] /Users/jiechen/Google Drive/Eclipse-Luna/neo4j-community-2.2.0-M02/lib/org.apache.servicemix.bundles.jline-0.9.94_1.jar
2015-04-06 18:27:20.655+0000 INFO  [o.n.k.i.DiagnosticsManager]:  [loader.0] file:/Users/jiechen/Google%20Drive/Eclipse-Luna/neo4j-community-2.2.0-M02/system/lib/commons-digester-2.1.jar
2015-04-06 18:27:20.655+0000 INFO  [o.n.k.i.DiagnosticsManager]:  [loader.0] file:/Users/jiechen/Google%20Drive/Eclipse-Luna/neo4j-community-2.2.0-M02/lib/neo4j-lucene-index-2.2.0-M02.jar
2015-04-06 18:27:20.655+0000 INFO  [o.n.k.i.DiagnosticsManager]:  [loader.1] file:/System/Library/Java/Extensions/libJ3DUtils.jnilib
2015-04-06 18:27:20.655+0000 INFO  [o.n.k.i.DiagnosticsManager]:  [classpath] /Users/jiechen/Google Drive/Eclipse-Luna/neo4j-community-2.2.0-M02/system/lib/jackson-core-asl-1.9.13.jar
2015-04-06 18:27:20.655+0000 INFO  [o.n.k.i.DiagnosticsManager]:  [classpath] /Users/jiechen/Google Drive/Eclipse-Luna/neo4j-community-2.2.0-M02/system/lib/jersey-server-1.18.1.jar
2015-04-06 18:27:20.655+0000 INFO  [o.n.k.i.DiagnosticsManager]:  [loader.1] file:/System/Library/Java/Extensions/AppleScriptEngine.jar
2015-04-06 18:27:20.655+0000 INFO  [o.n.k.i.DiagnosticsManager]:  [loader.0] file:/Users/jiechen/Google%20Drive/Eclipse-Luna/neo4j-community-2.2.0-M02/lib/neo4j-primitive-collections-2.2.0-M02.jar
2015-04-06 18:27:20.655+0000 INFO  [o.n.k.i.DiagnosticsManager]:  [loader.0] file:/Users/jiechen/Google%20Drive/Eclipse-Luna/neo4j-community-2.2.0-M02/system/lib/neo4j-browser-2.2.0-M02.jar
2015-04-06 18:27:20.655+0000 INFO  [o.n.k.i.DiagnosticsManager]:  [classpath] /Users/jiechen/Google Drive/Eclipse-Luna/neo4j-community-2.2.0-M02/system/lib/jetty-servlet-9.2.1.v20140609.jar
2015-04-06 18:27:20.655+0000 INFO  [o.n.k.i.DiagnosticsManager]:  [loader.0] file:/Users/jiechen/Google%20Drive/Eclipse-Luna/neo4j-community-2.2.0-M02/system/lib/jsr311-api-1.1.2.r612.jar
2015-04-06 18:27:20.655+0000 INFO  [o.n.k.i.DiagnosticsManager]:  [loader.0] file:/Users/jiechen/Google%20Drive/Eclipse-Luna/neo4j-community-2.2.0-M02/system/lib/jersey-core-1.18.1.jar
2015-04-06 18:27:20.655+0000 INFO  [o.n.k.i.DiagnosticsManager]:  [bootstrap] /Library/Java/JavaVirtualMachines/jdk1.8.0_20.jdk/Contents/Home/jre/lib/sunrsasign.jar
2015-04-06 18:27:20.655+0000 INFO  [o.n.k.i.DiagnosticsManager]:  [loader.0] file:/Users/jiechen/Google%20Drive/Eclipse-Luna/neo4j-community-2.2.0-M02/system/lib/commons-configuration-1.10.jar
2015-04-06 18:27:20.655+0000 INFO  [o.n.k.i.DiagnosticsManager]:  [loader.1] file:/usr/lib/java/libjdns_sd.jnilib
2015-04-06 18:27:20.655+0000 INFO  [o.n.k.i.DiagnosticsManager]:  [loader.0] file:/Users/jiechen/Google%20Drive/Eclipse-Luna/neo4j-community-2.2.0-M02/lib/neo4j-cypher-compiler-1.9-2.0.4.jar
2015-04-06 18:27:20.655+0000 INFO  [o.n.k.i.DiagnosticsManager]:  [classpath] /Users/jiechen/Google Drive/Eclipse-Luna/neo4j-community-2.2.0-M02/system/lib/javax.servlet-api-3.1.0.jar
2015-04-06 18:27:20.655+0000 INFO  [o.n.k.i.DiagnosticsManager]:  [classpath] /Users/jiechen/Google Drive/Eclipse-Luna/neo4j-community-2.2.0-M02/lib/neo4j-consistency-check-2.2.0-M02.jar
2015-04-06 18:27:20.655+0000 INFO  [o.n.k.i.DiagnosticsManager]:  [classpath] /Users/jiechen/Google Drive/Eclipse-Luna/neo4j-community-2.2.0-M02/system/lib/jcl-over-slf4j-1.7.7.jar
2015-04-06 18:27:20.655+0000 INFO  [o.n.k.i.DiagnosticsManager]:  [loader.0] file:/Users/jiechen/Google%20Drive/Eclipse-Luna/neo4j-community-2.2.0-M02/system/lib/rhino-1.7R4.jar
2015-04-06 18:27:20.655+0000 INFO  [o.n.k.i.DiagnosticsManager]:  [loader.1] file:/Library/Java/JavaVirtualMachines/jdk1.8.0_20.jdk/Contents/Home/jre/lib/ext/nashorn.jar
2015-04-06 18:27:20.656+0000 INFO  [o.n.k.i.DiagnosticsManager]:  [classpath] /Users/jiechen/Google Drive/Eclipse-Luna/neo4j-community-2.2.0-M02/system/lib/jetty-util-9.2.1.v20140609.jar
2015-04-06 18:27:20.656+0000 INFO  [o.n.k.i.DiagnosticsManager]:  [classpath] /Users/jiechen/Google Drive/Eclipse-Luna/neo4j-community-2.2.0-M02/lib/neo4j-graph-algo-2.2.0-M02.jar
2015-04-06 18:27:20.656+0000 INFO  [o.n.k.i.DiagnosticsManager]:  [classpath] /Users/jiechen/Google Drive/Eclipse-Luna/neo4j-community-2.2.0-M02/system/lib/slf4j-api-1.7.7.jar
2015-04-06 18:27:20.656+0000 INFO  [o.n.k.i.DiagnosticsManager]:  [classpath] /Users/jiechen/Google Drive/Eclipse-Luna/neo4j-community-2.2.0-M02/system/lib/jackson-mapper-asl-1.9.13.jar
2015-04-06 18:27:20.656+0000 INFO  [o.n.k.i.DiagnosticsManager]:  [classpath] /Users/jiechen/Google Drive/Eclipse-Luna/neo4j-community-2.2.0-M02/lib/neo4j-io-2.2.0-M02.jar
2015-04-06 18:27:20.656+0000 INFO  [o.n.k.i.DiagnosticsManager]:  [classpath] /Users/jiechen/Google Drive/Eclipse-Luna/neo4j-community-2.2.0-M02/system/lib/bcprov-jdk16-140.jar
2015-04-06 18:27:20.656+0000 INFO  [o.n.k.i.DiagnosticsManager]:  [loader.0] file:/Users/jiechen/Google%20Drive/Eclipse-Luna/neo4j-community-2.2.0-M02/system/lib/commons-logging-1.1.1.jar
2015-04-06 18:27:20.656+0000 INFO  [o.n.k.i.DiagnosticsManager]:  [loader.1] file:/System/Library/Java/Extensions/j3dcore.jar
2015-04-06 18:27:20.656+0000 INFO  [o.n.k.i.DiagnosticsManager]:  [loader.0] file:/Users/jiechen/Google%20Drive/Eclipse-Luna/neo4j-community-2.2.0-M02/system/lib/jersey-server-1.18.1.jar
2015-04-06 18:27:20.656+0000 INFO  [o.n.k.i.DiagnosticsManager]: Library path:
2015-04-06 18:27:20.656+0000 INFO  [o.n.k.i.DiagnosticsManager]: /Users/jiechen/Library/Java/Extensions
2015-04-06 18:27:20.656+0000 INFO  [o.n.k.i.DiagnosticsManager]: /Library/Java/Extensions
2015-04-06 18:27:20.656+0000 INFO  [o.n.k.i.DiagnosticsManager]: /Network/Library/Java/Extensions
2015-04-06 18:27:20.656+0000 INFO  [o.n.k.i.DiagnosticsManager]: /System/Library/Java/Extensions
2015-04-06 18:27:20.656+0000 INFO  [o.n.k.i.DiagnosticsManager]: /usr/lib/java
2015-04-06 18:27:20.656+0000 INFO  [o.n.k.i.DiagnosticsManager]: /Users/jiechen/Google Drive/Eclipse-Luna/neo4j-community-2.2.0-M02
2015-04-06 18:27:20.656+0000 INFO  [o.n.k.i.DiagnosticsManager]: System.properties:
2015-04-06 18:27:20.657+0000 INFO  [o.n.k.i.DiagnosticsManager]: sun.boot.library.path = /Library/Java/JavaVirtualMachines/jdk1.8.0_20.jdk/Contents/Home/jre/lib
2015-04-06 18:27:20.657+0000 INFO  [o.n.k.i.DiagnosticsManager]: org.neo4j.server.properties = conf/neo4j-server.properties
2015-04-06 18:27:20.657+0000 INFO  [o.n.k.i.DiagnosticsManager]: gopherProxySet = false
2015-04-06 18:27:20.657+0000 INFO  [o.n.k.i.DiagnosticsManager]: path.separator = :
2015-04-06 18:27:20.657+0000 INFO  [o.n.k.i.DiagnosticsManager]: file.encoding.pkg = sun.io
2015-04-06 18:27:20.657+0000 INFO  [o.n.k.i.DiagnosticsManager]: user.country = US
2015-04-06 18:27:20.657+0000 INFO  [o.n.k.i.DiagnosticsManager]: sun.java.launcher = SUN_STANDARD
2015-04-06 18:27:20.658+0000 INFO  [o.n.k.i.DiagnosticsManager]: sun.os.patch.level = unknown
2015-04-06 18:27:20.658+0000 INFO  [o.n.k.i.DiagnosticsManager]: user.dir = /Users/jiechen/Google Drive/Eclipse-Luna/neo4j-community-2.2.0-M02
2015-04-06 18:27:20.658+0000 INFO  [o.n.k.i.DiagnosticsManager]: log4j.configuration = file:conf/log4j.properties
2015-04-06 18:27:20.658+0000 INFO  [o.n.k.i.DiagnosticsManager]: sun.jnu.encoding = UTF-8
2015-04-06 18:27:20.658+0000 INFO  [o.n.k.i.DiagnosticsManager]: sun.management.compiler = HotSpot 64-Bit Tiered Compilers
2015-04-06 18:27:20.658+0000 INFO  [o.n.k.i.DiagnosticsManager]: http.nonProxyHosts = local|*.local|169.254/16|*.169.254/16
2015-04-06 18:27:20.658+0000 INFO  [o.n.k.i.DiagnosticsManager]: user.home = /Users/jiechen
2015-04-06 18:27:20.658+0000 INFO  [o.n.k.i.DiagnosticsManager]: user.timezone = America/New_York
2015-04-06 18:27:20.658+0000 INFO  [o.n.k.i.DiagnosticsManager]: file.encoding = UTF-8
2015-04-06 18:27:20.658+0000 INFO  [o.n.k.i.DiagnosticsManager]: user.name = jiechen
2015-04-06 18:27:20.658+0000 INFO  [o.n.k.i.DiagnosticsManager]: sun.java.command = org.neo4j.server.Bootstrapper
2015-04-06 18:27:20.658+0000 INFO  [o.n.k.i.DiagnosticsManager]: sun.arch.data.model = 64
2015-04-06 18:27:20.658+0000 INFO  [o.n.k.i.DiagnosticsManager]: user.language = en
2015-04-06 18:27:20.658+0000 INFO  [o.n.k.i.DiagnosticsManager]: awt.toolkit = sun.lwawt.macosx.LWCToolkit
2015-04-06 18:27:20.658+0000 INFO  [o.n.k.i.DiagnosticsManager]: file.separator = /
2015-04-06 18:27:20.658+0000 INFO  [o.n.k.i.DiagnosticsManager]: sun.io.unicode.encoding = UnicodeBig
2015-04-06 18:27:20.658+0000 INFO  [o.n.k.i.DiagnosticsManager]: sun.cpu.endian = little
2015-04-06 18:27:20.658+0000 INFO  [o.n.k.i.DiagnosticsManager]: socksNonProxyHosts = local|*.local|169.254/16|*.169.254/16
2015-04-06 18:27:20.658+0000 INFO  [o.n.k.i.DiagnosticsManager]: neo4j.instance = /Users/jiechen/Google Drive/Eclipse-Luna/neo4j-community-2.2.0-M02
2015-04-06 18:27:20.658+0000 INFO  [o.n.k.i.DiagnosticsManager]: ftp.nonProxyHosts = local|*.local|169.254/16|*.169.254/16
2015-04-06 18:27:20.658+0000 INFO  [o.n.k.i.DiagnosticsManager]: neo4j.home = /Users/jiechen/Google Drive/Eclipse-Luna/neo4j-community-2.2.0-M02
2015-04-06 18:27:20.658+0000 INFO  [o.n.k.i.DiagnosticsManager]: sun.cpu.isalist = 
2015-04-06 18:27:20.658+0000 INFO  [o.n.k.i.DiagnosticsManager]: Network information:
2015-04-06 18:27:20.662+0000 INFO  [o.n.k.i.DiagnosticsManager]: Interface en0:
2015-04-06 18:27:20.662+0000 INFO  [o.n.k.i.DiagnosticsManager]:     address: fe80:0:0:0:82e6:50ff:fe07:2046%en0
2015-04-06 18:27:20.663+0000 INFO  [o.n.k.i.DiagnosticsManager]:     address: 150.212.8.68
2015-04-06 18:27:20.663+0000 INFO  [o.n.k.i.DiagnosticsManager]: Interface lo0:
2015-04-06 18:27:20.663+0000 INFO  [o.n.k.i.DiagnosticsManager]:     address: fe80:0:0:0:0:0:0:1%lo0
2015-04-06 18:27:20.663+0000 INFO  [o.n.k.i.DiagnosticsManager]:     address: 0:0:0:0:0:0:0:1
2015-04-06 18:27:20.663+0000 INFO  [o.n.k.i.DiagnosticsManager]:     address: 127.0.0.1
2015-04-06 18:27:20.663+0000 INFO  [o.n.k.i.DiagnosticsManager]: --- INITIALIZED diagnostics END ---
2015-04-06 18:27:21.226+0000 INFO  [o.n.k.NeoStoreDataSource]: Opened logical log [/Users/jiechen/Google Drive/Eclipse-Luna/neo4j-community-2.2.0-M02/Version3/neostore.transaction.db.48] version=48, lastTxId=20 (clean)
2015-04-06 18:27:21.981+0000 INFO  [o.n.k.i.DiagnosticsManager]: --- STARTED diagnostics for KernelDiagnostics:Versions START ---
2015-04-06 18:27:21.981+0000 INFO  [o.n.k.i.DiagnosticsManager]: Graph Database: org.neo4j.kernel.EmbeddedGraphDatabase StoreId{creationTime=1427304949611, randomId=-5123122649309932310, storeVersion=14687556271633926, upgradeTime=1427304949611, upgradeId=1}
2015-04-06 18:27:21.981+0000 INFO  [o.n.k.i.DiagnosticsManager]: Kernel version: Neo4j - Graph Database Kernel (neo4j-kernel), version: 2.2.0-M02
2015-04-06 18:27:21.981+0000 INFO  [o.n.k.i.DiagnosticsManager]: Neo4j component versions:
2015-04-06 18:27:22.004+0000 INFO  [o.n.k.i.DiagnosticsManager]:   Neo4j - Cypher Compiler 1.9 (neo4j-cypher-compiler-1.9), version: 2.0.4; revision: 2.0.4:2.0-maint:130/4a7d10bc274a5d26a180bbe9df25100e8a694748
2015-04-06 18:27:22.005+0000 INFO  [o.n.k.i.DiagnosticsManager]:   Neo4j - Consistency Checker (neo4j-consistency-check), version: 2.2.0-M02; revision: 2.2.0-M02:master:549/b70e1e11e4af9d5c5ffe171bbb3013625ee3bc4b
2015-04-06 18:27:22.005+0000 INFO  [o.n.k.i.DiagnosticsManager]:   Neo4j - Cypher Compiler 2.2 (neo4j-cypher-compiler-2.2), version: 2.2.0-M02; revision: 2.2.0-M02:master:549/b70e1e11e4af9d5c5ffe171bbb3013625ee3bc4b
2015-04-06 18:27:22.005+0000 INFO  [o.n.k.i.DiagnosticsManager]:   Neo4j - Import Command Line Tool (neo4j-import-tool), version: 2.2.0-M02; revision: 2.2.0-M02:master:549/b70e1e11e4af9d5c5ffe171bbb3013625ee3bc4b
2015-04-06 18:27:22.005+0000 INFO  [o.n.k.i.DiagnosticsManager]:   Neo4j - Server API (server-api), version: 2.2.0-M02; revision: 2.2.0-M02:master:549/b70e1e11e4af9d5c5ffe171bbb3013625ee3bc4b
2015-04-06 18:27:22.005+0000 INFO  [o.n.k.i.DiagnosticsManager]:   Neo4j - Graph Database Kernel (neo4j-kernel), version: 2.2.0-M02; revision: 2.2.0-M02:master:549/b70e1e11e4af9d5c5ffe171bbb3013625ee3bc4b
2015-04-06 18:27:22.005+0000 INFO  [o.n.k.i.DiagnosticsManager]:   Neo4j - Cypher Compiler 2.1 (neo4j-cypher-compiler-2.1), version: 2.1.6; revision: 2.1.6:2.1-maint:605/0d7f25fc608f15c54ec1a01f4ba4564ebfb1071a
2015-04-06 18:27:22.005+0000 INFO  [o.n.k.i.DiagnosticsManager]:   Neo4j - Generic shell (neo4j-shell), version: 2.2.0-M02; revision: 2.2.0-M02:master:549/b70e1e11e4af9d5c5ffe171bbb3013625ee3bc4b
2015-04-06 18:27:22.005+0000 INFO  [o.n.k.i.DiagnosticsManager]:   neo4j-udc, version: 2.2.0-M02; revision: 2.2.0-M02:master:549/b70e1e11e4af9d5c5ffe171bbb3013625ee3bc4b
2015-04-06 18:27:22.005+0000 INFO  [o.n.k.i.DiagnosticsManager]:   Neo4j - Lucene Index (neo4j-lucene-index), version: 2.2.0-M02; revision: 2.2.0-M02:master:549/b70e1e11e4af9d5c5ffe171bbb3013625ee3bc4b
2015-04-06 18:27:22.005+0000 INFO  [o.n.k.i.DiagnosticsManager]:   Neo4j - Server (neo4j-server), version: 2.2.0-M02; revision: 2.2.0-M02:master:549/b70e1e11e4af9d5c5ffe171bbb3013625ee3bc4b
2015-04-06 18:27:22.005+0000 INFO  [o.n.k.i.DiagnosticsManager]:   Neo4j - Cypher Compiler 2.0 (neo4j-cypher-compiler-2.0), version: 2.0.4; revision: 2.0.4:2.0-maint:130/4a7d10bc274a5d26a180bbe9df25100e8a694748
2015-04-06 18:27:22.005+0000 INFO  [o.n.k.i.DiagnosticsManager]:   Neo4j - Graph Matching (neo4j-graph-matching), version: 2.2.0-M02; revision: 2.2.0-M02:master:549/b70e1e11e4af9d5c5ffe171bbb3013625ee3bc4b
2015-04-06 18:27:22.005+0000 INFO  [o.n.k.i.DiagnosticsManager]:   Neo4j - JMX support (neo4j-jmx), version: 2.2.0-M02; revision: 2.2.0-M02:master:549/b70e1e11e4af9d5c5ffe171bbb3013625ee3bc4b
2015-04-06 18:27:22.005+0000 INFO  [o.n.k.i.DiagnosticsManager]:   Neo4j - Cypher (neo4j-cypher), version: 2.2.0-M02; revision: 2.2.0-M02:master:549/b70e1e11e4af9d5c5ffe171bbb3013625ee3bc4b
2015-04-06 18:27:22.005+0000 INFO  [o.n.k.i.DiagnosticsManager]:   Neo4j - Graph Algorithms (neo4j-graph-algo), version: 2.2.0-M02; revision: 2.2.0-M02:master:549/b70e1e11e4af9d5c5ffe171bbb3013625ee3bc4b
2015-04-06 18:27:22.005+0000 INFO  [o.n.k.i.DiagnosticsManager]: --- STARTED diagnostics for KernelDiagnostics:Versions END ---
2015-04-06 18:27:22.007+0000 INFO  [o.n.k.i.DiagnosticsManager]: --- STARTED diagnostics for NEO_STORE_VERSIONS START ---
2015-04-06 18:27:22.008+0000 INFO  [o.n.k.i.DiagnosticsManager]: Store versions:
2015-04-06 18:27:22.008+0000 INFO  [o.n.k.i.DiagnosticsManager]: Store versions:
2015-04-06 18:27:22.008+0000 INFO  [o.n.k.i.DiagnosticsManager]:   NeoStore v0.A.4
2015-04-06 18:27:22.008+0000 INFO  [o.n.k.i.DiagnosticsManager]:   SchemaStore v0.A.4
2015-04-06 18:27:22.008+0000 INFO  [o.n.k.i.DiagnosticsManager]:   NodeStore v0.A.4
2015-04-06 18:27:22.008+0000 INFO  [o.n.k.i.DiagnosticsManager]:   RelationshipStore v0.A.4
2015-04-06 18:27:22.008+0000 INFO  [o.n.k.i.DiagnosticsManager]:   RelationshipTypeStore v0.A.4
2015-04-06 18:27:22.008+0000 INFO  [o.n.k.i.DiagnosticsManager]:   LabelTokenStore v0.A.4
2015-04-06 18:27:22.008+0000 INFO  [o.n.k.i.DiagnosticsManager]:   PropertyStore v0.A.4
2015-04-06 18:27:22.008+0000 INFO  [o.n.k.i.DiagnosticsManager]:   PropertyIndexStore v0.A.4
2015-04-06 18:27:22.008+0000 INFO  [o.n.k.i.DiagnosticsManager]:   StringPropertyStore v0.A.4
2015-04-06 18:27:22.008+0000 INFO  [o.n.k.i.DiagnosticsManager]:   ArrayPropertyStore v0.A.4
2015-04-06 18:27:22.008+0000 INFO  [o.n.k.i.DiagnosticsManager]:   RelationshipGroupStore v0.A.4
2015-04-06 18:27:22.008+0000 INFO  [o.n.k.i.DiagnosticsManager]: --- STARTED diagnostics for NEO_STORE_VERSIONS END ---
2015-04-06 18:27:22.008+0000 INFO  [o.n.k.i.DiagnosticsManager]: --- STARTED diagnostics for NEO_STORE_ID_USAGE START ---
2015-04-06 18:27:22.008+0000 INFO  [o.n.k.i.DiagnosticsManager]: Id usage:
2015-04-06 18:27:22.008+0000 INFO  [o.n.k.i.DiagnosticsManager]: Id usage:
2015-04-06 18:27:22.009+0000 INFO  [o.n.k.i.DiagnosticsManager]:   SchemaStore: used=1 high=0
2015-04-06 18:27:22.009+0000 INFO  [o.n.k.i.DiagnosticsManager]:   NodeStore: used=1906 high=1905
2015-04-06 18:27:22.009+0000 INFO  [o.n.k.i.DiagnosticsManager]:   RelationshipStore: used=3379 high=3378
2015-04-06 18:27:22.009+0000 INFO  [o.n.k.i.DiagnosticsManager]:   RelationshipTypeStore: used=3 high=2
2015-04-06 18:27:22.009+0000 INFO  [o.n.k.i.DiagnosticsManager]:   LabelTokenStore: used=4 high=3
2015-04-06 18:27:22.009+0000 INFO  [o.n.k.i.DiagnosticsManager]:   PropertyStore: used=5627 high=5626
2015-04-06 18:27:22.009+0000 INFO  [o.n.k.i.DiagnosticsManager]:   PropertyIndexStore: used=5 high=4
2015-04-06 18:27:22.009+0000 INFO  [o.n.k.i.DiagnosticsManager]:   StringPropertyStore: used=19 high=18
2015-04-06 18:27:22.009+0000 INFO  [o.n.k.i.DiagnosticsManager]:   ArrayPropertyStore: used=1 high=0
2015-04-06 18:27:22.009+0000 INFO  [o.n.k.i.DiagnosticsManager]:   RelationshipGroupStore: used=36 high=35
2015-04-06 18:27:22.010+0000 INFO  [o.n.k.i.DiagnosticsManager]: --- STARTED diagnostics for NEO_STORE_ID_USAGE END ---
2015-04-06 18:27:22.010+0000 INFO  [o.n.k.i.DiagnosticsManager]: --- STARTED diagnostics for KernelDiagnostics:StoreFiles START ---
2015-04-06 18:27:22.010+0000 INFO  [o.n.k.i.DiagnosticsManager]: Disk space on partition (Total / Free / Free %): 120473067520 / 21052706816 / 17
Storage files: (filename : modification date - size)
2015-04-06 18:27:22.012+0000 INFO  [o.n.k.i.DiagnosticsManager]:   .DS_Store: 2015-04-05T13:03:07-0400 - 21.00 kB
2015-04-06 18:27:22.012+0000 INFO  [o.n.k.i.DiagnosticsManager]:   index:
2015-04-06 18:27:22.012+0000 INFO  [o.n.k.i.DiagnosticsManager]:     lucene:
2015-04-06 18:27:22.012+0000 INFO  [o.n.k.i.DiagnosticsManager]:       node:
2015-04-06 18:27:22.012+0000 INFO  [o.n.k.i.DiagnosticsManager]:         Database:
2015-04-06 18:27:22.012+0000 INFO  [o.n.k.i.DiagnosticsManager]:           _0.fdt: 2015-03-25T13:35:55-0400 - 17.00 B
2015-04-06 18:27:22.013+0000 INFO  [o.n.k.i.DiagnosticsManager]:           _0.fdx: 2015-03-25T13:35:55-0400 - 12.00 B
2015-04-06 18:27:22.013+0000 INFO  [o.n.k.i.DiagnosticsManager]:           _0.fnm: 2015-03-25T13:35:55-0400 - 19.00 B
2015-04-06 18:27:22.013+0000 INFO  [o.n.k.i.DiagnosticsManager]:           _0.frq: 2015-03-25T13:35:55-0400 - 2.00 B
2015-04-06 18:27:22.013+0000 INFO  [o.n.k.i.DiagnosticsManager]:           _0.nrm: 2015-03-25T13:35:55-0400 - 5.00 B
2015-04-06 18:27:22.013+0000 INFO  [o.n.k.i.DiagnosticsManager]:           _0.prx: 2015-03-25T13:35:55-0400 - 2.00 B
2015-04-06 18:27:22.014+0000 INFO  [o.n.k.i.DiagnosticsManager]:           _0.tii: 2015-03-25T13:35:55-0400 - 35.00 B
2015-04-06 18:27:22.014+0000 INFO  [o.n.k.i.DiagnosticsManager]:           _0.tis: 2015-03-25T13:35:55-0400 - 42.00 B
2015-04-06 18:27:22.014+0000 INFO  [o.n.k.i.DiagnosticsManager]:           _1.fdt: 2015-03-25T13:36:11-0400 - 24.00 B
2015-04-06 18:27:22.014+0000 INFO  [o.n.k.i.DiagnosticsManager]:           _1.fdx: 2015-03-25T13:36:11-0400 - 12.00 B
2015-04-06 18:27:22.014+0000 INFO  [o.n.k.i.DiagnosticsManager]:           _1.fnm: 2015-03-25T13:36:11-0400 - 19.00 B
2015-04-06 18:27:22.015+0000 INFO  [o.n.k.i.DiagnosticsManager]:           _1.frq: 2015-03-25T13:36:11-0400 - 2.00 B
2015-04-06 18:27:22.015+0000 INFO  [o.n.k.i.DiagnosticsManager]:           _1.nrm: 2015-03-25T13:36:11-0400 - 5.00 B
2015-04-06 18:27:22.015+0000 INFO  [o.n.k.i.DiagnosticsManager]:           _1.prx: 2015-03-25T13:36:11-0400 - 2.00 B
2015-04-06 18:27:22.015+0000 INFO  [o.n.k.i.DiagnosticsManager]:           _1.tii: 2015-03-25T13:36:11-0400 - 35.00 B
2015-04-06 18:27:22.015+0000 INFO  [o.n.k.i.DiagnosticsManager]:           _1.tis: 2015-03-25T13:36:11-0400 - 49.00 B
2015-04-06 18:27:22.016+0000 INFO  [o.n.k.i.DiagnosticsManager]:           segments.gen: 2015-03-25T13:36:11-0400 - 20.00 B
2015-04-06 18:27:22.016+0000 INFO  [o.n.k.i.DiagnosticsManager]:           segments_2: 2015-03-25T13:36:11-0400 - 454.00 B
2015-04-06 18:27:22.016+0000 INFO  [o.n.k.i.DiagnosticsManager]:         - Total: 2015-03-25T13:36:11-0400 - 756.00 B
2015-04-06 18:27:22.016+0000 INFO  [o.n.k.i.DiagnosticsManager]:         Record:
2015-04-06 18:27:22.017+0000 INFO  [o.n.k.i.DiagnosticsManager]:           _0.fdt: 2015-03-25T13:35:55-0400 - 27.07 kB
2015-04-06 18:27:22.017+0000 INFO  [o.n.k.i.DiagnosticsManager]:           _0.fdx: 2015-03-25T13:35:55-0400 - 11.89 kB
2015-04-06 18:27:22.017+0000 INFO  [o.n.k.i.DiagnosticsManager]:           _0.fnm: 2015-03-25T13:35:55-0400 - 19.00 B
2015-04-06 18:27:22.017+0000 INFO  [o.n.k.i.DiagnosticsManager]:           _0.frq: 2015-03-25T13:35:55-0400 - 5.82 kB
2015-04-06 18:27:22.017+0000 INFO  [o.n.k.i.DiagnosticsManager]:           _0.nrm: 2015-03-25T13:35:55-0400 - 1.49 kB
2015-04-06 18:27:22.018+0000 INFO  [o.n.k.i.DiagnosticsManager]:           _0.prx: 2015-03-25T13:35:55-0400 - 2.97 kB
2015-04-06 18:27:22.018+0000 INFO  [o.n.k.i.DiagnosticsManager]:           _0.tii: 2015-03-25T13:35:55-0400 - 385.00 B
2015-04-06 18:27:22.018+0000 INFO  [o.n.k.i.DiagnosticsManager]:           _0.tis: 2015-03-25T13:35:55-0400 - 26.36 kB
2015-04-06 18:27:22.018+0000 INFO  [o.n.k.i.DiagnosticsManager]:           _1.fdt: 2015-03-25T13:36:11-0400 - 4.01 kB
2015-04-06 18:27:22.018+0000 INFO  [o.n.k.i.DiagnosticsManager]:           _1.fdx: 2015-03-25T13:36:11-0400 - 2.18 kB
2015-04-06 18:27:22.019+0000 INFO  [o.n.k.i.DiagnosticsManager]:           _1.fnm: 2015-03-25T13:36:11-0400 - 19.00 B
2015-04-06 18:27:22.019+0000 INFO  [o.n.k.i.DiagnosticsManager]:           _1.frq: 2015-03-25T13:36:11-0400 - 984.00 B
2015-04-06 18:27:22.019+0000 INFO  [o.n.k.i.DiagnosticsManager]:           _1.nrm: 2015-03-25T13:36:11-0400 - 282.00 B
2015-04-06 18:27:22.019+0000 INFO  [o.n.k.i.DiagnosticsManager]:           _1.prx: 2015-03-25T13:36:11-0400 - 556.00 B
2015-04-06 18:27:22.019+0000 INFO  [o.n.k.i.DiagnosticsManager]:           _1.tii: 2015-03-25T13:36:11-0400 - 87.00 B
2015-04-06 18:27:22.019+0000 INFO  [o.n.k.i.DiagnosticsManager]:           _1.tis: 2015-03-25T13:36:11-0400 - 4.13 kB
2015-04-06 18:27:22.020+0000 INFO  [o.n.k.i.DiagnosticsManager]:           segments.gen: 2015-03-25T13:36:11-0400 - 20.00 B
2015-04-06 18:27:22.020+0000 INFO  [o.n.k.i.DiagnosticsManager]:           segments_2: 2015-03-25T13:36:11-0400 - 454.00 B
2015-04-06 18:27:22.020+0000 INFO  [o.n.k.i.DiagnosticsManager]:         - Total: 2015-03-25T13:36:11-0400 - 88.65 kB
2015-04-06 18:27:22.020+0000 INFO  [o.n.k.i.DiagnosticsManager]:       - Total: 2015-03-25T13:35:51-0400 - 89.39 kB
2015-04-06 18:27:22.020+0000 INFO  [o.n.k.i.DiagnosticsManager]:     - Total: 2015-03-25T13:35:51-0400 - 89.39 kB
2015-04-06 18:27:22.021+0000 INFO  [o.n.k.i.DiagnosticsManager]:   - Total: 2015-03-25T13:35:51-0400 - 89.39 kB
2015-04-06 18:27:22.021+0000 INFO  [o.n.k.i.DiagnosticsManager]:   index.db: 2015-03-25T13:35:51-0400 - 291.00 B
2015-04-06 18:27:22.021+0000 INFO  [o.n.k.i.DiagnosticsManager]:   lock: 2015-04-06T14:27:21-0400 - 0.00 B
2015-04-06 18:27:22.021+0000 INFO  [o.n.k.i.DiagnosticsManager]:   messages.2015-03-31.log: 2015-03-31T14:26:29-0400 - 3.32 MB
2015-04-06 18:27:22.021+0000 INFO  [o.n.k.i.DiagnosticsManager]:   messages.2015-04-05.log: 2015-04-05T22:43:29-0400 - 129.54 kB
2015-04-06 18:27:22.022+0000 INFO  [o.n.k.i.DiagnosticsManager]:   messages.log: 2015-04-06T14:27:22-0400 - 51.33 kB
2015-04-06 18:27:22.022+0000 INFO  [o.n.k.i.DiagnosticsManager]:   neostore: 2015-04-06T14:27:21-0400 - 99.00 B
2015-04-06 18:27:22.022+0000 INFO  [o.n.k.i.DiagnosticsManager]:   neostore.counts.db.a: 2015-03-25T13:36:11-0400 - 8.00 kB
2015-04-06 18:27:22.022+0000 INFO  [o.n.k.i.DiagnosticsManager]:   neostore.counts.db.b: 2015-03-25T13:35:55-0400 - 8.00 kB
2015-04-06 18:27:22.023+0000 INFO  [o.n.k.i.DiagnosticsManager]:   neostore.id: 2015-04-06T14:27:21-0400 - 9.00 B
2015-04-06 18:27:22.023+0000 INFO  [o.n.k.i.DiagnosticsManager]:   neostore.labeltokenstore.db: 2015-04-06T14:27:20-0400 - 20.00 B
2015-04-06 18:27:22.023+0000 INFO  [o.n.k.i.DiagnosticsManager]:   neostore.labeltokenstore.db.id: 2015-04-06T14:27:20-0400 - 9.00 B
2015-04-06 18:27:22.023+0000 INFO  [o.n.k.i.DiagnosticsManager]:   neostore.labeltokenstore.db.names: 2015-04-06T14:27:20-0400 - 190.00 B
2015-04-06 18:27:22.023+0000 INFO  [o.n.k.i.DiagnosticsManager]:   neostore.labeltokenstore.db.names.id: 2015-04-06T14:27:20-0400 - 9.00 B
2015-04-06 18:27:22.024+0000 INFO  [o.n.k.i.DiagnosticsManager]:   neostore.nodestore.db: 2015-04-06T14:27:21-0400 - 27.92 kB
2015-04-06 18:27:22.024+0000 INFO  [o.n.k.i.DiagnosticsManager]:   neostore.nodestore.db.id: 2015-04-06T14:27:21-0400 - 9.00 B
2015-04-06 18:27:22.024+0000 INFO  [o.n.k.i.DiagnosticsManager]:   neostore.nodestore.db.labels: 2015-04-06T14:27:21-0400 - 68.00 B
2015-04-06 18:27:22.024+0000 INFO  [o.n.k.i.DiagnosticsManager]:   neostore.nodestore.db.labels.id: 2015-04-06T14:27:21-0400 - 9.00 B
2015-04-06 18:27:22.024+0000 INFO  [o.n.k.i.DiagnosticsManager]:   neostore.propertystore.db: 2015-04-06T14:27:20-0400 - 225.30 kB
2015-04-06 18:27:22.025+0000 INFO  [o.n.k.i.DiagnosticsManager]:   neostore.propertystore.db.arrays: 2015-04-06T14:27:20-0400 - 128.00 B
2015-04-06 18:27:22.026+0000 INFO  [o.n.k.i.DiagnosticsManager]:   neostore.propertystore.db.arrays.id: 2015-04-06T14:27:20-0400 - 9.00 B
2015-04-06 18:27:22.026+0000 INFO  [o.n.k.i.DiagnosticsManager]:   neostore.propertystore.db.id: 2015-04-06T14:27:20-0400 - 9.00 B
2015-04-06 18:27:22.027+0000 INFO  [o.n.k.i.DiagnosticsManager]:   neostore.propertystore.db.index: 2015-04-06T14:27:20-0400 - 45.00 B
2015-04-06 18:27:22.027+0000 INFO  [o.n.k.i.DiagnosticsManager]:   neostore.propertystore.db.index.id: 2015-04-06T14:27:20-0400 - 9.00 B
2015-04-06 18:27:22.027+0000 INFO  [o.n.k.i.DiagnosticsManager]:   neostore.propertystore.db.index.keys: 2015-04-06T14:27:20-0400 - 228.00 B
2015-04-06 18:27:22.027+0000 INFO  [o.n.k.i.DiagnosticsManager]:   neostore.propertystore.db.index.keys.id: 2015-04-06T14:27:20-0400 - 9.00 B
2015-04-06 18:27:22.027+0000 INFO  [o.n.k.i.DiagnosticsManager]:   neostore.propertystore.db.strings: 2015-04-06T14:27:20-0400 - 2.38 kB
2015-04-06 18:27:22.028+0000 INFO  [o.n.k.i.DiagnosticsManager]:   neostore.propertystore.db.strings.id: 2015-04-06T14:27:20-0400 - 9.00 B
2015-04-06 18:27:22.028+0000 INFO  [o.n.k.i.DiagnosticsManager]:   neostore.relationshipgroupstore.db: 2015-04-06T14:27:21-0400 - 900.00 B
2015-04-06 18:27:22.028+0000 INFO  [o.n.k.i.DiagnosticsManager]:   neostore.relationshipgroupstore.db.id: 2015-04-06T14:27:21-0400 - 9.00 B
2015-04-06 18:27:22.028+0000 INFO  [o.n.k.i.DiagnosticsManager]:   neostore.relationshipstore.db: 2015-04-06T14:27:20-0400 - 112.19 kB
2015-04-06 18:27:22.028+0000 INFO  [o.n.k.i.DiagnosticsManager]:   neostore.relationshipstore.db.id: 2015-04-06T14:27:20-0400 - 9.00 B
2015-04-06 18:27:22.028+0000 INFO  [o.n.k.i.DiagnosticsManager]:   neostore.relationshiptypestore.db: 2015-04-06T14:27:20-0400 - 15.00 B
2015-04-06 18:27:22.029+0000 INFO  [o.n.k.i.DiagnosticsManager]:   neostore.relationshiptypestore.db.id: 2015-04-06T14:27:20-0400 - 9.00 B
2015-04-06 18:27:22.029+0000 INFO  [o.n.k.i.DiagnosticsManager]:   neostore.relationshiptypestore.db.names: 2015-04-06T14:27:20-0400 - 152.00 B
2015-04-06 18:27:22.029+0000 INFO  [o.n.k.i.DiagnosticsManager]:   neostore.relationshiptypestore.db.names.id: 2015-04-06T14:27:20-0400 - 9.00 B
2015-04-06 18:27:22.029+0000 INFO  [o.n.k.i.DiagnosticsManager]:   neostore.schemastore.db: 2015-04-06T14:27:21-0400 - 64.00 B
2015-04-06 18:27:22.029+0000 INFO  [o.n.k.i.DiagnosticsManager]:   neostore.schemastore.db.id: 2015-04-06T14:27:21-0400 - 9.00 B
2015-04-06 18:27:22.029+0000 INFO  [o.n.k.i.DiagnosticsManager]:   neostore.transaction.db.0: 2015-03-25T13:35:55-0400 - 770.10 kB
2015-04-06 18:27:22.030+0000 INFO  [o.n.k.i.DiagnosticsManager]:   neostore.transaction.db.1: 2015-03-25T13:36:11-0400 - 166.07 kB
2015-04-06 18:27:22.030+0000 INFO  [o.n.k.i.DiagnosticsManager]:   neostore.transaction.db.10: 2015-03-30T18:58:31-0400 - 16.00 B
2015-04-06 18:27:22.030+0000 INFO  [o.n.k.i.DiagnosticsManager]:   neostore.transaction.db.11: 2015-03-31T00:01:17-0400 - 16.00 B
2015-04-06 18:27:22.030+0000 INFO  [o.n.k.i.DiagnosticsManager]:   neostore.transaction.db.12: 2015-03-31T00:04:31-0400 - 16.00 B
2015-04-06 18:27:22.030+0000 INFO  [o.n.k.i.DiagnosticsManager]:   neostore.transaction.db.13: 2015-03-31T00:05:48-0400 - 16.00 B
2015-04-06 18:27:22.030+0000 INFO  [o.n.k.i.DiagnosticsManager]:   neostore.transaction.db.14: 2015-03-31T00:06:47-0400 - 16.00 B
2015-04-06 18:27:22.031+0000 INFO  [o.n.k.i.DiagnosticsManager]:   neostore.transaction.db.15: 2015-03-31T00:07:32-0400 - 16.00 B
2015-04-06 18:27:22.031+0000 INFO  [o.n.k.i.DiagnosticsManager]:   neostore.transaction.db.16: 2015-03-31T00:08:33-0400 - 16.00 B
2015-04-06 18:27:22.031+0000 INFO  [o.n.k.i.DiagnosticsManager]:   neostore.transaction.db.17: 2015-03-31T00:09:20-0400 - 16.00 B
2015-04-06 18:27:22.031+0000 INFO  [o.n.k.i.DiagnosticsManager]:   neostore.transaction.db.18: 2015-03-31T00:10:53-0400 - 16.00 B
2015-04-06 18:27:22.031+0000 INFO  [o.n.k.i.DiagnosticsManager]:   neostore.transaction.db.19: 2015-03-31T00:11:45-0400 - 16.00 B
2015-04-06 18:27:22.031+0000 INFO  [o.n.k.i.DiagnosticsManager]:   neostore.transaction.db.2: 2015-03-25T13:36:26-0400 - 16.00 B
2015-04-06 18:27:22.032+0000 INFO  [o.n.k.i.DiagnosticsManager]:   neostore.transaction.db.20: 2015-03-31T00:12:18-0400 - 16.00 B
2015-04-06 18:27:22.032+0000 INFO  [o.n.k.i.DiagnosticsManager]:   neostore.transaction.db.21: 2015-03-31T00:13:28-0400 - 16.00 B
2015-04-06 18:27:22.032+0000 INFO  [o.n.k.i.DiagnosticsManager]:   neostore.transaction.db.22: 2015-03-31T00:14:11-0400 - 16.00 B
2015-04-06 18:27:22.032+0000 INFO  [o.n.k.i.DiagnosticsManager]:   neostore.transaction.db.23: 2015-03-31T04:02:28-0400 - 16.00 B
2015-04-06 18:27:22.032+0000 INFO  [o.n.k.i.DiagnosticsManager]:   neostore.transaction.db.24: 2015-03-31T04:04:58-0400 - 16.00 B
2015-04-06 18:27:22.033+0000 INFO  [o.n.k.i.DiagnosticsManager]:   neostore.transaction.db.25: 2015-03-31T04:20:35-0400 - 16.00 B
2015-04-06 18:27:22.033+0000 INFO  [o.n.k.i.DiagnosticsManager]:   neostore.transaction.db.26: 2015-03-31T04:33:51-0400 - 16.00 B
2015-04-06 18:27:22.033+0000 INFO  [o.n.k.i.DiagnosticsManager]:   neostore.transaction.db.27: 2015-03-31T04:52:27-0400 - 16.00 B
2015-04-06 18:27:22.033+0000 INFO  [o.n.k.i.DiagnosticsManager]:   neostore.transaction.db.28: 2015-03-31T04:56:20-0400 - 16.00 B
2015-04-06 18:27:22.033+0000 INFO  [o.n.k.i.DiagnosticsManager]:   neostore.transaction.db.29: 2015-03-31T05:07:40-0400 - 16.00 B
2015-04-06 18:27:22.033+0000 INFO  [o.n.k.i.DiagnosticsManager]:   neostore.transaction.db.3: 2015-03-25T16:10:22-0400 - 16.00 B
2015-04-06 18:27:22.034+0000 INFO  [o.n.k.i.DiagnosticsManager]:   neostore.transaction.db.30: 2015-03-31T05:08:56-0400 - 16.00 B
2015-04-06 18:27:22.034+0000 INFO  [o.n.k.i.DiagnosticsManager]:   neostore.transaction.db.31: 2015-03-31T05:10:04-0400 - 16.00 B
2015-04-06 18:27:22.034+0000 INFO  [o.n.k.i.DiagnosticsManager]:   neostore.transaction.db.32: 2015-03-31T05:11:29-0400 - 16.00 B
2015-04-06 18:27:22.034+0000 INFO  [o.n.k.i.DiagnosticsManager]:   neostore.transaction.db.33: 2015-03-31T05:11:52-0400 - 16.00 B
2015-04-06 18:27:22.034+0000 INFO  [o.n.k.i.DiagnosticsManager]:   neostore.transaction.db.34: 2015-03-31T05:15:19-0400 - 16.00 B
2015-04-06 18:27:22.035+0000 INFO  [o.n.k.i.DiagnosticsManager]:   neostore.transaction.db.35: 2015-03-31T05:16:32-0400 - 16.00 B
2015-04-06 18:27:22.035+0000 INFO  [o.n.k.i.DiagnosticsManager]:   neostore.transaction.db.36: 2015-03-31T05:18:55-0400 - 16.00 B
2015-04-06 18:27:22.035+0000 INFO  [o.n.k.i.DiagnosticsManager]:   neostore.transaction.db.37: 2015-03-31T05:19:47-0400 - 16.00 B
2015-04-06 18:27:22.035+0000 INFO  [o.n.k.i.DiagnosticsManager]:   neostore.transaction.db.38: 2015-03-31T05:21:17-0400 - 16.00 B
2015-04-06 18:27:22.035+0000 INFO  [o.n.k.i.DiagnosticsManager]:   neostore.transaction.db.39: 2015-03-31T05:22:09-0400 - 16.00 B
2015-04-06 18:27:22.035+0000 INFO  [o.n.k.i.DiagnosticsManager]:   neostore.transaction.db.4: 2015-03-26T11:25:44-0400 - 16.00 B
2015-04-06 18:27:22.036+0000 INFO  [o.n.k.i.DiagnosticsManager]:   neostore.transaction.db.40: 2015-03-31T05:23:13-0400 - 16.00 B
2015-04-06 18:27:22.040+0000 INFO  [o.n.k.i.DiagnosticsManager]:   neostore.transaction.db.41: 2015-03-31T05:25:11-0400 - 16.00 B
2015-04-06 18:27:22.040+0000 INFO  [o.n.k.i.DiagnosticsManager]:   neostore.transaction.db.42: 2015-03-31T05:26:07-0400 - 16.00 B
2015-04-06 18:27:22.040+0000 INFO  [o.n.k.i.DiagnosticsManager]:   neostore.transaction.db.43: 2015-03-31T05:28:33-0400 - 16.00 B
2015-04-06 18:27:22.040+0000 INFO  [o.n.k.i.DiagnosticsManager]:   neostore.transaction.db.44: 2015-03-31T11:45:34-0400 - 16.00 B
2015-04-06 18:27:22.040+0000 INFO  [o.n.k.i.DiagnosticsManager]:   neostore.transaction.db.45: 2015-03-31T14:26:16-0400 - 16.00 B
2015-04-06 18:27:22.041+0000 INFO  [o.n.k.i.DiagnosticsManager]:   neostore.transaction.db.46: 2015-04-05T13:00:54-0400 - 16.00 B
2015-04-06 18:27:22.041+0000 INFO  [o.n.k.i.DiagnosticsManager]:   neostore.transaction.db.47: 2015-04-05T14:28:40-0400 - 16.00 B
2015-04-06 18:27:22.041+0000 INFO  [o.n.k.i.DiagnosticsManager]:   neostore.transaction.db.48: 2015-04-06T14:27:21-0400 - 16.00 B
2015-04-06 18:27:22.041+0000 INFO  [o.n.k.i.DiagnosticsManager]:   neostore.transaction.db.5: 2015-03-26T11:39:33-0400 - 16.00 B
2015-04-06 18:27:22.041+0000 INFO  [o.n.k.i.DiagnosticsManager]:   neostore.transaction.db.6: 2015-03-26T11:40:10-0400 - 16.00 B
2015-04-06 18:27:22.041+0000 INFO  [o.n.k.i.DiagnosticsManager]:   neostore.transaction.db.7: 2015-03-26T11:58:58-0400 - 16.00 B
2015-04-06 18:27:22.042+0000 INFO  [o.n.k.i.DiagnosticsManager]:   neostore.transaction.db.8: 2015-03-26T12:18:50-0400 - 16.00 B
2015-04-06 18:27:22.042+0000 INFO  [o.n.k.i.DiagnosticsManager]:   neostore.transaction.db.9: 2015-03-27T17:02:28-0400 - 16.00 B
2015-04-06 18:27:22.042+0000 INFO  [o.n.k.i.DiagnosticsManager]:   schema:
2015-04-06 18:27:22.042+0000 INFO  [o.n.k.i.DiagnosticsManager]:     label:
2015-04-06 18:27:22.042+0000 INFO  [o.n.k.i.DiagnosticsManager]:       lucene:
2015-04-06 18:27:22.042+0000 INFO  [o.n.k.i.DiagnosticsManager]:         _2.cfs: 2015-03-25T13:36:09-0400 - 2.28 kB
2015-04-06 18:27:22.043+0000 INFO  [o.n.k.i.DiagnosticsManager]:         segments.gen: 2015-03-25T13:36:11-0400 - 20.00 B
2015-04-06 18:27:22.043+0000 INFO  [o.n.k.i.DiagnosticsManager]:         segments_2: 2015-03-25T13:36:11-0400 - 280.00 B
2015-04-06 18:27:22.043+0000 INFO  [o.n.k.i.DiagnosticsManager]:         write.lock: 2015-04-06T14:27:21-0400 - 0.00 B
2015-04-06 18:27:22.043+0000 INFO  [o.n.k.i.DiagnosticsManager]:       - Total: 2015-04-06T14:27:21-0400 - 2.57 kB
2015-04-06 18:27:22.043+0000 INFO  [o.n.k.i.DiagnosticsManager]:     - Total: 2015-03-25T13:35:50-0400 - 2.57 kB
2015-04-06 18:27:22.043+0000 INFO  [o.n.k.i.DiagnosticsManager]:   - Total: 2015-03-25T13:35:49-0400 - 2.57 kB
2015-04-06 18:27:22.043+0000 INFO  [o.n.k.i.DiagnosticsManager]:   store_lock: 2015-03-25T13:35:49-0400 - 0.00 B
2015-04-06 18:27:22.044+0000 INFO  [o.n.k.i.DiagnosticsManager]: --- STARTED diagnostics for KernelDiagnostics:StoreFiles END ---
2015-04-06 18:27:22.084+0000 INFO  [o.n.k.EmbeddedGraphDatabase]: Database is now ready
2015-04-06 18:27:22.084+0000 INFO  [o.n.s.d.LifecycleManagingDatabase]: Successfully started database
2015-04-06 18:27:22.085+0000 INFO  [o.n.k.i.DiagnosticsManager]: --- SERVER STARTED START ---
2015-04-06 18:27:22.168+0000 INFO  [o.n.s.CommunityNeoServer]: Starting HTTP on port :7474 with 4 threads available
2015-04-06 18:27:22.415+0000 INFO  [o.n.s.CommunityNeoServer]: Enabling HTTPS on port :7473
2015-04-06 18:27:22.772+0000 INFO  [o.n.s.w.Jetty9WebServer]: Mounting static content at [/webadmin] from [webadmin-html]
2015-04-06 18:27:22.845+0000 INFO  [o.n.s.w.Jetty9WebServer]: Mounting static content at [/browser] from [browser]
2015-04-06 18:27:24.103+0000 INFO  [o.n.s.CommunityNeoServer]: Server started on: http://localhost:7474/
2015-04-06 18:27:24.103+0000 INFO  [o.n.s.CommunityNeoServer]: Remote interface ready and available at [http://localhost:7474/]
2015-04-06 18:27:24.103+0000 INFO  [o.n.k.i.DiagnosticsManager]: --- SERVER STARTED END ---
2015-04-06 18:32:51.268+0000 INFO  [o.n.s.CommunityBootstrapper]: Neo4j Server shutdown initiated by request
2015-04-06 18:32:51.297+0000 INFO  [o.n.s.CommunityNeoServer]: Successfully shutdown Neo4j Server.
2015-04-06 18:32:51.297+0000 INFO  [o.n.k.EmbeddedGraphDatabase]: Shutdown started
2015-04-06 18:32:51.297+0000 INFO  [o.n.k.EmbeddedGraphDatabase]: Database is now unavailable
2015-04-06 18:32:51.335+0000 INFO  [o.n.k.NeoStoreDataSource]: NeoStore closed
2015-04-06 18:32:51.335+0000 INFO  [o.n.k.i.DiagnosticsManager]: --- STOPPING diagnostics START ---
2015-04-06 18:32:51.335+0000 INFO  [o.n.k.i.DiagnosticsManager]: --- STOPPING diagnostics END ---
2015-04-06 18:32:51.339+0000 INFO  [o.n.s.d.LifecycleManagingDatabase]: Successfully stopped database
2015-04-06 18:32:51.339+0000 INFO  [o.n.s.CommunityNeoServer]: Successfully shutdown database.
2015-04-12 18:03:15.072+0000 INFO  [org.neo4j]: You are using an unsupported version of the Java runtime. Please use Oracle(R) Java(TM) Runtime Environment 7 or OpenJDK(TM) 7.
2015-04-12 18:03:15.117+0000 INFO  [org.neo4j]: No locking implementation specified, defaulting to 'community'
2015-04-12 18:03:15.193+0000 INFO  [org.neo4j]: --- INITIALIZED diagnostics START ---
2015-04-12 18:03:15.195+0000 INFO  [org.neo4j]: Neo4j Kernel properties:
    store_dir=/Users/jiechen/Google Drive/Eclipse-Luna/neo4j-community-2.2.0-M02/Version3
    ephemeral=false
2015-04-12 18:03:15.199+0000 INFO  [org.neo4j]: Diagnostics providers:
    org.neo4j.kernel.configuration.Config
    org.neo4j.kernel.info.DiagnosticsManager
    SYSTEM_MEMORY
    JAVA_MEMORY
    OPERATING_SYSTEM
    JAVA_VIRTUAL_MACHINE
    CLASSPATH
    LIBRARY_PATH
    SYSTEM_PROPERTIES
    NETWORK
2015-04-12 18:03:15.207+0000 INFO  [org.neo4j]: System memory information:
    Total Physical memory: 8.00 GB
    Free Physical memory: 480.87 MB
    Committed virtual memory: 5.73 GB
    Total swap space: 3.00 GB
    Free swap space: 1.35 GB
2015-04-12 18:03:15.214+0000 INFO  [org.neo4j]: JVM memory information:
    Free  memory: 98.92 MB
    Total memory: 123.00 MB
    Max   memory: 1.78 GB
    Garbage Collector: PS Scavenge: [PS Eden Space, PS Survivor Space]
    Garbage Collector: PS MarkSweep: [PS Eden Space, PS Survivor Space, PS Old Gen]
    Memory Pool: Code Cache (Non-heap memory): committed=2.56 MB, used=2.51 MB, max=240.00 MB, threshold=0.00 B
    Memory Pool: Metaspace (Non-heap memory): committed=7.00 MB, used=6.78 MB, max=-1.00 B, threshold=0.00 B
    Memory Pool: Compressed Class Space (Non-heap memory): committed=1.00 MB, used=898.29 kB, max=1.00 GB, threshold=0.00 B
    Memory Pool: PS Eden Space (Heap memory): committed=32.50 MB, used=24.08 MB, max=672.50 MB, threshold=?
    Memory Pool: PS Survivor Space (Heap memory): committed=5.00 MB, used=0.00 B, max=5.00 MB, threshold=?
    Memory Pool: PS Old Gen (Heap memory): committed=85.50 MB, used=0.00 B, max=1.33 GB, threshold=0.00 B
2015-04-12 18:03:15.219+0000 INFO  [org.neo4j]: Operating system information:
    Operating System: Mac OS X; version: 10.9.4; arch: x86_64; cpus: 4
    Max number of file descriptors: 10240
    Number of open file descriptors: 41
    Process id: 36788@JIEs-MacBook-Pro.local
    Byte order: LITTLE_ENDIAN
    Local timezone: America/New_York
2015-04-12 18:03:15.227+0000 INFO  [org.neo4j]: JVM information:
    VM Name: Java HotSpot(TM) 64-Bit Server VM
    VM Vendor: Oracle Corporation
    VM Version: 25.20-b23
    JIT compiler: HotSpot 64-Bit Tiered Compilers
    VM Arguments: [-Dfile.encoding=UTF-8]
2015-04-12 18:03:15.227+0000 INFO  [org.neo4j]: Java classpath:
     [loader.1] file:/System/Library/Java/Extensions/QTJava.zip
     [loader.1] file:/System/Library/Java/Extensions/libQTJNative.jnilib
     [bootstrap] /Library/Java/JavaVirtualMachines/jdk1.8.0_20.jdk/Contents/Home/jre/lib/jfr.jar
     [bootstrap] /Library/Java/JavaVirtualMachines/jdk1.8.0_20.jdk/Contents/Home/jre/lib/rt.jar
     [classpath + loader.0] file:/Users/jiechen/.m2/repository/org/neo4j/neo4j-cypher-compiler-1.9/2.0.4/neo4j-cypher-compiler-1.9-2.0.4.jar
     [classpath + loader.0] file:/Users/jiechen/.m2/repository/org/scala-lang/scala-reflect/2.10.4/scala-reflect-2.10.4.jar
     [bootstrap] /Library/Java/JavaVirtualMachines/jdk1.8.0_20.jdk/Contents/Home/jre/lib/jce.jar
     [bootstrap] /Library/Java/JavaVirtualMachines/jdk1.8.0_20.jdk/Contents/Home/jre/lib/jsse.jar
     [loader.1] file:/Library/Java/JavaVirtualMachines/jdk1.8.0_20.jdk/Contents/Home/jre/lib/ext/localedata.jar
     [classpath + loader.0] file:/Users/jiechen/.m2/repository/org/parboiled/parboiled-core/1.1.6/parboiled-core-1.1.6.jar
     [loader.1] file:/Library/Java/JavaVirtualMachines/jdk1.8.0_20.jdk/Contents/Home/jre/lib/ext/cldrdata.jar
     [loader.1] file:/System/Library/Java/Extensions/vecmath.jar
     [classpath + loader.0] file:/Users/jiechen/.m2/repository/org/neo4j/neo4j-graph-matching/2.2.0-M02/neo4j-graph-matching-2.2.0-M02.jar
     [loader.1] file:/Library/Java/JavaVirtualMachines/jdk1.8.0_20.jdk/Contents/Home/jre/lib/ext/sunpkcs11.jar
     [loader.1] file:/System/Library/Java/Extensions/libJ3D.jnilib
     [classpath + loader.0] file:/Users/jiechen/.m2/repository/org/neo4j/neo4j-io/2.2.0-M02/neo4j-io-2.2.0-M02.jar
     [classpath + loader.0] file:/Users/jiechen/.m2/repository/org/neo4j/neo4j-cypher-compiler-2.2/2.2.0-M02/neo4j-cypher-compiler-2.2-2.2.0-M02.jar
     [classpath + loader.0] file:/Users/jiechen/.m2/repository/org/neo4j/neo4j-lucene-index/2.2.0-M02/neo4j-lucene-index-2.2.0-M02.jar
     [classpath + loader.0] file:/Users/jiechen/.m2/repository/org/apache/logging/log4j/log4j-core/2.0-rc1/log4j-core-2.0-rc1.jar
     [classpath + loader.0] file:/Users/jiechen/.m2/repository/org/scala-lang/scala-library/2.10.4/scala-library-2.10.4.jar
     [loader.1] file:/Library/Java/JavaVirtualMachines/jdk1.8.0_20.jdk/Contents/Home/jre/lib/ext/dnsns.jar
     [classpath + loader.0] file:/Users/jiechen/.m2/repository/org/apache/logging/log4j/log4j-api/2.0-rc1/log4j-api-2.0-rc1.jar
     [loader.1] file:/System/Library/Java/Extensions/libAppleScriptEngine.jnilib
     [loader.1] file:/System/Library/Java/Extensions/dns_sd.jar
     [loader.1] file:/System/Library/Java/Extensions/MRJToolkit.jar
     [bootstrap] /Library/Java/JavaVirtualMachines/jdk1.8.0_20.jdk/Contents/Home/jre/lib/charsets.jar
     [classpath + loader.0] file:/Users/jiechen/.m2/repository/net/sf/opencsv/opencsv/2.3/opencsv-2.3.jar
     [loader.1] file:/Library/Java/JavaVirtualMachines/jdk1.8.0_20.jdk/Contents/Home/jre/lib/ext/jfxrt.jar
     [loader.1] file:/Library/Java/JavaVirtualMachines/jdk1.8.0_20.jdk/Contents/Home/jre/lib/ext/zipfs.jar
     [loader.1] file:/System/Library/Java/Extensions/mlibwrapper_jai.jar
     [classpath] /Users/jiechen/Google Drive/Github/github-test/INFSCI2711/MultiDBs-KeywordSearchG-Server/MultiDBsKeywordSearchGServer/target/classes
     [loader.1] file:/System/Library/Java/Extensions/libJ3DUtils.jnilib
     [loader.1] file:/System/Library/Java/Extensions/j3daudio.jar
     [classpath + loader.0] file:/Users/jiechen/.m2/repository/org/neo4j/neo4j-csv/2.2.0-M02/neo4j-csv-2.2.0-M02.jar
     [loader.1] file:/System/Library/Java/Extensions/AppleScriptEngine.jar
     [loader.1] file:/System/Library/Java/Extensions/j3dutils.jar
     [loader.1] file:/System/Library/Java/Extensions/jai_codec.jar
     [classpath + loader.0] file:/Users/jiechen/.m2/repository/org/apache/lucene/lucene-core/3.6.2/lucene-core-3.6.2.jar
     [loader.1] file:/Library/Java/JavaVirtualMachines/jdk1.8.0_20.jdk/Contents/Home/jre/lib/ext/sunjce_provider.jar
     [classpath + loader.0] file:/Users/jiechen/.m2/repository/mysql/mysql-connector-java/5.0.8/mysql-connector-java-5.0.8.jar
     [classpath + loader.0] file:/Users/jiechen/.m2/repository/org/parboiled/parboiled-scala_2.10/1.1.6/parboiled-scala_2.10-1.1.6.jar
     [classpath + loader.0] file:/Users/jiechen/.m2/repository/org/neo4j/neo4j-cypher/2.2.0-M02/neo4j-cypher-2.2.0-M02.jar
     [bootstrap] /Library/Java/JavaVirtualMachines/jdk1.8.0_20.jdk/Contents/Home/jre/lib/sunrsasign.jar
     [classpath + loader.0] file:/Users/jiechen/.m2/repository/org/neo4j/neo4j-cypher-compiler-2.0/2.0.4/neo4j-cypher-compiler-2.0-2.0.4.jar
     [loader.1] file:/usr/lib/java/libjdns_sd.jnilib
     [loader.1] file:/System/Library/Java/Extensions/libmlib_jai.jnilib
     [loader.0] file:/Users/jiechen/Google%20Drive/Github/github-test/INFSCI2711/MultiDBs-KeywordSearchG-Server/MultiDBsKeywordSearchGServer/target/classes/
     [loader.1] file:/Library/Java/JavaVirtualMachines/jdk1.8.0_20.jdk/Contents/Home/jre/lib/ext/nashorn.jar
     [bootstrap] /Library/Java/JavaVirtualMachines/jdk1.8.0_20.jdk/Contents/Home/jre/classes
     [classpath + loader.0] file:/Users/jiechen/.m2/repository/com/googlecode/concurrentlinkedhashmap/concurrentlinkedhashmap-lru/1.4/concurrentlinkedhashmap-lru-1.4.jar
     [classpath + loader.0] file:/Users/jiechen/.m2/repository/org/neo4j/neo4j-primitive-collections/2.2.0-M02/neo4j-primitive-collections-2.2.0-M02.jar
     [classpath + loader.0] file:/Users/jiechen/.m2/repository/org/neo4j/neo4j-cypher-compiler-2.1/2.1.6/neo4j-cypher-compiler-2.1-2.1.6.jar
     [classpath + loader.0] file:/Users/jiechen/.m2/repository/org/neo4j/neo4j-graph-algo/2.2.0-M02/neo4j-graph-algo-2.2.0-M02.jar
     [loader.1] file:/Library/Java/JavaVirtualMachines/jdk1.8.0_20.jdk/Contents/Home/jre/lib/ext/sunec.jar
     [bootstrap] /Library/Java/JavaVirtualMachines/jdk1.8.0_20.jdk/Contents/Home/jre/lib/resources.jar
     [loader.1] file:/System/Library/Java/Extensions/libJ3DAudio.jnilib
     [loader.1] file:/System/Library/Java/Extensions/j3dcore.jar
     [classpath + loader.0] file:/Users/jiechen/.m2/repository/org/neo4j/neo4j-kernel/2.2.0-M02/neo4j-kernel-2.2.0-M02.jar
     [loader.1] file:/System/Library/Java/Extensions/jai_core.jar
2015-04-12 18:03:15.231+0000 INFO  [org.neo4j]: Library path:
    /Users/jiechen/Library/Java/Extensions
    /Library/Java/Extensions
    /Network/Library/Java/Extensions
    /System/Library/Java/Extensions
    /usr/lib/java
    /Users/jiechen/Google Drive/Github/github-test/INFSCI2711/MultiDBs-KeywordSearchG-Server/MultiDBsKeywordSearchGServer
2015-04-12 18:03:15.231+0000 INFO  [org.neo4j]: System.properties:
    sun.boot.library.path = /Library/Java/JavaVirtualMachines/jdk1.8.0_20.jdk/Contents/Home/jre/lib
    gopherProxySet = false
    path.separator = :
    file.encoding.pkg = sun.io
    user.country = US
    sun.java.launcher = SUN_STANDARD
    sun.os.patch.level = unknown
    user.dir = /Users/jiechen/Google Drive/Github/github-test/INFSCI2711/MultiDBs-KeywordSearchG-Server/MultiDBsKeywordSearchGServer
    sun.jnu.encoding = UTF-8
    sun.management.compiler = HotSpot 64-Bit Tiered Compilers
    http.nonProxyHosts = local|*.local|169.254/16|*.169.254/16
    user.home = /Users/jiechen
    user.timezone = America/New_York
    file.encoding = UTF-8
    user.name = jiechen
    sun.java.command = edu.pitt.sis.infsci2711.multidbskeywordsearchgserver.business.SQL2Neo4J
    sun.arch.data.model = 64
    user.language = en
    awt.toolkit = sun.lwawt.macosx.LWCToolkit
    file.separator = /
    sun.io.unicode.encoding = UnicodeBig
    sun.cpu.endian = little
    socksNonProxyHosts = local|*.local|169.254/16|*.169.254/16
    ftp.nonProxyHosts = local|*.local|169.254/16|*.169.254/16
    sun.cpu.isalist = 
2015-04-12 18:03:15.232+0000 INFO  [org.neo4j]: Network information:
    Interface en0:
        address: fe80:0:0:0:82e6:50ff:fe07:2046%en0
        address: 150.212.62.247
    Interface lo0:
        address: fe80:0:0:0:0:0:0:1%lo0
        address: 0:0:0:0:0:0:0:1
        address: 127.0.0.1
2015-04-12 18:03:15.236+0000 INFO  [org.neo4j]: --- INITIALIZED diagnostics END ---
2015-04-12 18:03:15.642+0000 INFO  [org.neo4j]: Opened logical log [/Users/jiechen/Google Drive/Eclipse-Luna/neo4j-community-2.2.0-M02/Version3/neostore.transaction.db.49] version=49, lastTxId=20 (clean)
2015-04-12 18:03:16.032+0000 INFO  [org.neo4j]: --- STARTED diagnostics for KernelDiagnostics:Versions START ---
2015-04-12 18:03:16.032+0000 INFO  [org.neo4j]: Graph Database: org.neo4j.kernel.EmbeddedGraphDatabase StoreId{creationTime=1427304949611, randomId=-5123122649309932310, storeVersion=14687556271633926, upgradeTime=1427304949611, upgradeId=1}
2015-04-12 18:03:16.039+0000 INFO  [org.neo4j]: Kernel version: Neo4j - Graph Database Kernel (neo4j-kernel), version: 2.2.0-M02
2015-04-12 18:03:16.039+0000 INFO  [org.neo4j]: Neo4j component versions:
2015-04-12 18:03:16.042+0000 INFO  [org.neo4j]:   Neo4j - Cypher Compiler 1.9 (neo4j-cypher-compiler-1.9), version: 2.0.4; revision: 2.0.4:2.0-maint:130/4a7d10bc274a5d26a180bbe9df25100e8a694748
2015-04-12 18:03:16.042+0000 INFO  [org.neo4j]:   Neo4j - Cypher Compiler 2.2 (neo4j-cypher-compiler-2.2), version: 2.2.0-M02; revision: 2.2.0-M02:master:549/b70e1e11e4af9d5c5ffe171bbb3013625ee3bc4b
2015-04-12 18:03:16.042+0000 INFO  [org.neo4j]:   Neo4j - Lucene Index (neo4j-lucene-index), version: 2.2.0-M02; revision: 2.2.0-M02:master:549/b70e1e11e4af9d5c5ffe171bbb3013625ee3bc4b
2015-04-12 18:03:16.042+0000 INFO  [org.neo4j]:   Neo4j - Cypher Compiler 2.0 (neo4j-cypher-compiler-2.0), version: 2.0.4; revision: 2.0.4:2.0-maint:130/4a7d10bc274a5d26a180bbe9df25100e8a694748
2015-04-12 18:03:16.042+0000 INFO  [org.neo4j]:   Neo4j - Graph Database Kernel (neo4j-kernel), version: 2.2.0-M02; revision: 2.2.0-M02:master:549/b70e1e11e4af9d5c5ffe171bbb3013625ee3bc4b
2015-04-12 18:03:16.042+0000 INFO  [org.neo4j]:   Neo4j - Graph Matching (neo4j-graph-matching), version: 2.2.0-M02; revision: 2.2.0-M02:master:549/b70e1e11e4af9d5c5ffe171bbb3013625ee3bc4b
2015-04-12 18:03:16.042+0000 INFO  [org.neo4j]:   Neo4j - Cypher Compiler 2.1 (neo4j-cypher-compiler-2.1), version: 2.1.6; revision: 2.1.6:2.1-maint:605/0d7f25fc608f15c54ec1a01f4ba4564ebfb1071a
2015-04-12 18:03:16.042+0000 INFO  [org.neo4j]:   Neo4j - Cypher (neo4j-cypher), version: 2.2.0-M02; revision: 2.2.0-M02:master:549/b70e1e11e4af9d5c5ffe171bbb3013625ee3bc4b
2015-04-12 18:03:16.042+0000 INFO  [org.neo4j]:   Neo4j - Graph Algorithms (neo4j-graph-algo), version: 2.2.0-M02; revision: 2.2.0-M02:master:549/b70e1e11e4af9d5c5ffe171bbb3013625ee3bc4b
2015-04-12 18:03:16.042+0000 INFO  [org.neo4j]: --- STARTED diagnostics for KernelDiagnostics:Versions END ---
2015-04-12 18:03:16.044+0000 INFO  [org.neo4j]: --- STARTED diagnostics for NEO_STORE_VERSIONS START ---
2015-04-12 18:03:16.044+0000 INFO  [org.neo4j]: Store versions:
    Store versions:
      NeoStore v0.A.4
      SchemaStore v0.A.4
      NodeStore v0.A.4
      RelationshipStore v0.A.4
      RelationshipTypeStore v0.A.4
      LabelTokenStore v0.A.4
      PropertyStore v0.A.4
      PropertyIndexStore v0.A.4
      StringPropertyStore v0.A.4
      ArrayPropertyStore v0.A.4
      RelationshipGroupStore v0.A.4
2015-04-12 18:03:16.044+0000 INFO  [org.neo4j]: --- STARTED diagnostics for NEO_STORE_VERSIONS END ---
2015-04-12 18:03:16.044+0000 INFO  [org.neo4j]: --- STARTED diagnostics for NEO_STORE_ID_USAGE START ---
2015-04-12 18:03:16.044+0000 INFO  [org.neo4j]: Id usage:
    Id usage:
      SchemaStore: used=1 high=0
      NodeStore: used=1906 high=1905
      RelationshipStore: used=3379 high=3378
      RelationshipTypeStore: used=3 high=2
      LabelTokenStore: used=4 high=3
      PropertyStore: used=5627 high=5626
      PropertyIndexStore: used=5 high=4
      StringPropertyStore: used=19 high=18
      ArrayPropertyStore: used=1 high=0
      RelationshipGroupStore: used=36 high=35
2015-04-12 18:03:16.045+0000 INFO  [org.neo4j]: --- STARTED diagnostics for NEO_STORE_ID_USAGE END ---
2015-04-12 18:03:16.046+0000 INFO  [org.neo4j]: --- STARTED diagnostics for KernelDiagnostics:StoreFiles START ---
2015-04-12 18:03:16.046+0000 INFO  [org.neo4j]: Disk space on partition (Total / Free / Free %): 120473067520 / 13729107968 / 11
Storage files: (filename : modification date - size)
      .DS_Store: 2015-04-05T13:03:07-0400 - 21.00 kB
      index:
        lucene:
          node:
            Database:
              _0.fdt: 2015-03-25T13:35:55-0400 - 17.00 B
              _0.fdx: 2015-03-25T13:35:55-0400 - 12.00 B
              _0.fnm: 2015-03-25T13:35:55-0400 - 19.00 B
              _0.frq: 2015-03-25T13:35:55-0400 - 2.00 B
              _0.nrm: 2015-03-25T13:35:55-0400 - 5.00 B
              _0.prx: 2015-03-25T13:35:55-0400 - 2.00 B
              _0.tii: 2015-03-25T13:35:55-0400 - 35.00 B
              _0.tis: 2015-03-25T13:35:55-0400 - 42.00 B
              _1.fdt: 2015-03-25T13:36:11-0400 - 24.00 B
              _1.fdx: 2015-03-25T13:36:11-0400 - 12.00 B
              _1.fnm: 2015-03-25T13:36:11-0400 - 19.00 B
              _1.frq: 2015-03-25T13:36:11-0400 - 2.00 B
              _1.nrm: 2015-03-25T13:36:11-0400 - 5.00 B
              _1.prx: 2015-03-25T13:36:11-0400 - 2.00 B
              _1.tii: 2015-03-25T13:36:11-0400 - 35.00 B
              _1.tis: 2015-03-25T13:36:11-0400 - 49.00 B
              segments.gen: 2015-03-25T13:36:11-0400 - 20.00 B
              segments_2: 2015-03-25T13:36:11-0400 - 454.00 B
            - Total: 2015-03-25T13:36:11-0400 - 756.00 B
            Record:
              _0.fdt: 2015-03-25T13:35:55-0400 - 27.07 kB
              _0.fdx: 2015-03-25T13:35:55-0400 - 11.89 kB
              _0.fnm: 2015-03-25T13:35:55-0400 - 19.00 B
              _0.frq: 2015-03-25T13:35:55-0400 - 5.82 kB
              _0.nrm: 2015-03-25T13:35:55-0400 - 1.49 kB
              _0.prx: 2015-03-25T13:35:55-0400 - 2.97 kB
              _0.tii: 2015-03-25T13:35:55-0400 - 385.00 B
              _0.tis: 2015-03-25T13:35:55-0400 - 26.36 kB
              _1.fdt: 2015-03-25T13:36:11-0400 - 4.01 kB
              _1.fdx: 2015-03-25T13:36:11-0400 - 2.18 kB
              _1.fnm: 2015-03-25T13:36:11-0400 - 19.00 B
              _1.frq: 2015-03-25T13:36:11-0400 - 984.00 B
              _1.nrm: 2015-03-25T13:36:11-0400 - 282.00 B
              _1.prx: 2015-03-25T13:36:11-0400 - 556.00 B
              _1.tii: 2015-03-25T13:36:11-0400 - 87.00 B
              _1.tis: 2015-03-25T13:36:11-0400 - 4.13 kB
              segments.gen: 2015-03-25T13:36:11-0400 - 20.00 B
              segments_2: 2015-03-25T13:36:11-0400 - 454.00 B
            - Total: 2015-03-25T13:36:11-0400 - 88.65 kB
          - Total: 2015-03-25T13:35:51-0400 - 89.39 kB
        - Total: 2015-03-25T13:35:51-0400 - 89.39 kB
      - Total: 2015-03-25T13:35:51-0400 - 89.39 kB
      index.db: 2015-03-25T13:35:51-0400 - 291.00 B
      lock: 2015-04-12T14:03:15-0400 - 0.00 B
      messages.2015-03-31.log: 2015-03-31T14:26:29-0400 - 3.32 MB
      messages.2015-04-05.log: 2015-04-05T22:43:29-0400 - 129.54 kB
      messages.log: 2015-04-12T14:03:16-0400 - 79.25 kB
      neostore: 2015-04-12T14:03:15-0400 - 99.00 B
      neostore.counts.db.a: 2015-03-25T13:36:11-0400 - 8.00 kB
      neostore.counts.db.b: 2015-03-25T13:35:55-0400 - 8.00 kB
      neostore.id: 2015-04-12T14:03:15-0400 - 9.00 B
      neostore.labeltokenstore.db: 2015-04-12T14:03:15-0400 - 20.00 B
      neostore.labeltokenstore.db.id: 2015-04-12T14:03:15-0400 - 9.00 B
      neostore.labeltokenstore.db.names: 2015-04-12T14:03:15-0400 - 190.00 B
      neostore.labeltokenstore.db.names.id: 2015-04-12T14:03:15-0400 - 9.00 B
      neostore.nodestore.db: 2015-04-12T14:03:15-0400 - 27.92 kB
      neostore.nodestore.db.id: 2015-04-12T14:03:15-0400 - 9.00 B
      neostore.nodestore.db.labels: 2015-04-12T14:03:15-0400 - 68.00 B
      neostore.nodestore.db.labels.id: 2015-04-12T14:03:15-0400 - 9.00 B
      neostore.propertystore.db: 2015-04-12T14:03:15-0400 - 225.30 kB
      neostore.propertystore.db.arrays: 2015-04-12T14:03:15-0400 - 128.00 B
      neostore.propertystore.db.arrays.id: 2015-04-12T14:03:15-0400 - 9.00 B
      neostore.propertystore.db.id: 2015-04-12T14:03:15-0400 - 9.00 B
      neostore.propertystore.db.index: 2015-04-12T14:03:15-0400 - 45.00 B
      neostore.propertystore.db.index.id: 2015-04-12T14:03:15-0400 - 9.00 B
      neostore.propertystore.db.index.keys: 2015-04-12T14:03:15-0400 - 228.00 B
      neostore.propertystore.db.index.keys.id: 2015-04-12T14:03:15-0400 - 9.00 B
      neostore.propertystore.db.strings: 2015-04-12T14:03:15-0400 - 2.38 kB
      neostore.propertystore.db.strings.id: 2015-04-12T14:03:15-0400 - 9.00 B
      neostore.relationshipgroupstore.db: 2015-04-12T14:03:15-0400 - 900.00 B
      neostore.relationshipgroupstore.db.id: 2015-04-12T14:03:15-0400 - 9.00 B
      neostore.relationshipstore.db: 2015-04-12T14:03:15-0400 - 112.19 kB
      neostore.relationshipstore.db.id: 2015-04-12T14:03:15-0400 - 9.00 B
      neostore.relationshiptypestore.db: 2015-04-12T14:03:15-0400 - 15.00 B
      neostore.relationshiptypestore.db.id: 2015-04-12T14:03:15-0400 - 9.00 B
      neostore.relationshiptypestore.db.names: 2015-04-12T14:03:15-0400 - 152.00 B
      neostore.relationshiptypestore.db.names.id: 2015-04-12T14:03:15-0400 - 9.00 B
      neostore.schemastore.db: 2015-04-12T14:03:15-0400 - 64.00 B
      neostore.schemastore.db.id: 2015-04-12T14:03:15-0400 - 9.00 B
      neostore.transaction.db.0: 2015-03-25T13:35:55-0400 - 770.10 kB
      neostore.transaction.db.1: 2015-03-25T13:36:11-0400 - 166.07 kB
      neostore.transaction.db.10: 2015-03-30T18:58:31-0400 - 16.00 B
      neostore.transaction.db.11: 2015-03-31T00:01:17-0400 - 16.00 B
      neostore.transaction.db.12: 2015-03-31T00:04:31-0400 - 16.00 B
      neostore.transaction.db.13: 2015-03-31T00:05:48-0400 - 16.00 B
      neostore.transaction.db.14: 2015-03-31T00:06:47-0400 - 16.00 B
      neostore.transaction.db.15: 2015-03-31T00:07:32-0400 - 16.00 B
      neostore.transaction.db.16: 2015-03-31T00:08:33-0400 - 16.00 B
      neostore.transaction.db.17: 2015-03-31T00:09:20-0400 - 16.00 B
      neostore.transaction.db.18: 2015-03-31T00:10:53-0400 - 16.00 B
      neostore.transaction.db.19: 2015-03-31T00:11:45-0400 - 16.00 B
      neostore.transaction.db.2: 2015-03-25T13:36:26-0400 - 16.00 B
      neostore.transaction.db.20: 2015-03-31T00:12:18-0400 - 16.00 B
      neostore.transaction.db.21: 2015-03-31T00:13:28-0400 - 16.00 B
      neostore.transaction.db.22: 2015-03-31T00:14:11-0400 - 16.00 B
      neostore.transaction.db.23: 2015-03-31T04:02:28-0400 - 16.00 B
      neostore.transaction.db.24: 2015-03-31T04:04:58-0400 - 16.00 B
      neostore.transaction.db.25: 2015-03-31T04:20:35-0400 - 16.00 B
      neostore.transaction.db.26: 2015-03-31T04:33:51-0400 - 16.00 B
      neostore.transaction.db.27: 2015-03-31T04:52:27-0400 - 16.00 B
      neostore.transaction.db.28: 2015-03-31T04:56:20-0400 - 16.00 B
      neostore.transaction.db.29: 2015-03-31T05:07:40-0400 - 16.00 B
      neostore.transaction.db.3: 2015-03-25T16:10:22-0400 - 16.00 B
      neostore.transaction.db.30: 2015-03-31T05:08:56-0400 - 16.00 B
      neostore.transaction.db.31: 2015-03-31T05:10:04-0400 - 16.00 B
      neostore.transaction.db.32: 2015-03-31T05:11:29-0400 - 16.00 B
      neostore.transaction.db.33: 2015-03-31T05:11:52-0400 - 16.00 B
      neostore.transaction.db.34: 2015-03-31T05:15:19-0400 - 16.00 B
      neostore.transaction.db.35: 2015-03-31T05:16:32-0400 - 16.00 B
      neostore.transaction.db.36: 2015-03-31T05:18:55-0400 - 16.00 B
      neostore.transaction.db.37: 2015-03-31T05:19:47-0400 - 16.00 B
      neostore.transaction.db.38: 2015-03-31T05:21:17-0400 - 16.00 B
      neostore.transaction.db.39: 2015-03-31T05:22:09-0400 - 16.00 B
      neostore.transaction.db.4: 2015-03-26T11:25:44-0400 - 16.00 B
      neostore.transaction.db.40: 2015-03-31T05:23:13-0400 - 16.00 B
      neostore.transaction.db.41: 2015-03-31T05:25:11-0400 - 16.00 B
      neostore.transaction.db.42: 2015-03-31T05:26:07-0400 - 16.00 B
      neostore.transaction.db.43: 2015-03-31T05:28:33-0400 - 16.00 B
      neostore.transaction.db.44: 2015-03-31T11:45:34-0400 - 16.00 B
      neostore.transaction.db.45: 2015-03-31T14:26:16-0400 - 16.00 B
      neostore.transaction.db.46: 2015-04-05T13:00:54-0400 - 16.00 B
      neostore.transaction.db.47: 2015-04-05T14:28:40-0400 - 16.00 B
      neostore.transaction.db.48: 2015-04-06T14:27:21-0400 - 16.00 B
      neostore.transaction.db.49: 2015-04-12T14:03:15-0400 - 16.00 B
      neostore.transaction.db.5: 2015-03-26T11:39:33-0400 - 16.00 B
      neostore.transaction.db.6: 2015-03-26T11:40:10-0400 - 16.00 B
      neostore.transaction.db.7: 2015-03-26T11:58:58-0400 - 16.00 B
      neostore.transaction.db.8: 2015-03-26T12:18:50-0400 - 16.00 B
      neostore.transaction.db.9: 2015-03-27T17:02:28-0400 - 16.00 B
      schema:
        label:
          lucene:
            _2.cfs: 2015-03-25T13:36:09-0400 - 2.28 kB
            segments.gen: 2015-03-25T13:36:11-0400 - 20.00 B
            segments_2: 2015-03-25T13:36:11-0400 - 280.00 B
            write.lock: 2015-04-12T14:03:15-0400 - 0.00 B
          - Total: 2015-04-12T14:03:15-0400 - 2.57 kB
        - Total: 2015-03-25T13:35:50-0400 - 2.57 kB
      - Total: 2015-03-25T13:35:49-0400 - 2.57 kB
      store_lock: 2015-03-25T13:35:49-0400 - 0.00 B
