2015-01-28 22:15:08.301+0000 INFO  [org.neo4j]: You are using an unsupported version of the Java runtime. Please use Oracle(R) Java(TM) Runtime Environment 7 or OpenJDK(TM) 7.
2015-01-28 22:15:08.335+0000 INFO  [org.neo4j]: No locking implementation specified, defaulting to 'community'
2015-01-28 22:15:08.422+0000 INFO  [org.neo4j]: --- INITIALIZED diagnostics START ---
2015-01-28 22:15:08.425+0000 INFO  [org.neo4j]: Neo4j Kernel properties:
    neostore.propertystore.db.strings.mapped_memory=563M
    ephemeral=false
    neostore.nodestore.db.mapped_memory=184M
    store_dir=/Users/jiechen/Google Drive/Eclipse-Luna/neo4j-community-2.2.0-M02/store
    neostore.propertystore.db.arrays.mapped_memory=639M
    neostore.propertystore.db.mapped_memory=663M
    neostore.relationshipstore.db.mapped_memory=812M
2015-01-28 22:15:08.427+0000 INFO  [org.neo4j]: Diagnostics providers:
    org.neo4j.kernel.configuration.Config
    org.neo4j.kernel.info.DiagnosticsManager
    SYSTEM_MEMORY
    JAVA_MEMORY
    OPERATING_SYSTEM
    JAVA_VIRTUAL_MACHINE
    CLASSPATH
    LIBRARY_PATH
    SYSTEM_PROPERTIES
    NETWORK
2015-01-28 22:15:08.428+0000 INFO  [org.neo4j]: System memory information:
    Total Physical memory: 8.00 GB
    Free Physical memory: 384.90 MB
    Committed virtual memory: 5.73 GB
    Total swap space: 2.00 GB
    Free swap space: 1.20 GB
2015-01-28 22:15:08.433+0000 INFO  [org.neo4j]: JVM memory information:
    Free  memory: 104.11 MB
    Total memory: 123.00 MB
    Max   memory: 1.78 GB
    Garbage Collector: PS Scavenge: [PS Eden Space, PS Survivor Space]
    Garbage Collector: PS MarkSweep: [PS Eden Space, PS Survivor Space, PS Old Gen]
    Memory Pool: Code Cache (Non-heap memory): committed=2.44 MB, used=2.28 MB, max=240.00 MB, threshold=0.00 B
    Memory Pool: Metaspace (Non-heap memory): committed=6.63 MB, used=6.32 MB, max=-1.00 B, threshold=0.00 B
    Memory Pool: Compressed Class Space (Non-heap memory): committed=896.00 kB, used=834.32 kB, max=1.00 GB, threshold=0.00 B
    Memory Pool: PS Eden Space (Heap memory): committed=32.50 MB, used=18.89 MB, max=672.50 MB, threshold=?
    Memory Pool: PS Survivor Space (Heap memory): committed=5.00 MB, used=0.00 B, max=5.00 MB, threshold=?
    Memory Pool: PS Old Gen (Heap memory): committed=85.50 MB, used=0.00 B, max=1.33 GB, threshold=0.00 B
2015-01-28 22:15:08.437+0000 INFO  [org.neo4j]: Operating system information:
    Operating System: Mac OS X; version: 10.9.4; arch: x86_64; cpus: 4
    Max number of file descriptors: 10240
    Number of open file descriptors: 42
    Process id: 19900@JIEs-MacBook-Pro.local
    Byte order: LITTLE_ENDIAN
    Local timezone: America/New_York
2015-01-28 22:15:08.447+0000 INFO  [org.neo4j]: JVM information:
    VM Name: Java HotSpot(TM) 64-Bit Server VM
    VM Vendor: Oracle Corporation
    VM Version: 25.20-b23
    JIT compiler: HotSpot 64-Bit Tiered Compilers
    VM Arguments: [-Dfile.encoding=UTF-8]
2015-01-28 22:15:08.447+0000 INFO  [org.neo4j]: Java classpath:
     [loader.1] file:/System/Library/Java/Extensions/QTJava.zip
     [loader.1] file:/System/Library/Java/Extensions/libQTJNative.jnilib
     [classpath + loader.0] file:/Users/jiechen/Documents/neo4j/lib/concurrentlinkedhashmap-lru-1.3.1.jar
     [classpath] /Users/jiechen/Google Drive/Eclipse-Luna/mysql-connector-java-5.1.34/mysql-connector-java-5.1.34-bin.jar
     [classpath] /Users/jiechen/Google Drive/Eclipse-Luna/Neo4j/bin
     [bootstrap] /Library/Java/JavaVirtualMachines/jdk1.8.0_20.jdk/Contents/Home/jre/lib/jfr.jar
     [classpath + loader.0] file:/Users/jiechen/Documents/neo4j/lib/neo4j-lucene-index-2.1.6.jar
     [bootstrap] /Library/Java/JavaVirtualMachines/jdk1.8.0_20.jdk/Contents/Home/jre/lib/rt.jar
     [loader.0] file:/Users/jiechen/Google%20Drive/Eclipse-Luna/mysql-connector-java-5.1.34/mysql-connector-java-5.1.34-bin.jar
     [bootstrap] /Library/Java/JavaVirtualMachines/jdk1.8.0_20.jdk/Contents/Home/jre/lib/jce.jar
     [classpath + loader.0] file:/Users/jiechen/Documents/neo4j/lib/neo4j-graph-matching-2.1.6.jar
     [bootstrap] /Library/Java/JavaVirtualMachines/jdk1.8.0_20.jdk/Contents/Home/jre/lib/jsse.jar
     [classpath + loader.0] file:/Users/jiechen/Documents/neo4j/lib/neo4j-cypher-compiler-2.0-2.0.3.jar
     [loader.1] file:/Library/Java/JavaVirtualMachines/jdk1.8.0_20.jdk/Contents/Home/jre/lib/ext/localedata.jar
     [classpath + loader.0] file:/Users/jiechen/Documents/neo4j/lib/lucene-core-3.6.2.jar
     [loader.1] file:/Library/Java/JavaVirtualMachines/jdk1.8.0_20.jdk/Contents/Home/jre/lib/ext/cldrdata.jar
     [loader.1] file:/System/Library/Java/Extensions/vecmath.jar
     [classpath + loader.0] file:/Users/jiechen/Documents/neo4j/lib/geronimo-jta_1.1_spec-1.1.1.jar
     [classpath + loader.0] file:/Users/jiechen/Documents/neo4j/lib/neo4j-cypher-commons-2.1.6.jar
     [classpath + loader.0] file:/Users/jiechen/Documents/neo4j/lib/opencsv-2.3.jar
     [loader.1] file:/Library/Java/JavaVirtualMachines/jdk1.8.0_20.jdk/Contents/Home/jre/lib/ext/sunpkcs11.jar
     [loader.1] file:/System/Library/Java/Extensions/libJ3D.jnilib
     [classpath + loader.0] file:/Users/jiechen/Documents/neo4j/lib/neo4j-graph-algo-2.1.6.jar
     [loader.1] file:/Library/Java/JavaVirtualMachines/jdk1.8.0_20.jdk/Contents/Home/jre/lib/ext/dnsns.jar
     [classpath + loader.0] file:/Users/jiechen/Documents/neo4j/lib/neo4j-udc-2.1.6.jar
     [classpath + loader.0] file:/Users/jiechen/Documents/neo4j/lib/neo4j-jmx-2.1.6.jar
     [loader.1] file:/System/Library/Java/Extensions/libAppleScriptEngine.jnilib
     [classpath + loader.0] file:/Users/jiechen/Documents/neo4j/lib/scala-library-2.10.4.jar
     [loader.1] file:/System/Library/Java/Extensions/dns_sd.jar
     [loader.1] file:/System/Library/Java/Extensions/MRJToolkit.jar
     [bootstrap] /Library/Java/JavaVirtualMachines/jdk1.8.0_20.jdk/Contents/Home/jre/lib/charsets.jar
     [loader.1] file:/Library/Java/JavaVirtualMachines/jdk1.8.0_20.jdk/Contents/Home/jre/lib/ext/jfxrt.jar
     [loader.1] file:/Library/Java/JavaVirtualMachines/jdk1.8.0_20.jdk/Contents/Home/jre/lib/ext/zipfs.jar
     [classpath + loader.0] file:/Users/jiechen/Documents/neo4j/lib/org.apache.servicemix.bundles.jline-0.9.94_1.jar
     [loader.1] file:/System/Library/Java/Extensions/mlibwrapper_jai.jar
     [loader.1] file:/System/Library/Java/Extensions/libJ3DUtils.jnilib
     [loader.1] file:/System/Library/Java/Extensions/j3daudio.jar
     [loader.1] file:/System/Library/Java/Extensions/AppleScriptEngine.jar
     [loader.1] file:/System/Library/Java/Extensions/j3dutils.jar
     [loader.1] file:/System/Library/Java/Extensions/jai_codec.jar
     [loader.1] file:/Library/Java/JavaVirtualMachines/jdk1.8.0_20.jdk/Contents/Home/jre/lib/ext/sunjce_provider.jar
     [classpath + loader.0] file:/Users/jiechen/Documents/neo4j/lib/neo4j-cypher-compiler-2.1-2.1.6.jar
     [bootstrap] /Library/Java/JavaVirtualMachines/jdk1.8.0_20.jdk/Contents/Home/jre/lib/sunrsasign.jar
     [loader.1] file:/usr/lib/java/libjdns_sd.jnilib
     [loader.1] file:/System/Library/Java/Extensions/libmlib_jai.jnilib
     [loader.1] file:/Library/Java/JavaVirtualMachines/jdk1.8.0_20.jdk/Contents/Home/jre/lib/ext/nashorn.jar
     [bootstrap] /Library/Java/JavaVirtualMachines/jdk1.8.0_20.jdk/Contents/Home/jre/classes
     [classpath + loader.0] file:/Users/jiechen/Documents/neo4j/lib/parboiled-core-1.1.6.jar
     [classpath + loader.0] file:/Users/jiechen/Documents/neo4j/lib/server-api-2.1.6.jar
     [classpath + loader.0] file:/Users/jiechen/Documents/neo4j/lib/neo4j-cypher-2.1.6.jar
     [loader.1] file:/Library/Java/JavaVirtualMachines/jdk1.8.0_20.jdk/Contents/Home/jre/lib/ext/sunec.jar
     [bootstrap] /Library/Java/JavaVirtualMachines/jdk1.8.0_20.jdk/Contents/Home/jre/lib/resources.jar
     [loader.1] file:/System/Library/Java/Extensions/libJ3DAudio.jnilib
     [classpath + loader.0] file:/Users/jiechen/Documents/neo4j/lib/neo4j-cypher-compiler-1.9-2.0.3.jar
     [classpath + loader.0] file:/Users/jiechen/Documents/neo4j/lib/neo4j-kernel-2.1.6.jar
     [loader.1] file:/System/Library/Java/Extensions/j3dcore.jar
     [classpath + loader.0] file:/Users/jiechen/Documents/neo4j/lib/neo4j-shell-2.1.6.jar
     [loader.0] file:/Users/jiechen/Google%20Drive/Eclipse-Luna/Neo4j/bin/
     [classpath + loader.0] file:/Users/jiechen/Documents/neo4j/lib/parboiled-scala_2.10-1.1.6.jar
     [loader.1] file:/System/Library/Java/Extensions/jai_core.jar
     [classpath + loader.0] file:/Users/jiechen/Documents/neo4j/lib/neo4j-primitive-collections-2.1.6.jar
2015-01-28 22:15:08.449+0000 INFO  [org.neo4j]: Library path:
    /Users/jiechen/Library/Java/Extensions
    /Library/Java/Extensions
    /Network/Library/Java/Extensions
    /System/Library/Java/Extensions
    /usr/lib/java
    /Users/jiechen/Google Drive/Eclipse-Luna/Neo4j
2015-01-28 22:15:08.450+0000 INFO  [org.neo4j]: System.properties:
    sun.boot.library.path = /Library/Java/JavaVirtualMachines/jdk1.8.0_20.jdk/Contents/Home/jre/lib
    gopherProxySet = false
    path.separator = :
    file.encoding.pkg = sun.io
    user.country = US
    sun.java.launcher = SUN_STANDARD
    sun.os.patch.level = unknown
    user.dir = /Users/jiechen/Google Drive/Eclipse-Luna/Neo4j
    sun.jnu.encoding = UTF-8
    sun.management.compiler = HotSpot 64-Bit Tiered Compilers
    http.nonProxyHosts = local|*.local|169.254/16|*.169.254/16
    user.home = /Users/jiechen
    user.timezone = America/New_York
    file.encoding = UTF-8
    user.name = jiechen
    sun.java.command = neo4j.test_neo4j
    sun.arch.data.model = 64
    user.language = en
    awt.toolkit = sun.lwawt.macosx.LWCToolkit
    file.separator = /
    sun.io.unicode.encoding = UnicodeBig
    sun.cpu.endian = little
    socksNonProxyHosts = local|*.local|169.254/16|*.169.254/16
    ftp.nonProxyHosts = local|*.local|169.254/16|*.169.254/16
    sun.cpu.isalist = 
2015-01-28 22:15:08.451+0000 INFO  [org.neo4j]: Network information:
    Interface en0:
        address: fe80:0:0:0:82e6:50ff:fe07:2046%en0
        address: 150.212.63.132
    Interface lo0:
        address: fe80:0:0:0:0:0:0:1%lo0
        address: 0:0:0:0:0:0:0:1
        address: 127.0.0.1
2015-01-28 22:15:08.455+0000 INFO  [org.neo4j]: --- INITIALIZED diagnostics END ---
2015-01-28 22:15:08.625+0000 INFO  [org.neo4j]: Creating new db @ /Users/jiechen/Google Drive/Eclipse-Luna/neo4j-community-2.2.0-M02/store/neostore
2015-01-28 22:15:08.671+0000 INFO  [org.neo4j]: [/Users/jiechen/Google Drive/Eclipse-Luna/neo4j-community-2.2.0-M02/store/neostore.relationshiptypestore.db.names] brickCount=0 brickSize=0b mappedMem=0b (storeSize=38b)
2015-01-28 22:15:08.672+0000 INFO  [org.neo4j]: [/Users/jiechen/Google Drive/Eclipse-Luna/neo4j-community-2.2.0-M02/store/neostore.relationshiptypestore.db] brickCount=0 brickSize=0b mappedMem=0b (storeSize=0b)
2015-01-28 22:15:08.672+0000 INFO  [org.neo4j]: /Users/jiechen/Google Drive/Eclipse-Luna/neo4j-community-2.2.0-M02/store/neostore.relationshiptypestore.db.names hit=0 miss=0 switches=0 ooe=0
2015-01-28 22:15:08.674+0000 INFO  [org.neo4j]: /Users/jiechen/Google Drive/Eclipse-Luna/neo4j-community-2.2.0-M02/store/neostore.relationshiptypestore.db hit=0 miss=0 switches=0 ooe=0
2015-01-28 22:15:08.676+0000 INFO  [org.neo4j]: [/Users/jiechen/Google Drive/Eclipse-Luna/neo4j-community-2.2.0-M02/store/neostore.labeltokenstore.db.names] brickCount=0 brickSize=0b mappedMem=0b (storeSize=38b)
2015-01-28 22:15:08.677+0000 INFO  [org.neo4j]: [/Users/jiechen/Google Drive/Eclipse-Luna/neo4j-community-2.2.0-M02/store/neostore.labeltokenstore.db] brickCount=0 brickSize=0b mappedMem=0b (storeSize=0b)
2015-01-28 22:15:08.677+0000 INFO  [org.neo4j]: /Users/jiechen/Google Drive/Eclipse-Luna/neo4j-community-2.2.0-M02/store/neostore.labeltokenstore.db.names hit=0 miss=0 switches=0 ooe=0
2015-01-28 22:15:08.678+0000 INFO  [org.neo4j]: /Users/jiechen/Google Drive/Eclipse-Luna/neo4j-community-2.2.0-M02/store/neostore.labeltokenstore.db hit=0 miss=0 switches=0 ooe=0
2015-01-28 22:15:08.682+0000 INFO  [org.neo4j]: [/Users/jiechen/Google Drive/Eclipse-Luna/neo4j-community-2.2.0-M02/store/neostore.relationshiptypestore.db.names] brickCount=0 brickSize=0b mappedMem=0b (storeSize=38b)
2015-01-28 22:15:08.682+0000 INFO  [org.neo4j]: [/Users/jiechen/Google Drive/Eclipse-Luna/neo4j-community-2.2.0-M02/store/neostore.relationshiptypestore.db] brickCount=0 brickSize=0b mappedMem=0b (storeSize=0b)
2015-01-28 22:15:08.683+0000 INFO  [org.neo4j]: [/Users/jiechen/Google Drive/Eclipse-Luna/neo4j-community-2.2.0-M02/store/neostore.labeltokenstore.db.names] brickCount=0 brickSize=0b mappedMem=0b (storeSize=38b)
2015-01-28 22:15:08.683+0000 INFO  [org.neo4j]: [/Users/jiechen/Google Drive/Eclipse-Luna/neo4j-community-2.2.0-M02/store/neostore.labeltokenstore.db] brickCount=0 brickSize=0b mappedMem=0b (storeSize=0b)
2015-01-28 22:15:08.684+0000 INFO  [org.neo4j]: [/Users/jiechen/Google Drive/Eclipse-Luna/neo4j-community-2.2.0-M02/store/neostore.propertystore.db.strings] brickCount=0 brickSize=590336b mappedMem=590348288b (storeSize=128b)
2015-01-28 22:15:08.684+0000 INFO  [org.neo4j]: [/Users/jiechen/Google Drive/Eclipse-Luna/neo4j-community-2.2.0-M02/store/neostore.propertystore.db.index.keys] brickCount=0 brickSize=0b mappedMem=0b (storeSize=38b)
2015-01-28 22:15:08.685+0000 INFO  [org.neo4j]: [/Users/jiechen/Google Drive/Eclipse-Luna/neo4j-community-2.2.0-M02/store/neostore.propertystore.db.index] brickCount=0 brickSize=0b mappedMem=0b (storeSize=0b)
2015-01-28 22:15:08.685+0000 INFO  [org.neo4j]: [/Users/jiechen/Google Drive/Eclipse-Luna/neo4j-community-2.2.0-M02/store/neostore.propertystore.db.arrays] brickCount=0 brickSize=669952b mappedMem=670040064b (storeSize=128b)
2015-01-28 22:15:08.687+0000 INFO  [org.neo4j]: [/Users/jiechen/Google Drive/Eclipse-Luna/neo4j-community-2.2.0-M02/store/neostore.propertystore.db] brickCount=0 brickSize=6952042b mappedMem=695205888b (storeSize=0b)
2015-01-28 22:15:08.689+0000 INFO  [org.neo4j]: [/Users/jiechen/Google Drive/Eclipse-Luna/neo4j-community-2.2.0-M02/store/neostore.relationshipstore.db] brickCount=0 brickSize=8514416b mappedMem=851443712b (storeSize=0b)
2015-01-28 22:15:08.690+0000 INFO  [org.neo4j]: [/Users/jiechen/Google Drive/Eclipse-Luna/neo4j-community-2.2.0-M02/store/neostore.nodestore.db.labels] brickCount=0 brickSize=0b mappedMem=0b (storeSize=68b)
2015-01-28 22:15:08.691+0000 INFO  [org.neo4j]: [/Users/jiechen/Google Drive/Eclipse-Luna/neo4j-community-2.2.0-M02/store/neostore.nodestore.db] brickCount=0 brickSize=1929375b mappedMem=192937984b (storeSize=0b)
2015-01-28 22:15:08.692+0000 INFO  [org.neo4j]: [/Users/jiechen/Google Drive/Eclipse-Luna/neo4j-community-2.2.0-M02/store/neostore.schemastore.db] brickCount=0 brickSize=0b mappedMem=0b (storeSize=64b)
2015-01-28 22:15:08.694+0000 INFO  [org.neo4j]: [/Users/jiechen/Google Drive/Eclipse-Luna/neo4j-community-2.2.0-M02/store/neostore.relationshipgroupstore.db] brickCount=0 brickSize=0b mappedMem=0b (storeSize=25b)
2015-01-28 22:15:08.694+0000 INFO  [org.neo4j]: [/Users/jiechen/Google Drive/Eclipse-Luna/neo4j-community-2.2.0-M02/store/neostore] brickCount=0 brickSize=0b mappedMem=0b (storeSize=0b)
2015-01-28 22:15:08.698+0000 INFO  [org.neo4j]: /Users/jiechen/Google Drive/Eclipse-Luna/neo4j-community-2.2.0-M02/store/neostore.relationshiptypestore.db.names hit=0 miss=0 switches=0 ooe=0
2015-01-28 22:15:08.699+0000 INFO  [org.neo4j]: /Users/jiechen/Google Drive/Eclipse-Luna/neo4j-community-2.2.0-M02/store/neostore.relationshiptypestore.db hit=0 miss=0 switches=0 ooe=0
2015-01-28 22:15:08.699+0000 INFO  [org.neo4j]: /Users/jiechen/Google Drive/Eclipse-Luna/neo4j-community-2.2.0-M02/store/neostore.labeltokenstore.db.names hit=0 miss=0 switches=0 ooe=0
2015-01-28 22:15:08.700+0000 INFO  [org.neo4j]: /Users/jiechen/Google Drive/Eclipse-Luna/neo4j-community-2.2.0-M02/store/neostore.labeltokenstore.db hit=0 miss=0 switches=0 ooe=0
2015-01-28 22:15:08.701+0000 INFO  [org.neo4j]: /Users/jiechen/Google Drive/Eclipse-Luna/neo4j-community-2.2.0-M02/store/neostore.propertystore.db.strings hit=0 miss=0 switches=0 ooe=0
2015-01-28 22:15:08.702+0000 INFO  [org.neo4j]: /Users/jiechen/Google Drive/Eclipse-Luna/neo4j-community-2.2.0-M02/store/neostore.propertystore.db.index.keys hit=0 miss=0 switches=0 ooe=0
2015-01-28 22:15:08.702+0000 INFO  [org.neo4j]: /Users/jiechen/Google Drive/Eclipse-Luna/neo4j-community-2.2.0-M02/store/neostore.propertystore.db.index hit=0 miss=0 switches=0 ooe=0
2015-01-28 22:15:08.703+0000 INFO  [org.neo4j]: /Users/jiechen/Google Drive/Eclipse-Luna/neo4j-community-2.2.0-M02/store/neostore.propertystore.db.arrays hit=0 miss=0 switches=0 ooe=0
2015-01-28 22:15:08.704+0000 INFO  [org.neo4j]: /Users/jiechen/Google Drive/Eclipse-Luna/neo4j-community-2.2.0-M02/store/neostore.propertystore.db hit=0 miss=0 switches=0 ooe=0
2015-01-28 22:15:08.705+0000 INFO  [org.neo4j]: /Users/jiechen/Google Drive/Eclipse-Luna/neo4j-community-2.2.0-M02/store/neostore.relationshipstore.db hit=0 miss=0 switches=0 ooe=0
2015-01-28 22:15:08.706+0000 INFO  [org.neo4j]: /Users/jiechen/Google Drive/Eclipse-Luna/neo4j-community-2.2.0-M02/store/neostore.nodestore.db.labels hit=0 miss=0 switches=0 ooe=0
2015-01-28 22:15:08.707+0000 INFO  [org.neo4j]: /Users/jiechen/Google Drive/Eclipse-Luna/neo4j-community-2.2.0-M02/store/neostore.nodestore.db hit=0 miss=0 switches=0 ooe=0
2015-01-28 22:15:08.707+0000 INFO  [org.neo4j]: /Users/jiechen/Google Drive/Eclipse-Luna/neo4j-community-2.2.0-M02/store/neostore.schemastore.db hit=0 miss=0 switches=0 ooe=0
2015-01-28 22:15:08.708+0000 INFO  [org.neo4j]: /Users/jiechen/Google Drive/Eclipse-Luna/neo4j-community-2.2.0-M02/store/neostore.relationshipgroupstore.db hit=0 miss=0 switches=0 ooe=0
2015-01-28 22:15:08.709+0000 INFO  [org.neo4j]: /Users/jiechen/Google Drive/Eclipse-Luna/neo4j-community-2.2.0-M02/store/neostore hit=0 miss=10 switches=0 ooe=0
2015-01-28 22:15:08.719+0000 INFO  [org.neo4j]: [/Users/jiechen/Google Drive/Eclipse-Luna/neo4j-community-2.2.0-M02/store/neostore.relationshiptypestore.db.names] brickCount=0 brickSize=0b mappedMem=0b (storeSize=38b)
2015-01-28 22:15:08.720+0000 INFO  [org.neo4j]: [/Users/jiechen/Google Drive/Eclipse-Luna/neo4j-community-2.2.0-M02/store/neostore.relationshiptypestore.db] brickCount=0 brickSize=0b mappedMem=0b (storeSize=0b)
2015-01-28 22:15:08.720+0000 INFO  [org.neo4j]: [/Users/jiechen/Google Drive/Eclipse-Luna/neo4j-community-2.2.0-M02/store/neostore.labeltokenstore.db.names] brickCount=0 brickSize=0b mappedMem=0b (storeSize=38b)
2015-01-28 22:15:08.721+0000 INFO  [org.neo4j]: [/Users/jiechen/Google Drive/Eclipse-Luna/neo4j-community-2.2.0-M02/store/neostore.labeltokenstore.db] brickCount=0 brickSize=0b mappedMem=0b (storeSize=0b)
2015-01-28 22:15:08.721+0000 INFO  [org.neo4j]: [/Users/jiechen/Google Drive/Eclipse-Luna/neo4j-community-2.2.0-M02/store/neostore.propertystore.db.strings] brickCount=0 brickSize=590336b mappedMem=590348288b (storeSize=128b)
2015-01-28 22:15:08.721+0000 INFO  [org.neo4j]: [/Users/jiechen/Google Drive/Eclipse-Luna/neo4j-community-2.2.0-M02/store/neostore.propertystore.db.index.keys] brickCount=0 brickSize=0b mappedMem=0b (storeSize=38b)
2015-01-28 22:15:08.722+0000 INFO  [org.neo4j]: [/Users/jiechen/Google Drive/Eclipse-Luna/neo4j-community-2.2.0-M02/store/neostore.propertystore.db.index] brickCount=0 brickSize=0b mappedMem=0b (storeSize=0b)
2015-01-28 22:15:08.722+0000 INFO  [org.neo4j]: [/Users/jiechen/Google Drive/Eclipse-Luna/neo4j-community-2.2.0-M02/store/neostore.propertystore.db.arrays] brickCount=0 brickSize=669952b mappedMem=670040064b (storeSize=128b)
2015-01-28 22:15:08.722+0000 INFO  [org.neo4j]: [/Users/jiechen/Google Drive/Eclipse-Luna/neo4j-community-2.2.0-M02/store/neostore.propertystore.db] brickCount=0 brickSize=6952042b mappedMem=695205888b (storeSize=0b)
2015-01-28 22:15:08.723+0000 INFO  [org.neo4j]: [/Users/jiechen/Google Drive/Eclipse-Luna/neo4j-community-2.2.0-M02/store/neostore.relationshipstore.db] brickCount=0 brickSize=8514416b mappedMem=851443712b (storeSize=0b)
2015-01-28 22:15:08.723+0000 INFO  [org.neo4j]: [/Users/jiechen/Google Drive/Eclipse-Luna/neo4j-community-2.2.0-M02/store/neostore.nodestore.db.labels] brickCount=0 brickSize=0b mappedMem=0b (storeSize=68b)
2015-01-28 22:15:08.724+0000 INFO  [org.neo4j]: [/Users/jiechen/Google Drive/Eclipse-Luna/neo4j-community-2.2.0-M02/store/neostore.nodestore.db] brickCount=0 brickSize=1929375b mappedMem=192937984b (storeSize=0b)
2015-01-28 22:15:08.724+0000 INFO  [org.neo4j]: [/Users/jiechen/Google Drive/Eclipse-Luna/neo4j-community-2.2.0-M02/store/neostore.schemastore.db] brickCount=0 brickSize=0b mappedMem=0b (storeSize=64b)
2015-01-28 22:15:08.724+0000 INFO  [org.neo4j]: [/Users/jiechen/Google Drive/Eclipse-Luna/neo4j-community-2.2.0-M02/store/neostore.relationshipgroupstore.db] brickCount=0 brickSize=0b mappedMem=0b (storeSize=25b)
2015-01-28 22:15:08.725+0000 INFO  [org.neo4j]: [/Users/jiechen/Google Drive/Eclipse-Luna/neo4j-community-2.2.0-M02/store/neostore] brickCount=0 brickSize=0b mappedMem=0b (storeSize=81b)
2015-01-28 22:15:08.813+0000 INFO  [org.neo4j]: No lucene scan store index found, this might just be first use. Preparing to rebuild.
2015-01-28 22:15:08.849+0000 INFO  [org.neo4j]: No lucene scan store index found, this might just be first use. Preparing to rebuild.
2015-01-28 22:15:08.925+0000 INFO  [org.neo4j]: Opened logical log [/Users/jiechen/Google Drive/Eclipse-Luna/neo4j-community-2.2.0-M02/store/nioneo_logical.log.1] version=0, lastTxId=1 (clean)
2015-01-28 22:15:08.937+0000 INFO  [org.neo4j]: Rebuilding lucene scan store, this may take a while
2015-01-28 22:15:08.938+0000 INFO  [org.neo4j]: Lucene scan store rebuilt (roughly -1 nodes)
2015-01-28 22:15:08.942+0000 INFO  [org.neo4j]: TM new log: tm_tx_log.1
2015-01-28 22:15:08.948+0000 INFO  [org.neo4j]: Kernel health set to OK
2015-01-28 22:15:08.959+0000 INFO  [org.neo4j]: Opened logical log [/Users/jiechen/Google Drive/Eclipse-Luna/neo4j-community-2.2.0-M02/store/index/lucene.log.1] version=0, lastTxId=1 (clean)
2015-01-28 22:15:08.968+0000 INFO  [org.neo4j]: --- STARTED diagnostics for KernelDiagnostics:Versions START ---
2015-01-28 22:15:08.969+0000 INFO  [org.neo4j]: Graph Database: org.neo4j.kernel.EmbeddedGraphDatabase StoreId{creationTime=1422483308638, randomId=408142667519002972, storeVersion=14406081294923270, upgradeTime=1422483308638, upgradeId=408142667519002972}
2015-01-28 22:15:08.969+0000 INFO  [org.neo4j]: Kernel version: Neo4j - Graph Database Kernel (neo4j-kernel), version: 2.1.6
2015-01-28 22:15:08.969+0000 INFO  [org.neo4j]: Neo4j component versions:
2015-01-28 22:15:08.973+0000 INFO  [org.neo4j]:   Neo4j - Cypher Compiler 1.9 (neo4j-cypher-compiler-1.9), version: 2.0.3; revision: 2.0.3:2.0-maint:72/307c563c11b75fdc71cfa6df05daf9b08d6c37dc
2015-01-28 22:15:08.973+0000 INFO  [org.neo4j]:   Neo4j - Cypher Commons (neo4j-cypher-commons), version: 2.1.6; revision: 2.1.6:2.1-maint:605/0d7f25fc608f15c54ec1a01f4ba4564ebfb1071a
2015-01-28 22:15:08.974+0000 INFO  [org.neo4j]:   Neo4j Server API (server-api), version: 2.1.6; revision: 2.1.6:2.1-maint:605/0d7f25fc608f15c54ec1a01f4ba4564ebfb1071a
2015-01-28 22:15:08.974+0000 INFO  [org.neo4j]:   Neo4j - Graph Database Kernel (neo4j-kernel), version: 2.1.6; revision: 2.1.6:2.1-maint:605/0d7f25fc608f15c54ec1a01f4ba4564ebfb1071a
2015-01-28 22:15:08.974+0000 INFO  [org.neo4j]:   Neo4j - Cypher Compiler 2.1 (neo4j-cypher-compiler-2.1), version: 2.1.6; revision: 2.1.6:2.1-maint:605/0d7f25fc608f15c54ec1a01f4ba4564ebfb1071a
2015-01-28 22:15:08.974+0000 INFO  [org.neo4j]:   Neo4j - Generic shell (neo4j-shell), version: 2.1.6; revision: 2.1.6:2.1-maint:605/0d7f25fc608f15c54ec1a01f4ba4564ebfb1071a
2015-01-28 22:15:08.974+0000 INFO  [org.neo4j]:   neo4j-udc, version: 2.1.6; revision: 2.1.6:2.1-maint:605/0d7f25fc608f15c54ec1a01f4ba4564ebfb1071a
2015-01-28 22:15:08.974+0000 INFO  [org.neo4j]:   Neo4j - Lucene Index (neo4j-lucene-index), version: 2.1.6; revision: 2.1.6:2.1-maint:605/0d7f25fc608f15c54ec1a01f4ba4564ebfb1071a
2015-01-28 22:15:08.974+0000 INFO  [org.neo4j]:   Neo4j - Cypher Compiler 2.0 (neo4j-cypher-compiler-2.0), version: 2.0.3; revision: 2.0.3:2.0-maint:72/307c563c11b75fdc71cfa6df05daf9b08d6c37dc
2015-01-28 22:15:08.974+0000 INFO  [org.neo4j]:   Neo4j - Graph Matching (neo4j-graph-matching), version: 2.1.6; revision: 2.1.6:2.1-maint:605/0d7f25fc608f15c54ec1a01f4ba4564ebfb1071a
2015-01-28 22:15:08.974+0000 INFO  [org.neo4j]:   Neo4j - JMX support (neo4j-jmx), version: 2.1.6; revision: 2.1.6:2.1-maint:605/0d7f25fc608f15c54ec1a01f4ba4564ebfb1071a
2015-01-28 22:15:08.974+0000 INFO  [org.neo4j]:   Neo4j - Cypher (neo4j-cypher), version: 2.1.6; revision: 2.1.6:2.1-maint:605/0d7f25fc608f15c54ec1a01f4ba4564ebfb1071a
2015-01-28 22:15:08.974+0000 INFO  [org.neo4j]:   Neo4j - Graph Algorithms (neo4j-graph-algo), version: 2.1.6; revision: 2.1.6:2.1-maint:605/0d7f25fc608f15c54ec1a01f4ba4564ebfb1071a
2015-01-28 22:15:08.974+0000 INFO  [org.neo4j]: --- STARTED diagnostics for KernelDiagnostics:Versions END ---
2015-01-28 22:15:08.977+0000 INFO  [org.neo4j]: --- STARTED diagnostics for NEO_STORE_VERSIONS START ---
2015-01-28 22:15:08.978+0000 INFO  [org.neo4j]: Store versions:
    Store versions:
      NeoStore v0.A.3
      SchemaStore v0.A.3
      NodeStore v0.A.3
      RelationshipStore v0.A.3
      RelationshipTypeStore v0.A.3
      LabelTokenStore v0.A.3
      PropertyStore v0.A.3
      PropertyIndexStore v0.A.3
      StringPropertyStore v0.A.3
      ArrayPropertyStore v0.A.3
      RelationshipGroupStore v0.A.3
2015-01-28 22:15:08.978+0000 INFO  [org.neo4j]: --- STARTED diagnostics for NEO_STORE_VERSIONS END ---
2015-01-28 22:15:08.979+0000 INFO  [org.neo4j]: --- STARTED diagnostics for NEO_STORE_ID_USAGE START ---
2015-01-28 22:15:08.979+0000 INFO  [org.neo4j]: Id usage:
    Id usage:
      SchemaStore: used=1 high=0
      NodeStore: used=0 high=-1
      RelationshipStore: used=0 high=-1
      RelationshipTypeStore: used=0 high=-1
      LabelTokenStore: used=0 high=-1
      PropertyStore: used=0 high=-1
      PropertyIndexStore: used=0 high=-1
      StringPropertyStore: used=1 high=0
      ArrayPropertyStore: used=1 high=0
      RelationshipGroupStore: used=1 high=0
2015-01-28 22:15:08.980+0000 INFO  [org.neo4j]: --- STARTED diagnostics for NEO_STORE_ID_USAGE END ---
2015-01-28 22:15:08.980+0000 INFO  [org.neo4j]: --- STARTED diagnostics for PERSISTENCE_WINDOW_POOL_STATS START ---
2015-01-28 22:15:08.980+0000 INFO  [org.neo4j]: --- STARTED diagnostics for PERSISTENCE_WINDOW_POOL_STATS END ---
2015-01-28 22:15:08.980+0000 INFO  [org.neo4j]: --- STARTED diagnostics for KernelDiagnostics:StoreFiles START ---
2015-01-28 22:15:08.981+0000 INFO  [org.neo4j]: Disk space on partition (Total / Free / Free %): 120473067520 / 55101739008 / 45
Storage files: (filename : modification date - size)
      active_tx_log: 2015-01-28T17:15:08-0500 - 11.00 B
      index:
        lucene-store.db: 2015-01-28T17:15:08-0500 - 40.00 B
        lucene.log.1: 2015-01-28T17:15:08-0500 - 16.00 B
        lucene.log.active: 2015-01-28T17:15:08-0500 - 4.00 B
      - Total: 2015-01-28T17:15:08-0500 - 60.00 B
      lock: 2015-01-28T17:15:08-0500 - 0.00 B
      messages.log: 2015-01-28T17:15:08-0500 - 25.60 kB
      neostore: 2015-01-28T17:15:08-0500 - 81.00 B
      neostore.id: 2015-01-28T17:15:08-0500 - 9.00 B
      neostore.labeltokenstore.db: 2015-01-28T17:15:08-0500 - 0.00 B
      neostore.labeltokenstore.db.id: 2015-01-28T17:15:08-0500 - 9.00 B
      neostore.labeltokenstore.db.names: 2015-01-28T17:15:08-0500 - 38.00 B
      neostore.labeltokenstore.db.names.id: 2015-01-28T17:15:08-0500 - 9.00 B
      neostore.nodestore.db: 2015-01-28T17:15:08-0500 - 0.00 B
      neostore.nodestore.db.id: 2015-01-28T17:15:08-0500 - 9.00 B
      neostore.nodestore.db.labels: 2015-01-28T17:15:08-0500 - 68.00 B
      neostore.nodestore.db.labels.id: 2015-01-28T17:15:08-0500 - 9.00 B
      neostore.propertystore.db: 2015-01-28T17:15:08-0500 - 0.00 B
      neostore.propertystore.db.arrays: 2015-01-28T17:15:08-0500 - 128.00 B
      neostore.propertystore.db.arrays.id: 2015-01-28T17:15:08-0500 - 9.00 B
      neostore.propertystore.db.id: 2015-01-28T17:15:08-0500 - 9.00 B
      neostore.propertystore.db.index: 2015-01-28T17:15:08-0500 - 0.00 B
      neostore.propertystore.db.index.id: 2015-01-28T17:15:08-0500 - 9.00 B
      neostore.propertystore.db.index.keys: 2015-01-28T17:15:08-0500 - 38.00 B
      neostore.propertystore.db.index.keys.id: 2015-01-28T17:15:08-0500 - 9.00 B
      neostore.propertystore.db.strings: 2015-01-28T17:15:08-0500 - 128.00 B
      neostore.propertystore.db.strings.id: 2015-01-28T17:15:08-0500 - 9.00 B
      neostore.relationshipgroupstore.db: 2015-01-28T17:15:08-0500 - 25.00 B
      neostore.relationshipgroupstore.db.id: 2015-01-28T17:15:08-0500 - 9.00 B
      neostore.relationshipstore.db: 2015-01-28T17:15:08-0500 - 0.00 B
      neostore.relationshipstore.db.id: 2015-01-28T17:15:08-0500 - 9.00 B
      neostore.relationshiptypestore.db: 2015-01-28T17:15:08-0500 - 0.00 B
      neostore.relationshiptypestore.db.id: 2015-01-28T17:15:08-0500 - 9.00 B
      neostore.relationshiptypestore.db.names: 2015-01-28T17:15:08-0500 - 38.00 B
      neostore.relationshiptypestore.db.names.id: 2015-01-28T17:15:08-0500 - 9.00 B
      neostore.schemastore.db: 2015-01-28T17:15:08-0500 - 64.00 B
      neostore.schemastore.db.id: 2015-01-28T17:15:08-0500 - 9.00 B
      nioneo_logical.log.1: 2015-01-28T17:15:08-0500 - 16.00 B
      nioneo_logical.log.active: 2015-01-28T17:15:08-0500 - 4.00 B
      schema:
        label:
          lucene:
            write.lock: 2015-01-28T17:15:08-0500 - 0.00 B
          - Total: 2015-01-28T17:15:08-0500 - 0.00 B
        - Total: 2015-01-28T17:15:08-0500 - 0.00 B
      - Total: 2015-01-28T17:15:08-0500 - 0.00 B
      store_lock: 2015-01-28T17:15:08-0500 - 0.00 B
      tm_tx_log.1: 2015-01-28T17:15:08-0500 - 0.00 B
2015-01-28 22:15:08.990+0000 INFO  [org.neo4j]: --- STARTED diagnostics for KernelDiagnostics:StoreFiles END ---
2015-01-28 22:15:09.049+0000 INFO  [org.neo4j]: Database is now ready
2015-01-28 22:15:09.129+0000 INFO  [org.neo4j]: Shutdown started
2015-01-28 22:15:09.129+0000 INFO  [org.neo4j]: Database is now unavailable
2015-01-28 22:15:09.132+0000 INFO  [org.neo4j]: Closed log /Users/jiechen/Google Drive/Eclipse-Luna/neo4j-community-2.2.0-M02/store/index/lucene.log
2015-01-28 22:15:09.132+0000 INFO  [org.neo4j]: TM shutting down
2015-01-28 22:15:09.137+0000 INFO  [org.neo4j]: Closed log /Users/jiechen/Google Drive/Eclipse-Luna/neo4j-community-2.2.0-M02/store/nioneo_logical.log
2015-01-28 22:15:09.137+0000 INFO  [org.neo4j]: /Users/jiechen/Google Drive/Eclipse-Luna/neo4j-community-2.2.0-M02/store/neostore.relationshiptypestore.db.names hit=0 miss=1 switches=0 ooe=0
2015-01-28 22:15:09.138+0000 INFO  [org.neo4j]: /Users/jiechen/Google Drive/Eclipse-Luna/neo4j-community-2.2.0-M02/store/neostore.relationshiptypestore.db hit=0 miss=1 switches=0 ooe=0
2015-01-28 22:15:09.139+0000 INFO  [org.neo4j]: /Users/jiechen/Google Drive/Eclipse-Luna/neo4j-community-2.2.0-M02/store/neostore.labeltokenstore.db.names hit=0 miss=0 switches=0 ooe=0
2015-01-28 22:15:09.139+0000 INFO  [org.neo4j]: /Users/jiechen/Google Drive/Eclipse-Luna/neo4j-community-2.2.0-M02/store/neostore.labeltokenstore.db hit=0 miss=0 switches=0 ooe=0
2015-01-28 22:15:09.140+0000 INFO  [org.neo4j]: /Users/jiechen/Google Drive/Eclipse-Luna/neo4j-community-2.2.0-M02/store/neostore.propertystore.db.strings hit=0 miss=0 switches=0 ooe=0
2015-01-28 22:15:09.141+0000 INFO  [org.neo4j]: /Users/jiechen/Google Drive/Eclipse-Luna/neo4j-community-2.2.0-M02/store/neostore.propertystore.db.index.keys hit=0 miss=2 switches=0 ooe=0
2015-01-28 22:15:09.141+0000 INFO  [org.neo4j]: /Users/jiechen/Google Drive/Eclipse-Luna/neo4j-community-2.2.0-M02/store/neostore.propertystore.db.index hit=0 miss=2 switches=0 ooe=0
2015-01-28 22:15:09.142+0000 INFO  [org.neo4j]: /Users/jiechen/Google Drive/Eclipse-Luna/neo4j-community-2.2.0-M02/store/neostore.propertystore.db.arrays hit=0 miss=0 switches=0 ooe=0
2015-01-28 22:15:09.143+0000 INFO  [org.neo4j]: /Users/jiechen/Google Drive/Eclipse-Luna/neo4j-community-2.2.0-M02/store/neostore.propertystore.db hit=9 miss=0 switches=0 ooe=0
2015-01-28 22:15:09.143+0000 INFO  [org.neo4j]: /Users/jiechen/Google Drive/Eclipse-Luna/neo4j-community-2.2.0-M02/store/neostore.relationshipstore.db hit=3 miss=0 switches=0 ooe=0
2015-01-28 22:15:09.144+0000 INFO  [org.neo4j]: /Users/jiechen/Google Drive/Eclipse-Luna/neo4j-community-2.2.0-M02/store/neostore.nodestore.db.labels hit=0 miss=0 switches=0 ooe=0
2015-01-28 22:15:09.145+0000 INFO  [org.neo4j]: /Users/jiechen/Google Drive/Eclipse-Luna/neo4j-community-2.2.0-M02/store/neostore.nodestore.db hit=8 miss=0 switches=0 ooe=0
2015-01-28 22:15:09.145+0000 INFO  [org.neo4j]: /Users/jiechen/Google Drive/Eclipse-Luna/neo4j-community-2.2.0-M02/store/neostore.schemastore.db hit=0 miss=0 switches=0 ooe=0
2015-01-28 22:15:09.146+0000 INFO  [org.neo4j]: /Users/jiechen/Google Drive/Eclipse-Luna/neo4j-community-2.2.0-M02/store/neostore.relationshipgroupstore.db hit=0 miss=0 switches=0 ooe=0
2015-01-28 22:15:09.147+0000 INFO  [org.neo4j]: /Users/jiechen/Google Drive/Eclipse-Luna/neo4j-community-2.2.0-M02/store/neostore hit=0 miss=26 switches=0 ooe=0
2015-01-28 22:15:09.147+0000 INFO  [org.neo4j]: NeoStore closed
2015-01-28 22:15:09.148+0000 INFO  [org.neo4j]: --- STOPPING diagnostics START ---
2015-01-28 22:15:09.148+0000 INFO  [org.neo4j]: --- STOPPING diagnostics END ---
